nohup: ignoring input
Nov 19, 2024 12:04:48 AM sun.util.locale.provider.LocaleProviderAdapter <clinit>
WARNING: COMPAT locale provider will be removed in a future release
[2024-11-19T00:04:49,317][INFO ][o.e.n.NativeAccess       ] [Retrieval] Using native vector library; to disable start with -Dorg.elasticsearch.nativeaccess.enableVectorLibrary=false
[2024-11-19T00:04:49,545][INFO ][o.e.n.NativeAccess       ] [Retrieval] Using [jdk] native provider and native methods for [Linux]
[2024-11-19T00:04:49,961][INFO ][o.a.l.i.v.PanamaVectorizationProvider] [Retrieval] Java vector incubator API enabled; uses preferredBitSize=256; FMA enabled
[2024-11-19T00:04:51,044][INFO ][o.e.n.Node               ] [Retrieval] version[8.15.2], pid[314350], build[tar/98adf7bf6bb69b66ab95b761c9e5aadb0bb059a3/2024-09-19T10:06:03.564235954Z], OS[Linux/6.8.0-1017-azure/amd64], JVM[Oracle Corporation/OpenJDK 64-Bit Server VM/22.0.1/22.0.1+8-16]
[2024-11-19T00:04:51,046][INFO ][o.e.n.Node               ] [Retrieval] JVM home [/home/ubuntu/graphrag/elasticsearch-8.15.2/jdk], using bundled JDK [true]
[2024-11-19T00:04:51,046][INFO ][o.e.n.Node               ] [Retrieval] JVM arguments [-Des.networkaddress.cache.ttl=60, -Des.networkaddress.cache.negative.ttl=10, -Djava.security.manager=allow, -XX:+AlwaysPreTouch, -Xss1m, -Djava.awt.headless=true, -Dfile.encoding=UTF-8, -Djna.nosys=true, -XX:-OmitStackTraceInFastThrow, -Dio.netty.noUnsafe=true, -Dio.netty.noKeySetOptimization=true, -Dio.netty.recycler.maxCapacityPerThread=0, -Dlog4j.shutdownHookEnabled=false, -Dlog4j2.disable.jmx=true, -Dlog4j2.formatMsgNoLookups=true, -Djava.locale.providers=SPI,COMPAT, --add-opens=java.base/java.io=org.elasticsearch.preallocate, --enable-native-access=org.elasticsearch.nativeaccess,org.apache.lucene.core, -XX:ReplayDataFile=logs/replay_pid%p.log, -Djava.library.path=/home/ubuntu/graphrag/elasticsearch-8.15.2/lib/platform/linux-x64:/usr/java/packages/lib:/usr/lib64:/lib64:/lib:/usr/lib, -Djna.library.path=/home/ubuntu/graphrag/elasticsearch-8.15.2/lib/platform/linux-x64:/usr/java/packages/lib:/usr/lib64:/lib64:/lib:/usr/lib, -Des.distribution.type=tar, -XX:+UnlockDiagnosticVMOptions, -XX:G1NumCollectionsKeepPinned=10000000, -XX:+UseG1GC, -Djava.io.tmpdir=/tmp/elasticsearch-10790085379721625479, --add-modules=jdk.incubator.vector, -XX:+HeapDumpOnOutOfMemoryError, -XX:+ExitOnOutOfMemoryError, -XX:HeapDumpPath=data, -XX:ErrorFile=logs/hs_err_pid%p.log, -Xlog:gc*,gc+age=trace,safepoint:file=logs/gc.log:utctime,level,pid,tags:filecount=32,filesize=64m, -Xms16020m, -Xmx16020m, -XX:MaxDirectMemorySize=8401190912, -XX:InitiatingHeapOccupancyPercent=30, -XX:G1ReservePercent=25, --module-path=/home/ubuntu/graphrag/elasticsearch-8.15.2/lib, --add-modules=jdk.net, --add-modules=ALL-MODULE-PATH, -Djdk.module.main=org.elasticsearch.server]
[2024-11-19T00:04:51,047][INFO ][o.e.n.Node               ] [Retrieval] Default Locale [en]
[2024-11-19T00:04:55,426][INFO ][o.e.p.PluginsService     ] [Retrieval] loaded module [repository-url]
[2024-11-19T00:04:55,426][INFO ][o.e.p.PluginsService     ] [Retrieval] loaded module [rest-root]
[2024-11-19T00:04:55,427][INFO ][o.e.p.PluginsService     ] [Retrieval] loaded module [x-pack-core]
[2024-11-19T00:04:55,427][INFO ][o.e.p.PluginsService     ] [Retrieval] loaded module [x-pack-redact]
[2024-11-19T00:04:55,427][INFO ][o.e.p.PluginsService     ] [Retrieval] loaded module [ingest-user-agent]
[2024-11-19T00:04:55,428][INFO ][o.e.p.PluginsService     ] [Retrieval] loaded module [x-pack-async-search]
[2024-11-19T00:04:55,428][INFO ][o.e.p.PluginsService     ] [Retrieval] loaded module [x-pack-monitoring]
[2024-11-19T00:04:55,428][INFO ][o.e.p.PluginsService     ] [Retrieval] loaded module [repository-s3]
[2024-11-19T00:04:55,429][INFO ][o.e.p.PluginsService     ] [Retrieval] loaded module [x-pack-esql-core]
[2024-11-19T00:04:55,429][INFO ][o.e.p.PluginsService     ] [Retrieval] loaded module [x-pack-analytics]
[2024-11-19T00:04:55,430][INFO ][o.e.p.PluginsService     ] [Retrieval] loaded module [x-pack-ent-search]
[2024-11-19T00:04:55,430][INFO ][o.e.p.PluginsService     ] [Retrieval] loaded module [x-pack-autoscaling]
[2024-11-19T00:04:55,430][INFO ][o.e.p.PluginsService     ] [Retrieval] loaded module [lang-painless]
[2024-11-19T00:04:55,431][INFO ][o.e.p.PluginsService     ] [Retrieval] loaded module [x-pack-ml]
[2024-11-19T00:04:55,431][INFO ][o.e.p.PluginsService     ] [Retrieval] loaded module [lang-mustache]
[2024-11-19T00:04:55,431][INFO ][o.e.p.PluginsService     ] [Retrieval] loaded module [legacy-geo]
[2024-11-19T00:04:55,432][INFO ][o.e.p.PluginsService     ] [Retrieval] loaded module [x-pack-ql]
[2024-11-19T00:04:55,432][INFO ][o.e.p.PluginsService     ] [Retrieval] loaded module [rank-rrf]
[2024-11-19T00:04:55,432][INFO ][o.e.p.PluginsService     ] [Retrieval] loaded module [analysis-common]
[2024-11-19T00:04:55,433][INFO ][o.e.p.PluginsService     ] [Retrieval] loaded module [health-shards-availability]
[2024-11-19T00:04:55,433][INFO ][o.e.p.PluginsService     ] [Retrieval] loaded module [transport-netty4]
[2024-11-19T00:04:55,433][INFO ][o.e.p.PluginsService     ] [Retrieval] loaded module [aggregations]
[2024-11-19T00:04:55,433][INFO ][o.e.p.PluginsService     ] [Retrieval] loaded module [ingest-common]
[2024-11-19T00:04:55,434][INFO ][o.e.p.PluginsService     ] [Retrieval] loaded module [x-pack-identity-provider]
[2024-11-19T00:04:55,434][INFO ][o.e.p.PluginsService     ] [Retrieval] loaded module [frozen-indices]
[2024-11-19T00:04:55,434][INFO ][o.e.p.PluginsService     ] [Retrieval] loaded module [x-pack-shutdown]
[2024-11-19T00:04:55,435][INFO ][o.e.p.PluginsService     ] [Retrieval] loaded module [x-pack-text-structure]
[2024-11-19T00:04:55,435][INFO ][o.e.p.PluginsService     ] [Retrieval] loaded module [snapshot-repo-test-kit]
[2024-11-19T00:04:55,435][INFO ][o.e.p.PluginsService     ] [Retrieval] loaded module [ml-package-loader]
[2024-11-19T00:04:55,435][INFO ][o.e.p.PluginsService     ] [Retrieval] loaded module [kibana]
[2024-11-19T00:04:55,436][INFO ][o.e.p.PluginsService     ] [Retrieval] loaded module [constant-keyword]
[2024-11-19T00:04:55,436][INFO ][o.e.p.PluginsService     ] [Retrieval] loaded module [x-pack-logstash]
[2024-11-19T00:04:55,436][INFO ][o.e.p.PluginsService     ] [Retrieval] loaded module [x-pack-graph]
[2024-11-19T00:04:55,437][INFO ][o.e.p.PluginsService     ] [Retrieval] loaded module [x-pack-ccr]
[2024-11-19T00:04:55,437][INFO ][o.e.p.PluginsService     ] [Retrieval] loaded module [x-pack-esql]
[2024-11-19T00:04:55,437][INFO ][o.e.p.PluginsService     ] [Retrieval] loaded module [parent-join]
[2024-11-19T00:04:55,437][INFO ][o.e.p.PluginsService     ] [Retrieval] loaded module [counted-keyword]
[2024-11-19T00:04:55,437][INFO ][o.e.p.PluginsService     ] [Retrieval] loaded module [x-pack-enrich]
[2024-11-19T00:04:55,438][INFO ][o.e.p.PluginsService     ] [Retrieval] loaded module [repositories-metering-api]
[2024-11-19T00:04:55,438][INFO ][o.e.p.PluginsService     ] [Retrieval] loaded module [transform]
[2024-11-19T00:04:55,438][INFO ][o.e.p.PluginsService     ] [Retrieval] loaded module [repository-azure]
[2024-11-19T00:04:55,438][INFO ][o.e.p.PluginsService     ] [Retrieval] loaded module [repository-gcs]
[2024-11-19T00:04:55,439][INFO ][o.e.p.PluginsService     ] [Retrieval] loaded module [spatial]
[2024-11-19T00:04:55,439][INFO ][o.e.p.PluginsService     ] [Retrieval] loaded module [mapper-version]
[2024-11-19T00:04:55,439][INFO ][o.e.p.PluginsService     ] [Retrieval] loaded module [mapper-extras]
[2024-11-19T00:04:55,439][INFO ][o.e.p.PluginsService     ] [Retrieval] loaded module [apm]
[2024-11-19T00:04:55,439][INFO ][o.e.p.PluginsService     ] [Retrieval] loaded module [x-pack-rollup]
[2024-11-19T00:04:55,440][INFO ][o.e.p.PluginsService     ] [Retrieval] loaded module [percolator]
[2024-11-19T00:04:55,440][INFO ][o.e.p.PluginsService     ] [Retrieval] loaded module [data-streams]
[2024-11-19T00:04:55,440][INFO ][o.e.p.PluginsService     ] [Retrieval] loaded module [x-pack-stack]
[2024-11-19T00:04:55,440][INFO ][o.e.p.PluginsService     ] [Retrieval] loaded module [rank-eval]
[2024-11-19T00:04:55,441][INFO ][o.e.p.PluginsService     ] [Retrieval] loaded module [reindex]
[2024-11-19T00:04:55,441][INFO ][o.e.p.PluginsService     ] [Retrieval] loaded module [x-pack-security]
[2024-11-19T00:04:55,441][INFO ][o.e.p.PluginsService     ] [Retrieval] loaded module [blob-cache]
[2024-11-19T00:04:55,441][INFO ][o.e.p.PluginsService     ] [Retrieval] loaded module [searchable-snapshots]
[2024-11-19T00:04:55,442][INFO ][o.e.p.PluginsService     ] [Retrieval] loaded module [x-pack-slm]
[2024-11-19T00:04:55,442][INFO ][o.e.p.PluginsService     ] [Retrieval] loaded module [x-pack-geoip-enterprise-downloader]
[2024-11-19T00:04:55,443][INFO ][o.e.p.PluginsService     ] [Retrieval] loaded module [snapshot-based-recoveries]
[2024-11-19T00:04:55,443][INFO ][o.e.p.PluginsService     ] [Retrieval] loaded module [x-pack-watcher]
[2024-11-19T00:04:55,443][INFO ][o.e.p.PluginsService     ] [Retrieval] loaded module [old-lucene-versions]
[2024-11-19T00:04:55,443][INFO ][o.e.p.PluginsService     ] [Retrieval] loaded module [x-pack-ilm]
[2024-11-19T00:04:55,443][INFO ][o.e.p.PluginsService     ] [Retrieval] loaded module [x-pack-voting-only-node]
[2024-11-19T00:04:55,444][INFO ][o.e.p.PluginsService     ] [Retrieval] loaded module [x-pack-inference]
[2024-11-19T00:04:55,444][INFO ][o.e.p.PluginsService     ] [Retrieval] loaded module [x-pack-deprecation]
[2024-11-19T00:04:55,444][INFO ][o.e.p.PluginsService     ] [Retrieval] loaded module [x-pack-fleet]
[2024-11-19T00:04:55,444][INFO ][o.e.p.PluginsService     ] [Retrieval] loaded module [x-pack-aggregate-metric]
[2024-11-19T00:04:55,445][INFO ][o.e.p.PluginsService     ] [Retrieval] loaded module [x-pack-downsample]
[2024-11-19T00:04:55,445][INFO ][o.e.p.PluginsService     ] [Retrieval] loaded module [x-pack-profiling]
[2024-11-19T00:04:55,445][INFO ][o.e.p.PluginsService     ] [Retrieval] loaded module [ingest-geoip]
[2024-11-19T00:04:55,445][INFO ][o.e.p.PluginsService     ] [Retrieval] loaded module [x-pack-write-load-forecaster]
[2024-11-19T00:04:55,446][INFO ][o.e.p.PluginsService     ] [Retrieval] loaded module [search-business-rules]
[2024-11-19T00:04:55,446][INFO ][o.e.p.PluginsService     ] [Retrieval] loaded module [ingest-attachment]
[2024-11-19T00:04:55,446][INFO ][o.e.p.PluginsService     ] [Retrieval] loaded module [wildcard]
[2024-11-19T00:04:55,447][INFO ][o.e.p.PluginsService     ] [Retrieval] loaded module [x-pack-apm-data]
[2024-11-19T00:04:55,447][INFO ][o.e.p.PluginsService     ] [Retrieval] loaded module [unsigned-long]
[2024-11-19T00:04:55,447][INFO ][o.e.p.PluginsService     ] [Retrieval] loaded module [x-pack-sql]
[2024-11-19T00:04:55,448][INFO ][o.e.p.PluginsService     ] [Retrieval] loaded module [runtime-fields-common]
[2024-11-19T00:04:55,448][INFO ][o.e.p.PluginsService     ] [Retrieval] loaded module [x-pack-async]
[2024-11-19T00:04:55,448][INFO ][o.e.p.PluginsService     ] [Retrieval] loaded module [vector-tile]
[2024-11-19T00:04:55,448][INFO ][o.e.p.PluginsService     ] [Retrieval] loaded module [lang-expression]
[2024-11-19T00:04:55,449][INFO ][o.e.p.PluginsService     ] [Retrieval] loaded module [x-pack-eql]
[2024-11-19T00:04:56,938][INFO ][o.e.e.NodeEnvironment    ] [Retrieval] using [1] data paths, mounts [[/ (/dev/root)]], net usable_space [836.9mb], net total_space [28gb], types [ext4]
[2024-11-19T00:04:56,939][INFO ][o.e.e.NodeEnvironment    ] [Retrieval] heap size [15.6gb], compressed ordinary object pointers [true]
[2024-11-19T00:04:57,021][INFO ][o.e.n.Node               ] [Retrieval] node name [Retrieval], node ID [TBF4-2Q_QACDur6KT8RasA], cluster name [elasticsearch], roles [data_cold, data, remote_cluster_client, master, data_warm, data_content, transform, data_hot, ml, data_frozen, ingest]
[2024-11-19T00:05:01,964][INFO ][o.e.i.r.RecoverySettings ] [Retrieval] using rate limit [40mb] with [default=40mb, read=0b, write=0b, max=0b]
[2024-11-19T00:05:02,200][INFO ][o.e.f.FeatureService     ] [Retrieval] Registered local node features [data_stream.auto_sharding, data_stream.lifecycle.global_retention, data_stream.rollover.lazy, desired_node.version_deprecated, esql.agg_values, esql.async_query, esql.base64_decode_encode, esql.casting_operator, esql.counter_types, esql.disable_nullable_opts, esql.from_options, esql.metadata_fields, esql.metrics_counter_fields, esql.mv_ordering_sorted_ascending, esql.mv_sort, esql.spatial_points_from_source, esql.spatial_shapes, esql.st_centroid_agg, esql.st_contains_within, esql.st_disjoint, esql.st_intersects, esql.st_x_y, esql.string_literal_auto_casting, esql.string_literal_auto_casting_extended, esql.timespan_abbreviations, features_supported, file_settings, geoip.downloader.database.configuration, health.dsl.info, health.extended_repository_indicator, knn_retriever_supported, license-trial-independent-version, mapper.index_sorting_on_nested, mapper.keyword_dimension_ignore_above, mapper.pass_through_priority, mapper.range.null_values_off_by_one_fix, mapper.source.synthetic_source_fallback, mapper.source.synthetic_source_stored_fields_advance_fix, mapper.track_ignored_source, mapper.vectors.bit_vectors, mapper.vectors.int4_quantization, rest.capabilities_action, retrievers_supported, rrf_retriever_supported, script.hamming, search.vectors.k_param_supported, security.migration_framework, security.roles_metadata_flattened, standard_retriever_supported, stats.include_disk_thresholds, text_similarity_reranker_retriever_supported, unified_highlighter_matched_fields, usage.data_tiers.precalculate_stats]
[2024-11-19T00:05:02,764][INFO ][o.e.x.m.p.l.CppLogMessageHandler] [Retrieval] [controller/314394] [Main.cc@123] controller (64 bit): Version 8.15.2 (Build 7bbb99348893a9) Copyright (c) 2024 Elasticsearch BV
[2024-11-19T00:05:03,093][INFO ][o.e.t.a.APM              ] [Retrieval] Sending apm metrics is disabled
[2024-11-19T00:05:03,093][INFO ][o.e.t.a.APM              ] [Retrieval] Sending apm tracing is disabled
[2024-11-19T00:05:03,138][INFO ][o.e.x.s.Security         ] [Retrieval] Security is disabled
[2024-11-19T00:05:03,434][INFO ][o.e.x.w.Watcher          ] [Retrieval] Watcher initialized components at 2024-11-19T00:05:03.434Z
[2024-11-19T00:05:03,539][INFO ][o.e.x.p.ProfilingPlugin  ] [Retrieval] Profiling is enabled
[2024-11-19T00:05:03,563][INFO ][o.e.x.p.ProfilingPlugin  ] [Retrieval] profiling index templates will not be installed or reinstalled
[2024-11-19T00:05:03,569][INFO ][o.e.x.a.APMPlugin        ] [Retrieval] APM ingest plugin is enabled
[2024-11-19T00:05:03,628][INFO ][o.e.x.a.APMIndexTemplateRegistry] [Retrieval] APM index template registry is enabled
[2024-11-19T00:05:04,305][INFO ][o.e.t.n.NettyAllocator   ] [Retrieval] creating NettyAllocator with the following configs: [name=elasticsearch_configured, chunk_size=1mb, suggested_max_allocation_size=1mb, factors={es.unsafe.use_netty_default_chunk_and_page_size=false, g1gc_enabled=true, g1gc_region_size=8mb}]
[2024-11-19T00:05:04,381][INFO ][o.e.d.DiscoveryModule    ] [Retrieval] using discovery type [multi-node] and seed hosts providers [settings]
[2024-11-19T00:05:06,191][INFO ][o.e.n.Node               ] [Retrieval] initialized
[2024-11-19T00:05:06,194][INFO ][o.e.n.Node               ] [Retrieval] starting ...
[2024-11-19T00:05:06,240][INFO ][o.e.x.s.c.f.PersistentCache] [Retrieval] persistent cache index loaded
[2024-11-19T00:05:06,241][INFO ][o.e.x.d.l.DeprecationIndexingComponent] [Retrieval] deprecation component started
[2024-11-19T00:05:06,359][INFO ][o.e.t.TransportService   ] [Retrieval] publish_address {127.0.0.1:9300}, bound_addresses {[::1]:9300}, {127.0.0.1:9300}
[2024-11-19T00:05:06,780][WARN ][o.e.c.c.ClusterBootstrapService] [Retrieval] this node is locked into cluster UUID [q8R3SB88S9-QH9etld-LJw] but [cluster.initial_master_nodes] is set to [Retrieval]; remove this setting to avoid possible data loss caused by subsequent cluster bootstrap attempts; for further information see https://www.elastic.co/guide/en/elasticsearch/reference/8.15/important-settings.html#initial_master_nodes
[2024-11-19T00:05:06,914][INFO ][o.e.c.s.MasterService    ] [Retrieval] elected-as-master ([1] nodes joined in term 15)[_FINISH_ELECTION_, {Retrieval}{TBF4-2Q_QACDur6KT8RasA}{Hb5864KnQEqm8O3xkE0TNw}{Retrieval}{127.0.0.1}{127.0.0.1:9300}{cdfhilmrstw}{8.15.2}{7000099-8512000} completing election], term: 15, version: 165, delta: master node changed {previous [], current [{Retrieval}{TBF4-2Q_QACDur6KT8RasA}{Hb5864KnQEqm8O3xkE0TNw}{Retrieval}{127.0.0.1}{127.0.0.1:9300}{cdfhilmrstw}{8.15.2}{7000099-8512000}]}
[2024-11-19T00:05:07,028][INFO ][o.e.c.s.ClusterApplierService] [Retrieval] master node changed {previous [], current [{Retrieval}{TBF4-2Q_QACDur6KT8RasA}{Hb5864KnQEqm8O3xkE0TNw}{Retrieval}{127.0.0.1}{127.0.0.1:9300}{cdfhilmrstw}{8.15.2}{7000099-8512000}]}, term: 15, version: 165, reason: Publication{term=15, version=165}
[2024-11-19T00:05:07,089][INFO ][o.e.h.AbstractHttpServerTransport] [Retrieval] publish_address {10.7.0.4:9200}, bound_addresses {[::]:9200}
[2024-11-19T00:05:07,091][INFO ][o.e.c.c.NodeJoinExecutor ] [Retrieval] node-join: [{Retrieval}{TBF4-2Q_QACDur6KT8RasA}{Hb5864KnQEqm8O3xkE0TNw}{Retrieval}{127.0.0.1}{127.0.0.1:9300}{cdfhilmrstw}{8.15.2}{7000099-8512000}] with reason [completing election]
[2024-11-19T00:05:07,112][INFO ][o.e.n.Node               ] [Retrieval] started {Retrieval}{TBF4-2Q_QACDur6KT8RasA}{Hb5864KnQEqm8O3xkE0TNw}{Retrieval}{127.0.0.1}{127.0.0.1:9300}{cdfhilmrstw}{8.15.2}{7000099-8512000}{ml.machine_memory=33598377984, transform.config_version=10.0.0, xpack.installed=true, ml.config_version=12.0.0, ml.max_jvm_size=16802381824, ml.allocated_processors_double=8.0, ml.allocated_processors=8}
[2024-11-19T00:05:07,783][INFO ][o.e.l.ClusterStateLicenseService] [Retrieval] license [9f1ae28d-7138-4511-a9d1-a0ed9621ea3f] mode [basic] - valid
[2024-11-19T00:05:07,788][INFO ][o.e.c.f.AbstractFileWatchingService] [Retrieval] starting file watcher ...
[2024-11-19T00:05:07,794][INFO ][o.e.c.f.AbstractFileWatchingService] [Retrieval] file settings service up and running [tid=83]
[2024-11-19T00:05:07,794][INFO ][o.e.g.GatewayService     ] [Retrieval] recovered [2] indices into cluster_state
[2024-11-19T00:05:07,795][INFO ][o.e.r.s.FileSettingsService] [Retrieval] setting file [/home/ubuntu/graphrag/elasticsearch-8.15.2/config/operator/settings.json] not found, initializing [file_settings] as empty
[2024-11-19T00:05:08,310][INFO ][o.e.h.n.s.HealthNodeTaskExecutor] [Retrieval] Node [{Retrieval}{TBF4-2Q_QACDur6KT8RasA}] is selected as the current health node.
[2024-11-19T00:05:08,365][INFO ][o.e.c.r.a.AllocationService] [Retrieval] current.health="GREEN" message="Cluster health status changed from [RED] to [GREEN] (reason: [shards started [[hotpotqa_9221_bm25][0], [.security-7][0]]])." previous.health="RED" reason="shards started [[hotpotqa_9221_bm25][0], [.security-7][0]]"
[2024-11-19T00:05:37,079][WARN ][o.e.c.r.a.DiskThresholdMonitor] [Retrieval] flood stage disk watermark [95%] exceeded on [TBF4-2Q_QACDur6KT8RasA][Retrieval][/home/ubuntu/graphrag/elasticsearch-8.15.2/data] free: 836.9mb[2.9%], all indices on this node will be marked read-only
[2024-11-19T00:06:07,086][WARN ][o.e.c.r.a.DiskThresholdMonitor] [Retrieval] flood stage disk watermark [95%] exceeded on [TBF4-2Q_QACDur6KT8RasA][Retrieval][/home/ubuntu/graphrag/elasticsearch-8.15.2/data] free: 836.8mb[2.9%], all indices on this node will be marked read-only
[2024-11-19T00:06:37,090][WARN ][o.e.c.r.a.DiskThresholdMonitor] [Retrieval] flood stage disk watermark [95%] exceeded on [TBF4-2Q_QACDur6KT8RasA][Retrieval][/home/ubuntu/graphrag/elasticsearch-8.15.2/data] free: 836.8mb[2.9%], all indices on this node will be marked read-only
[2024-11-19T00:07:07,094][WARN ][o.e.c.r.a.DiskThresholdMonitor] [Retrieval] flood stage disk watermark [95%] exceeded on [TBF4-2Q_QACDur6KT8RasA][Retrieval][/home/ubuntu/graphrag/elasticsearch-8.15.2/data] free: 836.8mb[2.9%], all indices on this node will be marked read-only
[2024-11-19T00:07:37,097][WARN ][o.e.c.r.a.DiskThresholdMonitor] [Retrieval] flood stage disk watermark [95%] exceeded on [TBF4-2Q_QACDur6KT8RasA][Retrieval][/home/ubuntu/graphrag/elasticsearch-8.15.2/data] free: 837.3mb[2.9%], all indices on this node will be marked read-only
[2024-11-19T00:08:07,101][WARN ][o.e.c.r.a.DiskThresholdMonitor] [Retrieval] flood stage disk watermark [95%] exceeded on [TBF4-2Q_QACDur6KT8RasA][Retrieval][/home/ubuntu/graphrag/elasticsearch-8.15.2/data] free: 837.3mb[2.9%], all indices on this node will be marked read-only
[2024-11-19T00:08:37,105][WARN ][o.e.c.r.a.DiskThresholdMonitor] [Retrieval] flood stage disk watermark [95%] exceeded on [TBF4-2Q_QACDur6KT8RasA][Retrieval][/home/ubuntu/graphrag/elasticsearch-8.15.2/data] free: 837.3mb[2.9%], all indices on this node will be marked read-only
[2024-11-19T00:09:07,108][WARN ][o.e.c.r.a.DiskThresholdMonitor] [Retrieval] flood stage disk watermark [95%] exceeded on [TBF4-2Q_QACDur6KT8RasA][Retrieval][/home/ubuntu/graphrag/elasticsearch-8.15.2/data] free: 837.1mb[2.9%], all indices on this node will be marked read-only
[2024-11-19T00:09:37,111][WARN ][o.e.c.r.a.DiskThresholdMonitor] [Retrieval] flood stage disk watermark [95%] exceeded on [TBF4-2Q_QACDur6KT8RasA][Retrieval][/home/ubuntu/graphrag/elasticsearch-8.15.2/data] free: 836.8mb[2.9%], all indices on this node will be marked read-only
[2024-11-19T00:10:07,114][WARN ][o.e.c.r.a.DiskThresholdMonitor] [Retrieval] flood stage disk watermark [95%] exceeded on [TBF4-2Q_QACDur6KT8RasA][Retrieval][/home/ubuntu/graphrag/elasticsearch-8.15.2/data] free: 836.3mb[2.9%], all indices on this node will be marked read-only
[2024-11-19T00:10:37,118][WARN ][o.e.c.r.a.DiskThresholdMonitor] [Retrieval] flood stage disk watermark [95%] exceeded on [TBF4-2Q_QACDur6KT8RasA][Retrieval][/home/ubuntu/graphrag/elasticsearch-8.15.2/data] free: 835.9mb[2.9%], all indices on this node will be marked read-only
[2024-11-19T00:11:07,121][WARN ][o.e.c.r.a.DiskThresholdMonitor] [Retrieval] flood stage disk watermark [95%] exceeded on [TBF4-2Q_QACDur6KT8RasA][Retrieval][/home/ubuntu/graphrag/elasticsearch-8.15.2/data] free: 834.2mb[2.9%], all indices on this node will be marked read-only
[2024-11-19T00:11:37,124][WARN ][o.e.c.r.a.DiskThresholdMonitor] [Retrieval] flood stage disk watermark [95%] exceeded on [TBF4-2Q_QACDur6KT8RasA][Retrieval][/home/ubuntu/graphrag/elasticsearch-8.15.2/data] free: 833.6mb[2.9%], all indices on this node will be marked read-only
[2024-11-19T00:12:07,127][WARN ][o.e.c.r.a.DiskThresholdMonitor] [Retrieval] flood stage disk watermark [95%] exceeded on [TBF4-2Q_QACDur6KT8RasA][Retrieval][/home/ubuntu/graphrag/elasticsearch-8.15.2/data] free: 828.7mb[2.8%], all indices on this node will be marked read-only
[2024-11-19T00:12:37,130][WARN ][o.e.c.r.a.DiskThresholdMonitor] [Retrieval] flood stage disk watermark [95%] exceeded on [TBF4-2Q_QACDur6KT8RasA][Retrieval][/home/ubuntu/graphrag/elasticsearch-8.15.2/data] free: 825.3mb[2.8%], all indices on this node will be marked read-only
[2024-11-19T00:13:07,133][WARN ][o.e.c.r.a.DiskThresholdMonitor] [Retrieval] flood stage disk watermark [95%] exceeded on [TBF4-2Q_QACDur6KT8RasA][Retrieval][/home/ubuntu/graphrag/elasticsearch-8.15.2/data] free: 822.5mb[2.8%], all indices on this node will be marked read-only
[2024-11-19T00:13:37,136][WARN ][o.e.c.r.a.DiskThresholdMonitor] [Retrieval] flood stage disk watermark [95%] exceeded on [TBF4-2Q_QACDur6KT8RasA][Retrieval][/home/ubuntu/graphrag/elasticsearch-8.15.2/data] free: 820.4mb[2.8%], all indices on this node will be marked read-only
[2024-11-19T00:14:07,139][WARN ][o.e.c.r.a.DiskThresholdMonitor] [Retrieval] flood stage disk watermark [95%] exceeded on [TBF4-2Q_QACDur6KT8RasA][Retrieval][/home/ubuntu/graphrag/elasticsearch-8.15.2/data] free: 819.1mb[2.8%], all indices on this node will be marked read-only
[2024-11-19T00:14:37,142][WARN ][o.e.c.r.a.DiskThresholdMonitor] [Retrieval] flood stage disk watermark [95%] exceeded on [TBF4-2Q_QACDur6KT8RasA][Retrieval][/home/ubuntu/graphrag/elasticsearch-8.15.2/data] free: 816.4mb[2.8%], all indices on this node will be marked read-only
[2024-11-19T00:15:07,146][WARN ][o.e.c.r.a.DiskThresholdMonitor] [Retrieval] flood stage disk watermark [95%] exceeded on [TBF4-2Q_QACDur6KT8RasA][Retrieval][/home/ubuntu/graphrag/elasticsearch-8.15.2/data] free: 814.7mb[2.8%], all indices on this node will be marked read-only
[2024-11-19T00:15:37,149][WARN ][o.e.c.r.a.DiskThresholdMonitor] [Retrieval] flood stage disk watermark [95%] exceeded on [TBF4-2Q_QACDur6KT8RasA][Retrieval][/home/ubuntu/graphrag/elasticsearch-8.15.2/data] free: 813mb[2.8%], all indices on this node will be marked read-only
[2024-11-19T00:16:07,151][WARN ][o.e.c.r.a.DiskThresholdMonitor] [Retrieval] flood stage disk watermark [95%] exceeded on [TBF4-2Q_QACDur6KT8RasA][Retrieval][/home/ubuntu/graphrag/elasticsearch-8.15.2/data] free: 811.4mb[2.8%], all indices on this node will be marked read-only
[2024-11-19T00:16:37,154][WARN ][o.e.c.r.a.DiskThresholdMonitor] [Retrieval] flood stage disk watermark [95%] exceeded on [TBF4-2Q_QACDur6KT8RasA][Retrieval][/home/ubuntu/graphrag/elasticsearch-8.15.2/data] free: 809.5mb[2.8%], all indices on this node will be marked read-only
[2024-11-19T00:17:07,157][WARN ][o.e.c.r.a.DiskThresholdMonitor] [Retrieval] flood stage disk watermark [95%] exceeded on [TBF4-2Q_QACDur6KT8RasA][Retrieval][/home/ubuntu/graphrag/elasticsearch-8.15.2/data] free: 808.7mb[2.8%], all indices on this node will be marked read-only
[2024-11-19T00:17:37,159][WARN ][o.e.c.r.a.DiskThresholdMonitor] [Retrieval] flood stage disk watermark [95%] exceeded on [TBF4-2Q_QACDur6KT8RasA][Retrieval][/home/ubuntu/graphrag/elasticsearch-8.15.2/data] free: 807.4mb[2.8%], all indices on this node will be marked read-only
[2024-11-19T00:18:07,163][WARN ][o.e.c.r.a.DiskThresholdMonitor] [Retrieval] flood stage disk watermark [95%] exceeded on [TBF4-2Q_QACDur6KT8RasA][Retrieval][/home/ubuntu/graphrag/elasticsearch-8.15.2/data] free: 806.9mb[2.8%], all indices on this node will be marked read-only
[2024-11-19T00:18:37,166][WARN ][o.e.c.r.a.DiskThresholdMonitor] [Retrieval] flood stage disk watermark [95%] exceeded on [TBF4-2Q_QACDur6KT8RasA][Retrieval][/home/ubuntu/graphrag/elasticsearch-8.15.2/data] free: 806.2mb[2.8%], all indices on this node will be marked read-only
[2024-11-19T00:19:07,169][WARN ][o.e.c.r.a.DiskThresholdMonitor] [Retrieval] flood stage disk watermark [95%] exceeded on [TBF4-2Q_QACDur6KT8RasA][Retrieval][/home/ubuntu/graphrag/elasticsearch-8.15.2/data] free: 804.1mb[2.8%], all indices on this node will be marked read-only
[2024-11-19T00:19:37,172][WARN ][o.e.c.r.a.DiskThresholdMonitor] [Retrieval] flood stage disk watermark [95%] exceeded on [TBF4-2Q_QACDur6KT8RasA][Retrieval][/home/ubuntu/graphrag/elasticsearch-8.15.2/data] free: 801.9mb[2.7%], all indices on this node will be marked read-only
[2024-11-19T00:20:07,175][WARN ][o.e.c.r.a.DiskThresholdMonitor] [Retrieval] flood stage disk watermark [95%] exceeded on [TBF4-2Q_QACDur6KT8RasA][Retrieval][/home/ubuntu/graphrag/elasticsearch-8.15.2/data] free: 799mb[2.7%], all indices on this node will be marked read-only
[2024-11-19T00:20:37,178][WARN ][o.e.c.r.a.DiskThresholdMonitor] [Retrieval] flood stage disk watermark [95%] exceeded on [TBF4-2Q_QACDur6KT8RasA][Retrieval][/home/ubuntu/graphrag/elasticsearch-8.15.2/data] free: 798.5mb[2.7%], all indices on this node will be marked read-only
[2024-11-19T00:21:07,181][WARN ][o.e.c.r.a.DiskThresholdMonitor] [Retrieval] flood stage disk watermark [95%] exceeded on [TBF4-2Q_QACDur6KT8RasA][Retrieval][/home/ubuntu/graphrag/elasticsearch-8.15.2/data] free: 797.4mb[2.7%], all indices on this node will be marked read-only
[2024-11-19T00:21:37,183][WARN ][o.e.c.r.a.DiskThresholdMonitor] [Retrieval] flood stage disk watermark [95%] exceeded on [TBF4-2Q_QACDur6KT8RasA][Retrieval][/home/ubuntu/graphrag/elasticsearch-8.15.2/data] free: 795.4mb[2.7%], all indices on this node will be marked read-only
[2024-11-19T00:22:07,186][WARN ][o.e.c.r.a.DiskThresholdMonitor] [Retrieval] flood stage disk watermark [95%] exceeded on [TBF4-2Q_QACDur6KT8RasA][Retrieval][/home/ubuntu/graphrag/elasticsearch-8.15.2/data] free: 793.8mb[2.7%], all indices on this node will be marked read-only
[2024-11-19T00:22:37,189][WARN ][o.e.c.r.a.DiskThresholdMonitor] [Retrieval] flood stage disk watermark [95%] exceeded on [TBF4-2Q_QACDur6KT8RasA][Retrieval][/home/ubuntu/graphrag/elasticsearch-8.15.2/data] free: 792.5mb[2.7%], all indices on this node will be marked read-only
[2024-11-19T00:23:07,192][WARN ][o.e.c.r.a.DiskThresholdMonitor] [Retrieval] flood stage disk watermark [95%] exceeded on [TBF4-2Q_QACDur6KT8RasA][Retrieval][/home/ubuntu/graphrag/elasticsearch-8.15.2/data] free: 790.5mb[2.7%], all indices on this node will be marked read-only
[2024-11-19T00:23:37,195][WARN ][o.e.c.r.a.DiskThresholdMonitor] [Retrieval] flood stage disk watermark [95%] exceeded on [TBF4-2Q_QACDur6KT8RasA][Retrieval][/home/ubuntu/graphrag/elasticsearch-8.15.2/data] free: 788mb[2.7%], all indices on this node will be marked read-only
[2024-11-19T00:24:07,198][WARN ][o.e.c.r.a.DiskThresholdMonitor] [Retrieval] flood stage disk watermark [95%] exceeded on [TBF4-2Q_QACDur6KT8RasA][Retrieval][/home/ubuntu/graphrag/elasticsearch-8.15.2/data] free: 786.2mb[2.7%], all indices on this node will be marked read-only
[2024-11-19T00:24:37,201][WARN ][o.e.c.r.a.DiskThresholdMonitor] [Retrieval] flood stage disk watermark [95%] exceeded on [TBF4-2Q_QACDur6KT8RasA][Retrieval][/home/ubuntu/graphrag/elasticsearch-8.15.2/data] free: 785.8mb[2.7%], all indices on this node will be marked read-only
[2024-11-19T00:25:07,204][WARN ][o.e.c.r.a.DiskThresholdMonitor] [Retrieval] flood stage disk watermark [95%] exceeded on [TBF4-2Q_QACDur6KT8RasA][Retrieval][/home/ubuntu/graphrag/elasticsearch-8.15.2/data] free: 784.6mb[2.7%], all indices on this node will be marked read-only
[2024-11-19T00:25:37,207][WARN ][o.e.c.r.a.DiskThresholdMonitor] [Retrieval] flood stage disk watermark [95%] exceeded on [TBF4-2Q_QACDur6KT8RasA][Retrieval][/home/ubuntu/graphrag/elasticsearch-8.15.2/data] free: 784.4mb[2.7%], all indices on this node will be marked read-only
[2024-11-19T00:26:07,210][WARN ][o.e.c.r.a.DiskThresholdMonitor] [Retrieval] flood stage disk watermark [95%] exceeded on [TBF4-2Q_QACDur6KT8RasA][Retrieval][/home/ubuntu/graphrag/elasticsearch-8.15.2/data] free: 783.6mb[2.7%], all indices on this node will be marked read-only
[2024-11-19T00:26:37,213][WARN ][o.e.c.r.a.DiskThresholdMonitor] [Retrieval] flood stage disk watermark [95%] exceeded on [TBF4-2Q_QACDur6KT8RasA][Retrieval][/home/ubuntu/graphrag/elasticsearch-8.15.2/data] free: 782.3mb[2.7%], all indices on this node will be marked read-only
[2024-11-19T00:27:07,215][WARN ][o.e.c.r.a.DiskThresholdMonitor] [Retrieval] flood stage disk watermark [95%] exceeded on [TBF4-2Q_QACDur6KT8RasA][Retrieval][/home/ubuntu/graphrag/elasticsearch-8.15.2/data] free: 780.8mb[2.7%], all indices on this node will be marked read-only
[2024-11-19T00:27:37,219][WARN ][o.e.c.r.a.DiskThresholdMonitor] [Retrieval] flood stage disk watermark [95%] exceeded on [TBF4-2Q_QACDur6KT8RasA][Retrieval][/home/ubuntu/graphrag/elasticsearch-8.15.2/data] free: 779.4mb[2.7%], all indices on this node will be marked read-only
[2024-11-19T00:28:07,221][WARN ][o.e.c.r.a.DiskThresholdMonitor] [Retrieval] flood stage disk watermark [95%] exceeded on [TBF4-2Q_QACDur6KT8RasA][Retrieval][/home/ubuntu/graphrag/elasticsearch-8.15.2/data] free: 776.2mb[2.7%], all indices on this node will be marked read-only
[2024-11-19T00:28:37,224][WARN ][o.e.c.r.a.DiskThresholdMonitor] [Retrieval] flood stage disk watermark [95%] exceeded on [TBF4-2Q_QACDur6KT8RasA][Retrieval][/home/ubuntu/graphrag/elasticsearch-8.15.2/data] free: 773mb[2.6%], all indices on this node will be marked read-only
[2024-11-19T00:29:07,227][WARN ][o.e.c.r.a.DiskThresholdMonitor] [Retrieval] flood stage disk watermark [95%] exceeded on [TBF4-2Q_QACDur6KT8RasA][Retrieval][/home/ubuntu/graphrag/elasticsearch-8.15.2/data] free: 771.4mb[2.6%], all indices on this node will be marked read-only
[2024-11-19T00:29:37,230][WARN ][o.e.c.r.a.DiskThresholdMonitor] [Retrieval] flood stage disk watermark [95%] exceeded on [TBF4-2Q_QACDur6KT8RasA][Retrieval][/home/ubuntu/graphrag/elasticsearch-8.15.2/data] free: 770.8mb[2.6%], all indices on this node will be marked read-only
[2024-11-19T00:30:07,233][WARN ][o.e.c.r.a.DiskThresholdMonitor] [Retrieval] flood stage disk watermark [95%] exceeded on [TBF4-2Q_QACDur6KT8RasA][Retrieval][/home/ubuntu/graphrag/elasticsearch-8.15.2/data] free: 768.8mb[2.6%], all indices on this node will be marked read-only
[2024-11-19T00:30:37,236][WARN ][o.e.c.r.a.DiskThresholdMonitor] [Retrieval] flood stage disk watermark [95%] exceeded on [TBF4-2Q_QACDur6KT8RasA][Retrieval][/home/ubuntu/graphrag/elasticsearch-8.15.2/data] free: 767.2mb[2.6%], all indices on this node will be marked read-only
[2024-11-19T00:31:07,239][WARN ][o.e.c.r.a.DiskThresholdMonitor] [Retrieval] flood stage disk watermark [95%] exceeded on [TBF4-2Q_QACDur6KT8RasA][Retrieval][/home/ubuntu/graphrag/elasticsearch-8.15.2/data] free: 764.3mb[2.6%], all indices on this node will be marked read-only
[2024-11-19T00:31:37,242][WARN ][o.e.c.r.a.DiskThresholdMonitor] [Retrieval] flood stage disk watermark [95%] exceeded on [TBF4-2Q_QACDur6KT8RasA][Retrieval][/home/ubuntu/graphrag/elasticsearch-8.15.2/data] free: 762.2mb[2.6%], all indices on this node will be marked read-only
[2024-11-19T00:32:07,245][WARN ][o.e.c.r.a.DiskThresholdMonitor] [Retrieval] flood stage disk watermark [95%] exceeded on [TBF4-2Q_QACDur6KT8RasA][Retrieval][/home/ubuntu/graphrag/elasticsearch-8.15.2/data] free: 761.1mb[2.6%], all indices on this node will be marked read-only
[2024-11-19T00:32:37,248][WARN ][o.e.c.r.a.DiskThresholdMonitor] [Retrieval] flood stage disk watermark [95%] exceeded on [TBF4-2Q_QACDur6KT8RasA][Retrieval][/home/ubuntu/graphrag/elasticsearch-8.15.2/data] free: 760.2mb[2.6%], all indices on this node will be marked read-only
[2024-11-19T00:33:07,251][WARN ][o.e.c.r.a.DiskThresholdMonitor] [Retrieval] flood stage disk watermark [95%] exceeded on [TBF4-2Q_QACDur6KT8RasA][Retrieval][/home/ubuntu/graphrag/elasticsearch-8.15.2/data] free: 759mb[2.6%], all indices on this node will be marked read-only
[2024-11-19T00:33:37,254][WARN ][o.e.c.r.a.DiskThresholdMonitor] [Retrieval] flood stage disk watermark [95%] exceeded on [TBF4-2Q_QACDur6KT8RasA][Retrieval][/home/ubuntu/graphrag/elasticsearch-8.15.2/data] free: 758.9mb[2.6%], all indices on this node will be marked read-only
[2024-11-19T00:34:07,257][WARN ][o.e.c.r.a.DiskThresholdMonitor] [Retrieval] flood stage disk watermark [95%] exceeded on [TBF4-2Q_QACDur6KT8RasA][Retrieval][/home/ubuntu/graphrag/elasticsearch-8.15.2/data] free: 757.9mb[2.6%], all indices on this node will be marked read-only
[2024-11-19T00:34:37,260][WARN ][o.e.c.r.a.DiskThresholdMonitor] [Retrieval] flood stage disk watermark [95%] exceeded on [TBF4-2Q_QACDur6KT8RasA][Retrieval][/home/ubuntu/graphrag/elasticsearch-8.15.2/data] free: 756.3mb[2.6%], all indices on this node will be marked read-only
[2024-11-19T00:35:07,263][WARN ][o.e.c.r.a.DiskThresholdMonitor] [Retrieval] flood stage disk watermark [95%] exceeded on [TBF4-2Q_QACDur6KT8RasA][Retrieval][/home/ubuntu/graphrag/elasticsearch-8.15.2/data] free: 754.2mb[2.6%], all indices on this node will be marked read-only
[2024-11-19T00:35:37,266][WARN ][o.e.c.r.a.DiskThresholdMonitor] [Retrieval] flood stage disk watermark [95%] exceeded on [TBF4-2Q_QACDur6KT8RasA][Retrieval][/home/ubuntu/graphrag/elasticsearch-8.15.2/data] free: 753.2mb[2.6%], all indices on this node will be marked read-only
[2024-11-19T00:36:07,268][WARN ][o.e.c.r.a.DiskThresholdMonitor] [Retrieval] flood stage disk watermark [95%] exceeded on [TBF4-2Q_QACDur6KT8RasA][Retrieval][/home/ubuntu/graphrag/elasticsearch-8.15.2/data] free: 751.3mb[2.6%], all indices on this node will be marked read-only
[2024-11-19T00:36:37,271][WARN ][o.e.c.r.a.DiskThresholdMonitor] [Retrieval] flood stage disk watermark [95%] exceeded on [TBF4-2Q_QACDur6KT8RasA][Retrieval][/home/ubuntu/graphrag/elasticsearch-8.15.2/data] free: 750.7mb[2.6%], all indices on this node will be marked read-only
[2024-11-19T00:37:07,274][WARN ][o.e.c.r.a.DiskThresholdMonitor] [Retrieval] flood stage disk watermark [95%] exceeded on [TBF4-2Q_QACDur6KT8RasA][Retrieval][/home/ubuntu/graphrag/elasticsearch-8.15.2/data] free: 749.9mb[2.6%], all indices on this node will be marked read-only
[2024-11-19T00:37:37,277][WARN ][o.e.c.r.a.DiskThresholdMonitor] [Retrieval] flood stage disk watermark [95%] exceeded on [TBF4-2Q_QACDur6KT8RasA][Retrieval][/home/ubuntu/graphrag/elasticsearch-8.15.2/data] free: 747.6mb[2.6%], all indices on this node will be marked read-only
[2024-11-19T00:38:07,279][WARN ][o.e.c.r.a.DiskThresholdMonitor] [Retrieval] flood stage disk watermark [95%] exceeded on [TBF4-2Q_QACDur6KT8RasA][Retrieval][/home/ubuntu/graphrag/elasticsearch-8.15.2/data] free: 746mb[2.6%], all indices on this node will be marked read-only
[2024-11-19T00:38:37,282][WARN ][o.e.c.r.a.DiskThresholdMonitor] [Retrieval] flood stage disk watermark [95%] exceeded on [TBF4-2Q_QACDur6KT8RasA][Retrieval][/home/ubuntu/graphrag/elasticsearch-8.15.2/data] free: 743.1mb[2.5%], all indices on this node will be marked read-only
[2024-11-19T00:39:07,285][WARN ][o.e.c.r.a.DiskThresholdMonitor] [Retrieval] flood stage disk watermark [95%] exceeded on [TBF4-2Q_QACDur6KT8RasA][Retrieval][/home/ubuntu/graphrag/elasticsearch-8.15.2/data] free: 742.3mb[2.5%], all indices on this node will be marked read-only
[2024-11-19T00:39:37,287][WARN ][o.e.c.r.a.DiskThresholdMonitor] [Retrieval] flood stage disk watermark [95%] exceeded on [TBF4-2Q_QACDur6KT8RasA][Retrieval][/home/ubuntu/graphrag/elasticsearch-8.15.2/data] free: 740.4mb[2.5%], all indices on this node will be marked read-only
[2024-11-19T00:40:07,290][WARN ][o.e.c.r.a.DiskThresholdMonitor] [Retrieval] flood stage disk watermark [95%] exceeded on [TBF4-2Q_QACDur6KT8RasA][Retrieval][/home/ubuntu/graphrag/elasticsearch-8.15.2/data] free: 737.7mb[2.5%], all indices on this node will be marked read-only
[2024-11-19T00:40:37,292][WARN ][o.e.c.r.a.DiskThresholdMonitor] [Retrieval] flood stage disk watermark [95%] exceeded on [TBF4-2Q_QACDur6KT8RasA][Retrieval][/home/ubuntu/graphrag/elasticsearch-8.15.2/data] free: 736.3mb[2.5%], all indices on this node will be marked read-only
[2024-11-19T00:41:07,295][WARN ][o.e.c.r.a.DiskThresholdMonitor] [Retrieval] flood stage disk watermark [95%] exceeded on [TBF4-2Q_QACDur6KT8RasA][Retrieval][/home/ubuntu/graphrag/elasticsearch-8.15.2/data] free: 735.1mb[2.5%], all indices on this node will be marked read-only
[2024-11-19T00:41:37,298][WARN ][o.e.c.r.a.DiskThresholdMonitor] [Retrieval] flood stage disk watermark [95%] exceeded on [TBF4-2Q_QACDur6KT8RasA][Retrieval][/home/ubuntu/graphrag/elasticsearch-8.15.2/data] free: 732.1mb[2.5%], all indices on this node will be marked read-only
[2024-11-19T00:42:07,301][WARN ][o.e.c.r.a.DiskThresholdMonitor] [Retrieval] flood stage disk watermark [95%] exceeded on [TBF4-2Q_QACDur6KT8RasA][Retrieval][/home/ubuntu/graphrag/elasticsearch-8.15.2/data] free: 731.4mb[2.5%], all indices on this node will be marked read-only
[2024-11-19T00:42:37,303][WARN ][o.e.c.r.a.DiskThresholdMonitor] [Retrieval] flood stage disk watermark [95%] exceeded on [TBF4-2Q_QACDur6KT8RasA][Retrieval][/home/ubuntu/graphrag/elasticsearch-8.15.2/data] free: 729.9mb[2.5%], all indices on this node will be marked read-only
[2024-11-19T00:43:07,306][WARN ][o.e.c.r.a.DiskThresholdMonitor] [Retrieval] flood stage disk watermark [95%] exceeded on [TBF4-2Q_QACDur6KT8RasA][Retrieval][/home/ubuntu/graphrag/elasticsearch-8.15.2/data] free: 729.2mb[2.5%], all indices on this node will be marked read-only
[2024-11-19T00:43:37,309][WARN ][o.e.c.r.a.DiskThresholdMonitor] [Retrieval] flood stage disk watermark [95%] exceeded on [TBF4-2Q_QACDur6KT8RasA][Retrieval][/home/ubuntu/graphrag/elasticsearch-8.15.2/data] free: 728.8mb[2.5%], all indices on this node will be marked read-only
[2024-11-19T00:44:07,312][WARN ][o.e.c.r.a.DiskThresholdMonitor] [Retrieval] flood stage disk watermark [95%] exceeded on [TBF4-2Q_QACDur6KT8RasA][Retrieval][/home/ubuntu/graphrag/elasticsearch-8.15.2/data] free: 727.9mb[2.5%], all indices on this node will be marked read-only
[2024-11-19T00:44:37,315][WARN ][o.e.c.r.a.DiskThresholdMonitor] [Retrieval] flood stage disk watermark [95%] exceeded on [TBF4-2Q_QACDur6KT8RasA][Retrieval][/home/ubuntu/graphrag/elasticsearch-8.15.2/data] free: 726.3mb[2.5%], all indices on this node will be marked read-only
[2024-11-19T00:45:07,317][WARN ][o.e.c.r.a.DiskThresholdMonitor] [Retrieval] flood stage disk watermark [95%] exceeded on [TBF4-2Q_QACDur6KT8RasA][Retrieval][/home/ubuntu/graphrag/elasticsearch-8.15.2/data] free: 724.8mb[2.5%], all indices on this node will be marked read-only
[2024-11-19T00:45:37,320][WARN ][o.e.c.r.a.DiskThresholdMonitor] [Retrieval] flood stage disk watermark [95%] exceeded on [TBF4-2Q_QACDur6KT8RasA][Retrieval][/home/ubuntu/graphrag/elasticsearch-8.15.2/data] free: 723.2mb[2.5%], all indices on this node will be marked read-only
[2024-11-19T00:46:07,323][WARN ][o.e.c.r.a.DiskThresholdMonitor] [Retrieval] flood stage disk watermark [95%] exceeded on [TBF4-2Q_QACDur6KT8RasA][Retrieval][/home/ubuntu/graphrag/elasticsearch-8.15.2/data] free: 720.9mb[2.5%], all indices on this node will be marked read-only
[2024-11-19T00:46:37,326][WARN ][o.e.c.r.a.DiskThresholdMonitor] [Retrieval] flood stage disk watermark [95%] exceeded on [TBF4-2Q_QACDur6KT8RasA][Retrieval][/home/ubuntu/graphrag/elasticsearch-8.15.2/data] free: 718.9mb[2.5%], all indices on this node will be marked read-only
[2024-11-19T00:47:07,328][WARN ][o.e.c.r.a.DiskThresholdMonitor] [Retrieval] flood stage disk watermark [95%] exceeded on [TBF4-2Q_QACDur6KT8RasA][Retrieval][/home/ubuntu/graphrag/elasticsearch-8.15.2/data] free: 717.2mb[2.4%], all indices on this node will be marked read-only
[2024-11-19T00:47:37,331][WARN ][o.e.c.r.a.DiskThresholdMonitor] [Retrieval] flood stage disk watermark [95%] exceeded on [TBF4-2Q_QACDur6KT8RasA][Retrieval][/home/ubuntu/graphrag/elasticsearch-8.15.2/data] free: 715.5mb[2.4%], all indices on this node will be marked read-only
[2024-11-19T00:48:07,334][WARN ][o.e.c.r.a.DiskThresholdMonitor] [Retrieval] flood stage disk watermark [95%] exceeded on [TBF4-2Q_QACDur6KT8RasA][Retrieval][/home/ubuntu/graphrag/elasticsearch-8.15.2/data] free: 713.5mb[2.4%], all indices on this node will be marked read-only
[2024-11-19T00:48:37,337][WARN ][o.e.c.r.a.DiskThresholdMonitor] [Retrieval] flood stage disk watermark [95%] exceeded on [TBF4-2Q_QACDur6KT8RasA][Retrieval][/home/ubuntu/graphrag/elasticsearch-8.15.2/data] free: 710.7mb[2.4%], all indices on this node will be marked read-only
[2024-11-19T00:49:07,339][WARN ][o.e.c.r.a.DiskThresholdMonitor] [Retrieval] flood stage disk watermark [95%] exceeded on [TBF4-2Q_QACDur6KT8RasA][Retrieval][/home/ubuntu/graphrag/elasticsearch-8.15.2/data] free: 709.4mb[2.4%], all indices on this node will be marked read-only
[2024-11-19T00:49:37,342][WARN ][o.e.c.r.a.DiskThresholdMonitor] [Retrieval] flood stage disk watermark [95%] exceeded on [TBF4-2Q_QACDur6KT8RasA][Retrieval][/home/ubuntu/graphrag/elasticsearch-8.15.2/data] free: 707.7mb[2.4%], all indices on this node will be marked read-only
[2024-11-19T00:50:07,345][WARN ][o.e.c.r.a.DiskThresholdMonitor] [Retrieval] flood stage disk watermark [95%] exceeded on [TBF4-2Q_QACDur6KT8RasA][Retrieval][/home/ubuntu/graphrag/elasticsearch-8.15.2/data] free: 706.9mb[2.4%], all indices on this node will be marked read-only
[2024-11-19T00:50:37,347][WARN ][o.e.c.r.a.DiskThresholdMonitor] [Retrieval] flood stage disk watermark [95%] exceeded on [TBF4-2Q_QACDur6KT8RasA][Retrieval][/home/ubuntu/graphrag/elasticsearch-8.15.2/data] free: 705.6mb[2.4%], all indices on this node will be marked read-only
[2024-11-19T00:51:07,351][WARN ][o.e.c.r.a.DiskThresholdMonitor] [Retrieval] flood stage disk watermark [95%] exceeded on [TBF4-2Q_QACDur6KT8RasA][Retrieval][/home/ubuntu/graphrag/elasticsearch-8.15.2/data] free: 703.3mb[2.4%], all indices on this node will be marked read-only
[2024-11-19T00:51:37,353][WARN ][o.e.c.r.a.DiskThresholdMonitor] [Retrieval] flood stage disk watermark [95%] exceeded on [TBF4-2Q_QACDur6KT8RasA][Retrieval][/home/ubuntu/graphrag/elasticsearch-8.15.2/data] free: 702.5mb[2.4%], all indices on this node will be marked read-only
[2024-11-19T00:52:07,356][WARN ][o.e.c.r.a.DiskThresholdMonitor] [Retrieval] flood stage disk watermark [95%] exceeded on [TBF4-2Q_QACDur6KT8RasA][Retrieval][/home/ubuntu/graphrag/elasticsearch-8.15.2/data] free: 701mb[2.4%], all indices on this node will be marked read-only
[2024-11-19T00:52:37,359][WARN ][o.e.c.r.a.DiskThresholdMonitor] [Retrieval] flood stage disk watermark [95%] exceeded on [TBF4-2Q_QACDur6KT8RasA][Retrieval][/home/ubuntu/graphrag/elasticsearch-8.15.2/data] free: 700.2mb[2.4%], all indices on this node will be marked read-only
[2024-11-19T00:53:07,362][WARN ][o.e.c.r.a.DiskThresholdMonitor] [Retrieval] flood stage disk watermark [95%] exceeded on [TBF4-2Q_QACDur6KT8RasA][Retrieval][/home/ubuntu/graphrag/elasticsearch-8.15.2/data] free: 699.2mb[2.4%], all indices on this node will be marked read-only
[2024-11-19T00:53:37,364][WARN ][o.e.c.r.a.DiskThresholdMonitor] [Retrieval] flood stage disk watermark [95%] exceeded on [TBF4-2Q_QACDur6KT8RasA][Retrieval][/home/ubuntu/graphrag/elasticsearch-8.15.2/data] free: 697.7mb[2.4%], all indices on this node will be marked read-only
[2024-11-19T00:54:07,367][WARN ][o.e.c.r.a.DiskThresholdMonitor] [Retrieval] flood stage disk watermark [95%] exceeded on [TBF4-2Q_QACDur6KT8RasA][Retrieval][/home/ubuntu/graphrag/elasticsearch-8.15.2/data] free: 696.7mb[2.4%], all indices on this node will be marked read-only
[2024-11-19T00:54:37,369][WARN ][o.e.c.r.a.DiskThresholdMonitor] [Retrieval] flood stage disk watermark [95%] exceeded on [TBF4-2Q_QACDur6KT8RasA][Retrieval][/home/ubuntu/graphrag/elasticsearch-8.15.2/data] free: 695.2mb[2.4%], all indices on this node will be marked read-only
[2024-11-19T00:55:07,373][WARN ][o.e.c.r.a.DiskThresholdMonitor] [Retrieval] flood stage disk watermark [95%] exceeded on [TBF4-2Q_QACDur6KT8RasA][Retrieval][/home/ubuntu/graphrag/elasticsearch-8.15.2/data] free: 693.3mb[2.4%], all indices on this node will be marked read-only
[2024-11-19T00:55:37,375][WARN ][o.e.c.r.a.DiskThresholdMonitor] [Retrieval] flood stage disk watermark [95%] exceeded on [TBF4-2Q_QACDur6KT8RasA][Retrieval][/home/ubuntu/graphrag/elasticsearch-8.15.2/data] free: 691.8mb[2.4%], all indices on this node will be marked read-only
[2024-11-19T00:56:07,378][WARN ][o.e.c.r.a.DiskThresholdMonitor] [Retrieval] flood stage disk watermark [95%] exceeded on [TBF4-2Q_QACDur6KT8RasA][Retrieval][/home/ubuntu/graphrag/elasticsearch-8.15.2/data] free: 689.5mb[2.4%], all indices on this node will be marked read-only
[2024-11-19T00:56:37,380][WARN ][o.e.c.r.a.DiskThresholdMonitor] [Retrieval] flood stage disk watermark [95%] exceeded on [TBF4-2Q_QACDur6KT8RasA][Retrieval][/home/ubuntu/graphrag/elasticsearch-8.15.2/data] free: 689.1mb[2.4%], all indices on this node will be marked read-only
[2024-11-19T00:57:07,383][WARN ][o.e.c.r.a.DiskThresholdMonitor] [Retrieval] flood stage disk watermark [95%] exceeded on [TBF4-2Q_QACDur6KT8RasA][Retrieval][/home/ubuntu/graphrag/elasticsearch-8.15.2/data] free: 687.5mb[2.3%], all indices on this node will be marked read-only
[2024-11-19T00:57:37,386][WARN ][o.e.c.r.a.DiskThresholdMonitor] [Retrieval] flood stage disk watermark [95%] exceeded on [TBF4-2Q_QACDur6KT8RasA][Retrieval][/home/ubuntu/graphrag/elasticsearch-8.15.2/data] free: 686.4mb[2.3%], all indices on this node will be marked read-only
[2024-11-19T00:58:07,388][WARN ][o.e.c.r.a.DiskThresholdMonitor] [Retrieval] flood stage disk watermark [95%] exceeded on [TBF4-2Q_QACDur6KT8RasA][Retrieval][/home/ubuntu/graphrag/elasticsearch-8.15.2/data] free: 683.9mb[2.3%], all indices on this node will be marked read-only
[2024-11-19T00:58:37,391][WARN ][o.e.c.r.a.DiskThresholdMonitor] [Retrieval] flood stage disk watermark [95%] exceeded on [TBF4-2Q_QACDur6KT8RasA][Retrieval][/home/ubuntu/graphrag/elasticsearch-8.15.2/data] free: 681.7mb[2.3%], all indices on this node will be marked read-only
[2024-11-19T00:59:07,394][WARN ][o.e.c.r.a.DiskThresholdMonitor] [Retrieval] flood stage disk watermark [95%] exceeded on [TBF4-2Q_QACDur6KT8RasA][Retrieval][/home/ubuntu/graphrag/elasticsearch-8.15.2/data] free: 680.5mb[2.3%], all indices on this node will be marked read-only
[2024-11-19T00:59:37,397][WARN ][o.e.c.r.a.DiskThresholdMonitor] [Retrieval] flood stage disk watermark [95%] exceeded on [TBF4-2Q_QACDur6KT8RasA][Retrieval][/home/ubuntu/graphrag/elasticsearch-8.15.2/data] free: 679.2mb[2.3%], all indices on this node will be marked read-only
[2024-11-19T01:00:07,399][WARN ][o.e.c.r.a.DiskThresholdMonitor] [Retrieval] flood stage disk watermark [95%] exceeded on [TBF4-2Q_QACDur6KT8RasA][Retrieval][/home/ubuntu/graphrag/elasticsearch-8.15.2/data] free: 677.9mb[2.3%], all indices on this node will be marked read-only
[2024-11-19T01:00:37,402][WARN ][o.e.c.r.a.DiskThresholdMonitor] [Retrieval] flood stage disk watermark [95%] exceeded on [TBF4-2Q_QACDur6KT8RasA][Retrieval][/home/ubuntu/graphrag/elasticsearch-8.15.2/data] free: 676.3mb[2.3%], all indices on this node will be marked read-only
[2024-11-19T01:01:07,404][WARN ][o.e.c.r.a.DiskThresholdMonitor] [Retrieval] flood stage disk watermark [95%] exceeded on [TBF4-2Q_QACDur6KT8RasA][Retrieval][/home/ubuntu/graphrag/elasticsearch-8.15.2/data] free: 675.3mb[2.3%], all indices on this node will be marked read-only
[2024-11-19T01:01:37,407][WARN ][o.e.c.r.a.DiskThresholdMonitor] [Retrieval] flood stage disk watermark [95%] exceeded on [TBF4-2Q_QACDur6KT8RasA][Retrieval][/home/ubuntu/graphrag/elasticsearch-8.15.2/data] free: 674.1mb[2.3%], all indices on this node will be marked read-only
[2024-11-19T01:02:07,409][WARN ][o.e.c.r.a.DiskThresholdMonitor] [Retrieval] flood stage disk watermark [95%] exceeded on [TBF4-2Q_QACDur6KT8RasA][Retrieval][/home/ubuntu/graphrag/elasticsearch-8.15.2/data] free: 672.6mb[2.3%], all indices on this node will be marked read-only
[2024-11-19T01:02:37,412][WARN ][o.e.c.r.a.DiskThresholdMonitor] [Retrieval] flood stage disk watermark [95%] exceeded on [TBF4-2Q_QACDur6KT8RasA][Retrieval][/home/ubuntu/graphrag/elasticsearch-8.15.2/data] free: 671.5mb[2.3%], all indices on this node will be marked read-only
[2024-11-19T01:03:07,415][WARN ][o.e.c.r.a.DiskThresholdMonitor] [Retrieval] flood stage disk watermark [95%] exceeded on [TBF4-2Q_QACDur6KT8RasA][Retrieval][/home/ubuntu/graphrag/elasticsearch-8.15.2/data] free: 669.9mb[2.3%], all indices on this node will be marked read-only
[2024-11-19T01:03:37,418][WARN ][o.e.c.r.a.DiskThresholdMonitor] [Retrieval] flood stage disk watermark [95%] exceeded on [TBF4-2Q_QACDur6KT8RasA][Retrieval][/home/ubuntu/graphrag/elasticsearch-8.15.2/data] free: 667.5mb[2.3%], all indices on this node will be marked read-only
[2024-11-19T01:04:07,421][WARN ][o.e.c.r.a.DiskThresholdMonitor] [Retrieval] flood stage disk watermark [95%] exceeded on [TBF4-2Q_QACDur6KT8RasA][Retrieval][/home/ubuntu/graphrag/elasticsearch-8.15.2/data] free: 666.6mb[2.3%], all indices on this node will be marked read-only
[2024-11-19T01:04:37,423][WARN ][o.e.c.r.a.DiskThresholdMonitor] [Retrieval] flood stage disk watermark [95%] exceeded on [TBF4-2Q_QACDur6KT8RasA][Retrieval][/home/ubuntu/graphrag/elasticsearch-8.15.2/data] free: 665.1mb[2.3%], all indices on this node will be marked read-only
[2024-11-19T01:05:07,426][WARN ][o.e.c.r.a.DiskThresholdMonitor] [Retrieval] flood stage disk watermark [95%] exceeded on [TBF4-2Q_QACDur6KT8RasA][Retrieval][/home/ubuntu/graphrag/elasticsearch-8.15.2/data] free: 663.1mb[2.3%], all indices on this node will be marked read-only
[2024-11-19T01:05:37,429][WARN ][o.e.c.r.a.DiskThresholdMonitor] [Retrieval] flood stage disk watermark [95%] exceeded on [TBF4-2Q_QACDur6KT8RasA][Retrieval][/home/ubuntu/graphrag/elasticsearch-8.15.2/data] free: 661.5mb[2.3%], all indices on this node will be marked read-only
[2024-11-19T01:06:07,433][WARN ][o.e.c.r.a.DiskThresholdMonitor] [Retrieval] flood stage disk watermark [95%] exceeded on [TBF4-2Q_QACDur6KT8RasA][Retrieval][/home/ubuntu/graphrag/elasticsearch-8.15.2/data] free: 660.2mb[2.3%], all indices on this node will be marked read-only
[2024-11-19T01:06:37,436][WARN ][o.e.c.r.a.DiskThresholdMonitor] [Retrieval] flood stage disk watermark [95%] exceeded on [TBF4-2Q_QACDur6KT8RasA][Retrieval][/home/ubuntu/graphrag/elasticsearch-8.15.2/data] free: 659mb[2.2%], all indices on this node will be marked read-only
[2024-11-19T01:07:07,439][WARN ][o.e.c.r.a.DiskThresholdMonitor] [Retrieval] flood stage disk watermark [95%] exceeded on [TBF4-2Q_QACDur6KT8RasA][Retrieval][/home/ubuntu/graphrag/elasticsearch-8.15.2/data] free: 657.1mb[2.2%], all indices on this node will be marked read-only
[2024-11-19T01:07:37,442][WARN ][o.e.c.r.a.DiskThresholdMonitor] [Retrieval] flood stage disk watermark [95%] exceeded on [TBF4-2Q_QACDur6KT8RasA][Retrieval][/home/ubuntu/graphrag/elasticsearch-8.15.2/data] free: 655.3mb[2.2%], all indices on this node will be marked read-only
[2024-11-19T01:08:07,445][WARN ][o.e.c.r.a.DiskThresholdMonitor] [Retrieval] flood stage disk watermark [95%] exceeded on [TBF4-2Q_QACDur6KT8RasA][Retrieval][/home/ubuntu/graphrag/elasticsearch-8.15.2/data] free: 653.8mb[2.2%], all indices on this node will be marked read-only
[2024-11-19T01:08:37,448][WARN ][o.e.c.r.a.DiskThresholdMonitor] [Retrieval] flood stage disk watermark [95%] exceeded on [TBF4-2Q_QACDur6KT8RasA][Retrieval][/home/ubuntu/graphrag/elasticsearch-8.15.2/data] free: 651.8mb[2.2%], all indices on this node will be marked read-only
[2024-11-19T01:09:07,451][WARN ][o.e.c.r.a.DiskThresholdMonitor] [Retrieval] flood stage disk watermark [95%] exceeded on [TBF4-2Q_QACDur6KT8RasA][Retrieval][/home/ubuntu/graphrag/elasticsearch-8.15.2/data] free: 650.9mb[2.2%], all indices on this node will be marked read-only
[2024-11-19T01:09:37,454][WARN ][o.e.c.r.a.DiskThresholdMonitor] [Retrieval] flood stage disk watermark [95%] exceeded on [TBF4-2Q_QACDur6KT8RasA][Retrieval][/home/ubuntu/graphrag/elasticsearch-8.15.2/data] free: 650mb[2.2%], all indices on this node will be marked read-only
[2024-11-19T01:10:07,456][WARN ][o.e.c.r.a.DiskThresholdMonitor] [Retrieval] flood stage disk watermark [95%] exceeded on [TBF4-2Q_QACDur6KT8RasA][Retrieval][/home/ubuntu/graphrag/elasticsearch-8.15.2/data] free: 648.8mb[2.2%], all indices on this node will be marked read-only
[2024-11-19T01:10:37,459][WARN ][o.e.c.r.a.DiskThresholdMonitor] [Retrieval] flood stage disk watermark [95%] exceeded on [TBF4-2Q_QACDur6KT8RasA][Retrieval][/home/ubuntu/graphrag/elasticsearch-8.15.2/data] free: 646.7mb[2.2%], all indices on this node will be marked read-only
[2024-11-19T01:11:07,461][WARN ][o.e.c.r.a.DiskThresholdMonitor] [Retrieval] flood stage disk watermark [95%] exceeded on [TBF4-2Q_QACDur6KT8RasA][Retrieval][/home/ubuntu/graphrag/elasticsearch-8.15.2/data] free: 645.5mb[2.2%], all indices on this node will be marked read-only
[2024-11-19T01:11:37,464][WARN ][o.e.c.r.a.DiskThresholdMonitor] [Retrieval] flood stage disk watermark [95%] exceeded on [TBF4-2Q_QACDur6KT8RasA][Retrieval][/home/ubuntu/graphrag/elasticsearch-8.15.2/data] free: 643.6mb[2.2%], all indices on this node will be marked read-only
[2024-11-19T01:12:07,467][WARN ][o.e.c.r.a.DiskThresholdMonitor] [Retrieval] flood stage disk watermark [95%] exceeded on [TBF4-2Q_QACDur6KT8RasA][Retrieval][/home/ubuntu/graphrag/elasticsearch-8.15.2/data] free: 640.9mb[2.2%], all indices on this node will be marked read-only
[2024-11-19T01:12:37,470][WARN ][o.e.c.r.a.DiskThresholdMonitor] [Retrieval] flood stage disk watermark [95%] exceeded on [TBF4-2Q_QACDur6KT8RasA][Retrieval][/home/ubuntu/graphrag/elasticsearch-8.15.2/data] free: 639.7mb[2.2%], all indices on this node will be marked read-only
[2024-11-19T01:13:07,472][WARN ][o.e.c.r.a.DiskThresholdMonitor] [Retrieval] flood stage disk watermark [95%] exceeded on [TBF4-2Q_QACDur6KT8RasA][Retrieval][/home/ubuntu/graphrag/elasticsearch-8.15.2/data] free: 638.2mb[2.2%], all indices on this node will be marked read-only
[2024-11-19T01:13:37,475][WARN ][o.e.c.r.a.DiskThresholdMonitor] [Retrieval] flood stage disk watermark [95%] exceeded on [TBF4-2Q_QACDur6KT8RasA][Retrieval][/home/ubuntu/graphrag/elasticsearch-8.15.2/data] free: 636.5mb[2.2%], all indices on this node will be marked read-only
[2024-11-19T01:14:07,477][WARN ][o.e.c.r.a.DiskThresholdMonitor] [Retrieval] flood stage disk watermark [95%] exceeded on [TBF4-2Q_QACDur6KT8RasA][Retrieval][/home/ubuntu/graphrag/elasticsearch-8.15.2/data] free: 635mb[2.2%], all indices on this node will be marked read-only
[2024-11-19T01:14:37,479][WARN ][o.e.c.r.a.DiskThresholdMonitor] [Retrieval] flood stage disk watermark [95%] exceeded on [TBF4-2Q_QACDur6KT8RasA][Retrieval][/home/ubuntu/graphrag/elasticsearch-8.15.2/data] free: 632.3mb[2.2%], all indices on this node will be marked read-only
[2024-11-19T01:15:07,482][WARN ][o.e.c.r.a.DiskThresholdMonitor] [Retrieval] flood stage disk watermark [95%] exceeded on [TBF4-2Q_QACDur6KT8RasA][Retrieval][/home/ubuntu/graphrag/elasticsearch-8.15.2/data] free: 631.2mb[2.2%], all indices on this node will be marked read-only
[2024-11-19T01:15:37,484][WARN ][o.e.c.r.a.DiskThresholdMonitor] [Retrieval] flood stage disk watermark [95%] exceeded on [TBF4-2Q_QACDur6KT8RasA][Retrieval][/home/ubuntu/graphrag/elasticsearch-8.15.2/data] free: 629.7mb[2.1%], all indices on this node will be marked read-only
[2024-11-19T01:16:07,487][WARN ][o.e.c.r.a.DiskThresholdMonitor] [Retrieval] flood stage disk watermark [95%] exceeded on [TBF4-2Q_QACDur6KT8RasA][Retrieval][/home/ubuntu/graphrag/elasticsearch-8.15.2/data] free: 627.5mb[2.1%], all indices on this node will be marked read-only
[2024-11-19T01:16:37,489][WARN ][o.e.c.r.a.DiskThresholdMonitor] [Retrieval] flood stage disk watermark [95%] exceeded on [TBF4-2Q_QACDur6KT8RasA][Retrieval][/home/ubuntu/graphrag/elasticsearch-8.15.2/data] free: 626.5mb[2.1%], all indices on this node will be marked read-only
[2024-11-19T01:17:07,492][WARN ][o.e.c.r.a.DiskThresholdMonitor] [Retrieval] flood stage disk watermark [95%] exceeded on [TBF4-2Q_QACDur6KT8RasA][Retrieval][/home/ubuntu/graphrag/elasticsearch-8.15.2/data] free: 624.4mb[2.1%], all indices on this node will be marked read-only
[2024-11-19T01:17:37,494][WARN ][o.e.c.r.a.DiskThresholdMonitor] [Retrieval] flood stage disk watermark [95%] exceeded on [TBF4-2Q_QACDur6KT8RasA][Retrieval][/home/ubuntu/graphrag/elasticsearch-8.15.2/data] free: 623.6mb[2.1%], all indices on this node will be marked read-only
[2024-11-19T01:18:07,497][WARN ][o.e.c.r.a.DiskThresholdMonitor] [Retrieval] flood stage disk watermark [95%] exceeded on [TBF4-2Q_QACDur6KT8RasA][Retrieval][/home/ubuntu/graphrag/elasticsearch-8.15.2/data] free: 622.2mb[2.1%], all indices on this node will be marked read-only
[2024-11-19T01:18:37,499][WARN ][o.e.c.r.a.DiskThresholdMonitor] [Retrieval] flood stage disk watermark [95%] exceeded on [TBF4-2Q_QACDur6KT8RasA][Retrieval][/home/ubuntu/graphrag/elasticsearch-8.15.2/data] free: 620.6mb[2.1%], all indices on this node will be marked read-only
[2024-11-19T01:19:07,502][WARN ][o.e.c.r.a.DiskThresholdMonitor] [Retrieval] flood stage disk watermark [95%] exceeded on [TBF4-2Q_QACDur6KT8RasA][Retrieval][/home/ubuntu/graphrag/elasticsearch-8.15.2/data] free: 619.8mb[2.1%], all indices on this node will be marked read-only
[2024-11-19T01:19:37,504][WARN ][o.e.c.r.a.DiskThresholdMonitor] [Retrieval] flood stage disk watermark [95%] exceeded on [TBF4-2Q_QACDur6KT8RasA][Retrieval][/home/ubuntu/graphrag/elasticsearch-8.15.2/data] free: 619.6mb[2.1%], all indices on this node will be marked read-only
[2024-11-19T01:20:07,507][WARN ][o.e.c.r.a.DiskThresholdMonitor] [Retrieval] flood stage disk watermark [95%] exceeded on [TBF4-2Q_QACDur6KT8RasA][Retrieval][/home/ubuntu/graphrag/elasticsearch-8.15.2/data] free: 618.2mb[2.1%], all indices on this node will be marked read-only
[2024-11-19T01:20:37,509][WARN ][o.e.c.r.a.DiskThresholdMonitor] [Retrieval] flood stage disk watermark [95%] exceeded on [TBF4-2Q_QACDur6KT8RasA][Retrieval][/home/ubuntu/graphrag/elasticsearch-8.15.2/data] free: 617.2mb[2.1%], all indices on this node will be marked read-only
[2024-11-19T01:21:07,512][WARN ][o.e.c.r.a.DiskThresholdMonitor] [Retrieval] flood stage disk watermark [95%] exceeded on [TBF4-2Q_QACDur6KT8RasA][Retrieval][/home/ubuntu/graphrag/elasticsearch-8.15.2/data] free: 615.2mb[2.1%], all indices on this node will be marked read-only
[2024-11-19T01:21:37,514][WARN ][o.e.c.r.a.DiskThresholdMonitor] [Retrieval] flood stage disk watermark [95%] exceeded on [TBF4-2Q_QACDur6KT8RasA][Retrieval][/home/ubuntu/graphrag/elasticsearch-8.15.2/data] free: 613.4mb[2.1%], all indices on this node will be marked read-only
[2024-11-19T01:22:07,517][WARN ][o.e.c.r.a.DiskThresholdMonitor] [Retrieval] flood stage disk watermark [95%] exceeded on [TBF4-2Q_QACDur6KT8RasA][Retrieval][/home/ubuntu/graphrag/elasticsearch-8.15.2/data] free: 611.9mb[2.1%], all indices on this node will be marked read-only
[2024-11-19T01:22:37,519][WARN ][o.e.c.r.a.DiskThresholdMonitor] [Retrieval] flood stage disk watermark [95%] exceeded on [TBF4-2Q_QACDur6KT8RasA][Retrieval][/home/ubuntu/graphrag/elasticsearch-8.15.2/data] free: 610.1mb[2.1%], all indices on this node will be marked read-only
[2024-11-19T01:23:07,522][WARN ][o.e.c.r.a.DiskThresholdMonitor] [Retrieval] flood stage disk watermark [95%] exceeded on [TBF4-2Q_QACDur6KT8RasA][Retrieval][/home/ubuntu/graphrag/elasticsearch-8.15.2/data] free: 608.8mb[2.1%], all indices on this node will be marked read-only
[2024-11-19T01:23:37,524][WARN ][o.e.c.r.a.DiskThresholdMonitor] [Retrieval] flood stage disk watermark [95%] exceeded on [TBF4-2Q_QACDur6KT8RasA][Retrieval][/home/ubuntu/graphrag/elasticsearch-8.15.2/data] free: 607.3mb[2.1%], all indices on this node will be marked read-only
[2024-11-19T01:24:07,526][WARN ][o.e.c.r.a.DiskThresholdMonitor] [Retrieval] flood stage disk watermark [95%] exceeded on [TBF4-2Q_QACDur6KT8RasA][Retrieval][/home/ubuntu/graphrag/elasticsearch-8.15.2/data] free: 605.6mb[2.1%], all indices on this node will be marked read-only
[2024-11-19T01:24:37,529][WARN ][o.e.c.r.a.DiskThresholdMonitor] [Retrieval] flood stage disk watermark [95%] exceeded on [TBF4-2Q_QACDur6KT8RasA][Retrieval][/home/ubuntu/graphrag/elasticsearch-8.15.2/data] free: 603.2mb[2.1%], all indices on this node will be marked read-only
[2024-11-19T01:25:07,531][WARN ][o.e.c.r.a.DiskThresholdMonitor] [Retrieval] flood stage disk watermark [95%] exceeded on [TBF4-2Q_QACDur6KT8RasA][Retrieval][/home/ubuntu/graphrag/elasticsearch-8.15.2/data] free: 597.6mb[2%], all indices on this node will be marked read-only
[2024-11-19T01:25:37,533][WARN ][o.e.c.r.a.DiskThresholdMonitor] [Retrieval] flood stage disk watermark [95%] exceeded on [TBF4-2Q_QACDur6KT8RasA][Retrieval][/home/ubuntu/graphrag/elasticsearch-8.15.2/data] free: 591.9mb[2%], all indices on this node will be marked read-only
[2024-11-19T01:26:07,536][WARN ][o.e.c.r.a.DiskThresholdMonitor] [Retrieval] flood stage disk watermark [95%] exceeded on [TBF4-2Q_QACDur6KT8RasA][Retrieval][/home/ubuntu/graphrag/elasticsearch-8.15.2/data] free: 586.7mb[2%], all indices on this node will be marked read-only
[2024-11-19T01:26:37,538][WARN ][o.e.c.r.a.DiskThresholdMonitor] [Retrieval] flood stage disk watermark [95%] exceeded on [TBF4-2Q_QACDur6KT8RasA][Retrieval][/home/ubuntu/graphrag/elasticsearch-8.15.2/data] free: 586.1mb[2%], all indices on this node will be marked read-only
[2024-11-19T01:27:07,541][WARN ][o.e.c.r.a.DiskThresholdMonitor] [Retrieval] flood stage disk watermark [95%] exceeded on [TBF4-2Q_QACDur6KT8RasA][Retrieval][/home/ubuntu/graphrag/elasticsearch-8.15.2/data] free: 575.2mb[2%], all indices on this node will be marked read-only
[2024-11-19T01:27:37,543][WARN ][o.e.c.r.a.DiskThresholdMonitor] [Retrieval] flood stage disk watermark [95%] exceeded on [TBF4-2Q_QACDur6KT8RasA][Retrieval][/home/ubuntu/graphrag/elasticsearch-8.15.2/data] free: 575.2mb[2%], all indices on this node will be marked read-only
[2024-11-19T01:28:07,545][WARN ][o.e.c.r.a.DiskThresholdMonitor] [Retrieval] flood stage disk watermark [95%] exceeded on [TBF4-2Q_QACDur6KT8RasA][Retrieval][/home/ubuntu/graphrag/elasticsearch-8.15.2/data] free: 575.2mb[2%], all indices on this node will be marked read-only
[2024-11-19T01:28:37,548][WARN ][o.e.c.r.a.DiskThresholdMonitor] [Retrieval] flood stage disk watermark [95%] exceeded on [TBF4-2Q_QACDur6KT8RasA][Retrieval][/home/ubuntu/graphrag/elasticsearch-8.15.2/data] free: 575.2mb[2%], all indices on this node will be marked read-only
[2024-11-19T01:29:07,550][WARN ][o.e.c.r.a.DiskThresholdMonitor] [Retrieval] flood stage disk watermark [95%] exceeded on [TBF4-2Q_QACDur6KT8RasA][Retrieval][/home/ubuntu/graphrag/elasticsearch-8.15.2/data] free: 575.2mb[2%], all indices on this node will be marked read-only
[2024-11-19T01:29:37,552][WARN ][o.e.c.r.a.DiskThresholdMonitor] [Retrieval] flood stage disk watermark [95%] exceeded on [TBF4-2Q_QACDur6KT8RasA][Retrieval][/home/ubuntu/graphrag/elasticsearch-8.15.2/data] free: 575.2mb[2%], all indices on this node will be marked read-only
[2024-11-19T01:30:00,005][INFO ][o.e.x.s.SnapshotRetentionTask] [Retrieval] starting SLM retention snapshot cleanup task
[2024-11-19T01:30:00,007][INFO ][o.e.x.s.SnapshotRetentionTask] [Retrieval] there are no repositories to fetch, SLM retention snapshot cleanup task complete
[2024-11-19T01:30:07,555][WARN ][o.e.c.r.a.DiskThresholdMonitor] [Retrieval] flood stage disk watermark [95%] exceeded on [TBF4-2Q_QACDur6KT8RasA][Retrieval][/home/ubuntu/graphrag/elasticsearch-8.15.2/data] free: 575.2mb[2%], all indices on this node will be marked read-only
[2024-11-19T01:30:37,557][WARN ][o.e.c.r.a.DiskThresholdMonitor] [Retrieval] flood stage disk watermark [95%] exceeded on [TBF4-2Q_QACDur6KT8RasA][Retrieval][/home/ubuntu/graphrag/elasticsearch-8.15.2/data] free: 575.2mb[2%], all indices on this node will be marked read-only
[2024-11-19T01:31:07,560][WARN ][o.e.c.r.a.DiskThresholdMonitor] [Retrieval] flood stage disk watermark [95%] exceeded on [TBF4-2Q_QACDur6KT8RasA][Retrieval][/home/ubuntu/graphrag/elasticsearch-8.15.2/data] free: 575.2mb[2%], all indices on this node will be marked read-only
[2024-11-19T01:31:37,562][WARN ][o.e.c.r.a.DiskThresholdMonitor] [Retrieval] flood stage disk watermark [95%] exceeded on [TBF4-2Q_QACDur6KT8RasA][Retrieval][/home/ubuntu/graphrag/elasticsearch-8.15.2/data] free: 575.2mb[2%], all indices on this node will be marked read-only
[2024-11-19T01:32:07,564][WARN ][o.e.c.r.a.DiskThresholdMonitor] [Retrieval] flood stage disk watermark [95%] exceeded on [TBF4-2Q_QACDur6KT8RasA][Retrieval][/home/ubuntu/graphrag/elasticsearch-8.15.2/data] free: 575.2mb[2%], all indices on this node will be marked read-only
[2024-11-19T01:32:37,567][WARN ][o.e.c.r.a.DiskThresholdMonitor] [Retrieval] flood stage disk watermark [95%] exceeded on [TBF4-2Q_QACDur6KT8RasA][Retrieval][/home/ubuntu/graphrag/elasticsearch-8.15.2/data] free: 575.2mb[2%], all indices on this node will be marked read-only
[2024-11-19T01:33:07,569][WARN ][o.e.c.r.a.DiskThresholdMonitor] [Retrieval] flood stage disk watermark [95%] exceeded on [TBF4-2Q_QACDur6KT8RasA][Retrieval][/home/ubuntu/graphrag/elasticsearch-8.15.2/data] free: 575.1mb[2%], all indices on this node will be marked read-only
