=== Matrix Statistics ===
Matrix:
[[1,0,0,0,0,0,0],
 [0,1,0,0,0,0,0],
 [1,1,2,0,0,0,0],
 [0,0,0,0,0,0,0],
 [0,0,0,0,0,0,0],
 [0,0,0,0,0,0,0],
 [0,0,0,0,0,0,0]]
Count: 2345

Matrix:
[[1,0,0,0,0,0,0],
 [0,1,0,0,0,0,0],
 [0,1,2,0,0,0,0],
 [1,0,1,1,0,0,0],
 [0,0,0,0,0,0,0],
 [0,0,0,0,0,0,0],
 [0,0,0,0,0,0,0]]
Count: 7

Matrix:
[[1,0,0,0,0,0,0],
 [0,1,0,0,0,0,0],
 [1,0,2,0,0,0,0],
 [0,1,1,2,0,0,0],
 [0,0,0,0,0,0,0],
 [0,0,0,0,0,0,0],
 [0,0,0,0,0,0,0]]
Count: 52

Matrix:
[[1,0,0,0,0,0,0],
 [1,1,0,0,0,0,0],
 [0,0,1,0,0,0,0],
 [0,1,1,2,0,0,0],
 [0,0,0,0,0,0,0],
 [0,0,0,0,0,0,0],
 [0,0,0,0,0,0,0]]
Count: 170

Matrix:
[[1,0,0,0,0,0,0],
 [0,1,0,0,0,0,0],
 [1,0,1,0,0,0,0],
 [0,1,1,2,0,0,0],
 [0,0,0,0,0,0,0],
 [0,0,0,0,0,0,0],
 [0,0,0,0,0,0,0]]
Count: 54

Matrix:
[[1,0,0,0,0,0,0],
 [1,1,0,0,0,0,0],
 [0,0,0,0,0,0,0],
 [0,0,0,0,0,0,0],
 [0,0,0,0,0,0,0],
 [0,0,0,0,0,0,0],
 [0,0,0,0,0,0,0]]
Count: 1341

Matrix:
[[1,0,0,0,0,0,0],
 [0,1,0,0,0,0,0],
 [1,1,2,0,0,0,0],
 [0,0,1,1,0,0,0],
 [0,0,0,0,0,0,0],
 [0,0,0,0,0,0,0],
 [0,0,0,0,0,0,0]]
Count: 118

Matrix:
[[1,0,0,0,0,0,0],
 [1,2,0,0,0,0,0],
 [0,0,0,0,0,0,0],
 [0,0,0,0,0,0,0],
 [0,0,0,0,0,0,0],
 [0,0,0,0,0,0,0],
 [0,0,0,0,0,0,0]]
Count: 177

Matrix:
[[1,0,0,0,0,0,0],
 [1,1,0,0,0,0,0],
 [0,1,2,0,0,0,0],
 [0,0,0,0,0,0,0],
 [0,0,0,0,0,0,0],
 [0,0,0,0,0,0,0],
 [0,0,0,0,0,0,0]]
Count: 1116

Matrix:
[[2,0,0,0,0,0,0],
 [1,1,0,0,0,0,0],
 [0,1,2,0,0,0,0],
 [0,0,1,1,0,0,0],
 [0,0,0,0,0,0,0],
 [0,0,0,0,0,0,0],
 [0,0,0,0,0,0,0]]
Count: 3

Matrix:
[[1,0,0,0,0,0,0],
 [0,1,0,0,0,0,0],
 [1,1,1,0,0,0,0],
 [0,0,1,2,0,0,0],
 [0,0,0,0,0,0,0],
 [0,0,0,0,0,0,0],
 [0,0,0,0,0,0,0]]
Count: 50

Matrix:
[[1,0,0,0,0,0,0],
 [0,1,0,0,0,0,0],
 [0,1,1,0,0,0,0],
 [0,0,1,1,0,0,0],
 [1,0,0,1,2,0,0],
 [0,0,0,0,0,0,0],
 [0,0,0,0,0,0,0]]
Count: 3

Matrix:
[[1,0,0,0,0,0,0],
 [0,1,0,0,0,0,0],
 [0,0,1,0,0,0,0],
 [0,1,1,2,0,0,0],
 [1,0,0,1,2,0,0],
 [0,0,0,0,0,0,0],
 [0,0,0,0,0,0,0]]
Count: 21

Matrix:
[[1,0,0,0,0,0,0],
 [0,1,0,0,0,0,0],
 [0,0,1,0,0,0,0],
 [1,0,1,2,0,0,0],
 [0,1,0,1,2,0,0],
 [0,0,0,0,0,0,0],
 [0,0,0,0,0,0,0]]
Count: 12

Matrix:
[[1,0,0,0,0,0,0],
 [0,1,0,0,0,0,0],
 [0,0,1,0,0,0,0],
 [1,0,1,2,0,0,0],
 [0,0,0,0,0,0,0],
 [0,0,0,0,0,0,0],
 [0,0,0,0,0,0,0]]
Count: 9

Matrix:
[[2,0,0,0,0,0,0],
 [1,1,0,0,0,0,0],
 [0,0,1,0,0,0,0],
 [0,0,0,1,0,0,0],
 [0,1,1,1,2,0,0],
 [0,0,0,0,0,0,0],
 [0,0,0,0,0,0,0]]
Count: 1

Matrix:
[[1,0,0,0,0,0,0],
 [0,1,0,0,0,0,0],
 [0,1,2,0,0,0,0],
 [1,1,0,2,0,0,0],
 [0,0,1,1,2,0,0],
 [0,0,0,0,0,0,0],
 [0,0,0,0,0,0,0]]
Count: 3

Matrix:
[[1,0,0,0,0,0,0],
 [1,2,0,0,0,0,0],
 [0,0,1,0,0,0,0],
 [0,0,0,1,0,0,0],
 [0,0,0,1,1,0,0],
 [0,1,1,0,0,2,0],
 [0,0,0,0,1,1,2]]
Count: 1

Matrix:
[[1,0,0,0,0,0,0],
 [1,1,0,0,0,0,0],
 [0,1,1,0,0,0,0],
 [0,0,1,1,0,0,0],
 [0,0,0,0,0,0,0],
 [0,0,0,0,0,0,0],
 [0,0,0,0,0,0,0]]
Count: 99

Matrix:
[[1,0,0,0,0,0,0],
 [0,1,0,0,0,0,0],
 [0,1,1,0,0,0,0],
 [0,0,0,1,0,0,0],
 [0,0,1,1,2,0,0],
 [0,0,0,0,0,0,0],
 [0,0,0,0,0,0,0]]
Count: 1

Matrix:
[[1,0,0,0,0,0,0],
 [0,1,0,0,0,0,0],
 [1,1,2,0,0,0,0],
 [0,0,1,2,0,0,0],
 [0,0,0,0,0,0,0],
 [0,0,0,0,0,0,0],
 [0,0,0,0,0,0,0]]
Count: 191

Matrix:
[[1,0,0,0,0,0,0],
 [0,1,0,0,0,0,0],
 [0,0,1,0,0,0,0],
 [1,1,1,2,0,0,0],
 [0,0,0,0,0,0,0],
 [0,0,0,0,0,0,0],
 [0,0,0,0,0,0,0]]
Count: 89

Matrix:
[[1,0,0,0,0,0,0],
 [1,1,0,0,0,0,0],
 [0,1,1,0,0,0,0],
 [0,0,0,0,0,0,0],
 [0,0,0,0,0,0,0],
 [0,0,0,0,0,0,0],
 [0,0,0,0,0,0,0]]
Count: 633

Matrix:
[[1,0,0,0,0,0,0],
 [0,1,0,0,0,0,0],
 [1,1,2,0,0,0,0],
 [0,0,0,1,0,0,0],
 [0,0,1,1,2,0,0],
 [0,0,0,0,0,0,0],
 [0,0,0,0,0,0,0]]
Count: 15

Matrix:
[[1,0,0,0,0,0,0],
 [0,1,0,0,0,0,0],
 [0,0,1,0,0,0,0],
 [0,0,0,1,0,0,0],
 [1,1,1,1,2,0,0],
 [0,0,0,0,0,0,0],
 [0,0,0,0,0,0,0]]
Count: 6

Matrix:
[[1,0,0,0,0,0,0],
 [0,1,0,0,0,0,0],
 [1,0,2,0,0,0,0],
 [0,1,0,2,0,0,0],
 [0,0,1,1,2,0,0],
 [0,0,0,0,0,0,0],
 [0,0,0,0,0,0,0]]
Count: 795

Matrix:
[[1,0,0,0,0,0,0],
 [1,1,0,0,0,0,0],
 [0,1,1,0,0,0,0],
 [0,1,0,1,0,0,0],
 [0,0,1,1,2,0,0],
 [0,0,0,0,0,0,0],
 [0,0,0,0,0,0,0]]
Count: 10

Matrix:
[[1,0,0,0,0,0,0],
 [0,1,0,0,0,0,0],
 [0,0,2,0,0,0,0],
 [0,0,0,2,0,0,0],
 [1,1,0,0,2,0,0],
 [0,0,1,1,0,2,0],
 [0,0,0,0,1,1,2]]
Count: 1

Matrix:
[[1,0,0,0,0,0,0],
 [1,2,0,0,0,0,0],
 [0,0,1,0,0,0,0],
 [0,1,1,2,0,0,0],
 [0,0,0,0,0,0,0],
 [0,0,0,0,0,0,0],
 [0,0,0,0,0,0,0]]
Count: 97

Matrix:
[[2,0,0,0,0,0,0],
 [1,1,0,0,0,0,0],
 [1,0,1,0,0,0,0],
 [0,1,0,2,0,0,0],
 [0,0,1,0,2,0,0],
 [0,0,0,1,1,2,0],
 [0,0,0,0,0,0,0]]
Count: 1

Matrix:
[[1,0,0,0,0,0,0],
 [1,1,0,0,0,0,0],
 [1,1,2,0,0,0,0],
 [0,0,0,0,0,0,0],
 [0,0,0,0,0,0,0],
 [0,0,0,0,0,0,0],
 [0,0,0,0,0,0,0]]
Count: 64

Matrix:
[[1,0,0,0,0,0,0],
 [1,1,0,0,0,0,0],
 [0,1,1,0,0,0,0],
 [0,0,1,2,0,0,0],
 [0,0,0,0,0,0,0],
 [0,0,0,0,0,0,0],
 [0,0,0,0,0,0,0]]
Count: 237

Matrix:
[[1,0,0,0,0,0,0],
 [0,1,0,0,0,0,0],
 [0,1,1,0,0,0,0],
 [1,0,1,2,0,0,0],
 [0,0,0,1,2,0,0],
 [0,0,0,0,0,0,0],
 [0,0,0,0,0,0,0]]
Count: 6

Matrix:
[[1,0,0,0,0,0,0],
 [0,1,0,0,0,0,0],
 [1,1,1,0,0,0,0],
 [0,0,0,0,0,0,0],
 [0,0,0,0,0,0,0],
 [0,0,0,0,0,0,0],
 [0,0,0,0,0,0,0]]
Count: 51

Matrix:
[[1,0,0,0,0,0,0],
 [0,1,0,0,0,0,0],
 [0,1,1,0,0,0,0],
 [1,0,1,2,0,0,0],
 [0,0,0,0,0,0,0],
 [0,0,0,0,0,0,0],
 [0,0,0,0,0,0,0]]
Count: 57

Matrix:
[[1,0,0,0,0,0,0],
 [0,1,0,0,0,0,0],
 [1,0,2,0,0,0,0],
 [0,0,1,1,0,0,0],
 [0,1,0,1,2,0,0],
 [0,0,0,0,0,0,0],
 [0,0,0,0,0,0,0]]
Count: 1

Matrix:
[[1,0,0,0,0,0,0],
 [1,1,0,0,0,0,0],
 [0,1,1,0,0,0,0],
 [0,1,1,1,0,0,0],
 [1,0,0,1,1,0,0],
 [0,0,0,0,0,0,0],
 [0,0,0,0,0,0,0]]
Count: 1

Matrix:
[[1,0,0,0,0,0,0],
 [1,2,0,0,0,0,0],
 [0,1,1,0,0,0,0],
 [0,0,0,1,0,0,0],
 [0,0,1,1,2,0,0],
 [0,0,0,0,0,0,0],
 [0,0,0,0,0,0,0]]
Count: 5

Matrix:
[[1,0,0,0,0,0,0],
 [0,1,0,0,0,0,0],
 [1,0,1,0,0,0,0],
 [0,0,1,2,0,0,0],
 [0,1,0,1,2,0,0],
 [0,0,0,0,0,0,0],
 [0,0,0,0,0,0,0]]
Count: 3

Matrix:
[[1,0,0,0,0,0,0],
 [1,1,0,0,0,0,0],
 [1,0,1,0,0,0,0],
 [0,1,1,2,0,0,0],
 [0,0,0,0,0,0,0],
 [0,0,0,0,0,0,0],
 [0,0,0,0,0,0,0]]
Count: 129

Matrix:
[[1,0,0,0,0,0,0],
 [1,1,0,0,0,0,0],
 [0,1,2,0,0,0,0],
 [0,0,0,1,0,0,0],
 [0,0,1,1,2,0,0],
 [0,0,0,0,0,0,0],
 [0,0,0,0,0,0,0]]
Count: 4

Matrix:
[[1,0,0,0,0,0,0],
 [0,1,0,0,0,0,0],
 [0,1,2,0,0,0,0],
 [0,0,1,2,0,0,0],
 [1,0,0,1,2,0,0],
 [0,0,0,0,0,0,0],
 [0,0,0,0,0,0,0]]
Count: 2

Matrix:
[[1,0,0,0,0,0,0],
 [1,2,0,0,0,0,0],
 [0,1,1,0,0,0,0],
 [0,0,0,0,0,0,0],
 [0,0,0,0,0,0,0],
 [0,0,0,0,0,0,0],
 [0,0,0,0,0,0,0]]
Count: 229

Matrix:
[[1,0,0,0,0,0,0],
 [1,1,0,0,0,0,0],
 [0,1,1,0,0,0,0],
 [0,0,1,1,0,0,0],
 [0,0,0,1,2,0,0],
 [0,0,0,0,0,0,0],
 [0,0,0,0,0,0,0]]
Count: 25

Matrix:
[[1,0,0,0,0,0,0],
 [1,2,0,0,0,0,0],
 [0,1,1,0,0,0,0],
 [0,0,1,1,0,0,0],
 [0,0,0,0,0,0,0],
 [0,0,0,0,0,0,0],
 [0,0,0,0,0,0,0]]
Count: 25

Matrix:
[[1,0,0,0,0,0,0],
 [1,1,0,0,0,0,0],
 [0,0,1,0,0,0,0],
 [0,0,1,2,0,0,0],
 [0,1,0,1,2,0,0],
 [0,0,0,0,0,0,0],
 [0,0,0,0,0,0,0]]
Count: 6

Matrix:
[[2,0,0,0,0,0,0],
 [1,1,0,0,0,0,0],
 [0,1,2,0,0,0,0],
 [0,0,0,0,0,0,0],
 [0,0,0,0,0,0,0],
 [0,0,0,0,0,0,0],
 [0,0,0,0,0,0,0]]
Count: 14

Matrix:
[[1,0,0,0,0,0,0],
 [0,1,0,0,0,0,0],
 [0,0,1,0,0,0,0],
 [1,1,0,2,0,0,0],
 [0,0,1,1,2,0,0],
 [0,0,0,0,0,0,0],
 [0,0,0,0,0,0,0]]
Count: 26

Matrix:
[[2,0,0,0,0,0,0],
 [1,1,0,0,0,0,0],
 [0,1,1,0,0,0,0],
 [0,0,1,2,0,0,0],
 [1,0,0,1,2,0,0],
 [0,0,0,0,0,0,0],
 [0,0,0,0,0,0,0]]
Count: 1

Matrix:
[[1,0,0,0,0,0,0],
 [1,1,0,0,0,0,0],
 [0,1,1,0,0,0,0],
 [0,0,1,2,0,0,0],
 [0,1,0,0,1,0,0],
 [0,0,0,1,1,2,0],
 [0,0,0,0,0,0,0]]
Count: 1

Matrix:
[[1,0,0,0,0,0,0],
 [0,1,0,0,0,0,0],
 [0,1,2,0,0,0,0],
 [1,0,1,2,0,0,0],
 [0,0,0,0,0,0,0],
 [0,0,0,0,0,0,0],
 [0,0,0,0,0,0,0]]
Count: 50

Matrix:
[[1,0,0,0,0,0,0],
 [0,1,0,0,0,0,0],
 [1,1,1,0,0,0,0],
 [0,1,0,1,0,0,0],
 [0,0,1,1,2,0,0],
 [0,0,0,0,0,0,0],
 [0,0,0,0,0,0,0]]
Count: 3

Matrix:
[[1,0,0,0,0,0,0],
 [0,2,0,0,0,0,0],
 [1,0,1,0,0,0,0],
 [0,1,1,2,0,0,0],
 [0,0,0,0,1,0,0],
 [0,0,0,1,1,2,0],
 [0,0,0,0,0,0,0]]
Count: 1

Matrix:
[[1,0,0,0,0,0,0],
 [1,2,0,0,0,0,0],
 [0,1,1,0,0,0,0],
 [0,0,1,2,0,0,0],
 [1,0,0,1,2,0,0],
 [0,0,0,0,0,0,0],
 [0,0,0,0,0,0,0]]
Count: 1

Matrix:
[[2,0,0,0,0,0,0],
 [1,1,0,0,0,0,0],
 [0,1,1,0,0,0,0],
 [0,1,0,1,0,0,0],
 [1,0,0,1,2,0,0],
 [0,0,1,0,1,2,0],
 [0,0,0,0,0,0,0]]
Count: 1

Matrix:
[[1,0,0,0,0,0,0],
 [0,1,0,0,0,0,0],
 [0,0,1,0,0,0,0],
 [0,1,0,2,0,0,0],
 [0,0,1,0,2,0,0],
 [1,0,0,1,1,2,0],
 [0,0,0,0,0,0,0]]
Count: 1

Matrix:
[[1,0,0,0,0,0,0],
 [1,2,0,0,0,0,0],
 [0,1,1,0,0,0,0],
 [0,0,1,2,0,0,0],
 [0,0,0,0,0,0,0],
 [0,0,0,0,0,0,0],
 [0,0,0,0,0,0,0]]
Count: 149

Matrix:
[[1,0,0,0,0,0,0],
 [0,1,0,0,0,0,0],
 [1,0,1,0,0,0,0],
 [0,1,0,1,0,0,0],
 [0,0,1,1,2,0,0],
 [0,0,0,0,0,0,0],
 [0,0,0,0,0,0,0]]
Count: 47

Matrix:
[[1,0,0,0,0,0,0],
 [1,1,0,0,0,0,0],
 [0,0,1,0,0,0,0],
 [0,0,1,1,0,0,0],
 [0,1,0,1,2,0,0],
 [0,0,0,0,0,0,0],
 [0,0,0,0,0,0,0]]
Count: 22

Matrix:
[[1,0,0,0,0,0,0],
 [1,2,0,0,0,0,0],
 [0,1,1,0,0,0,0],
 [0,0,1,1,0,0,0],
 [0,0,0,1,2,0,0],
 [0,0,0,0,0,0,0],
 [0,0,0,0,0,0,0]]
Count: 8

Matrix:
[[1,0,0,0,0,0,0],
 [1,2,0,0,0,0,0],
 [0,0,1,0,0,0,0],
 [0,0,1,2,0,0,0],
 [0,0,0,0,0,0,0],
 [0,0,0,0,0,0,0],
 [0,0,0,0,0,0,0]]
Count: 1

Matrix:
[[1,0,0,0,0,0,0],
 [1,2,0,0,0,0,0],
 [0,0,1,0,0,0,0],
 [0,1,1,2,0,0,0],
 [0,0,0,1,1,0,0],
 [0,0,0,0,0,0,0],
 [0,0,0,0,0,0,0]]
Count: 2

Matrix:
[[1,0,0,0,0,0,0],
 [1,2,0,0,0,0,0],
 [0,0,1,0,0,0,0],
 [0,0,1,1,0,0,0],
 [0,1,0,1,2,0,0],
 [0,0,0,0,1,2,0],
 [0,0,0,0,0,0,0]]
Count: 2

Matrix:
[[1,0,0,0,0,0,0],
 [1,2,0,0,0,0,0],
 [0,1,1,0,0,0,0],
 [0,1,0,1,0,0,0],
 [0,0,0,1,2,0,0],
 [0,0,0,0,0,0,0],
 [0,0,0,0,0,0,0]]
Count: 1

Matrix:
[[1,0,0,0,0,0,0],
 [1,2,0,0,0,0,0],
 [0,1,1,0,0,0,0],
 [0,0,1,2,0,0,0],
 [0,0,1,0,2,0,0],
 [0,0,0,0,1,2,0],
 [0,0,0,0,0,0,0]]
Count: 1

Matrix:
[[1,0,0,0,0,0,0],
 [1,1,0,0,0,0,0],
 [0,1,2,0,0,0,0],
 [0,0,1,2,0,0,0],
 [0,0,0,0,0,0,0],
 [0,0,0,0,0,0,0],
 [0,0,0,0,0,0,0]]
Count: 71

Matrix:
[[1,0,0,0,0,0,0],
 [0,1,0,0,0,0,0],
 [1,1,2,0,0,0,0],
 [1,0,1,2,0,0,0],
 [0,0,0,0,0,0,0],
 [0,0,0,0,0,0,0],
 [0,0,0,0,0,0,0]]
Count: 1

Matrix:
[[2,0,0,0,0,0,0],
 [0,2,0,0,0,0,0],
 [0,0,1,0,0,0,0],
 [0,1,0,2,0,0,0],
 [1,0,1,0,1,0,0],
 [0,0,0,0,0,0,0],
 [0,0,0,0,0,0,0]]
Count: 1

Matrix:
[[1,0,0,0,0,0,0],
 [1,2,0,0,0,0,0],
 [0,1,1,0,0,0,0],
 [0,0,1,2,0,0,0],
 [0,0,0,1,1,0,0],
 [0,0,0,0,0,0,0],
 [0,0,0,0,0,0,0]]
Count: 5

Matrix:
[[1,0,0,0,0,0,0],
 [1,1,0,0,0,0,0],
 [0,1,1,0,0,0,0],
 [0,0,1,1,0,0,0],
 [0,0,0,1,1,0,0],
 [0,0,0,0,0,0,0],
 [0,0,0,0,0,0,0]]
Count: 3

Matrix:
[[1,0,0,0,0,0,0],
 [1,1,0,0,0,0,0],
 [0,1,2,0,0,0,0],
 [0,0,1,1,0,0,0],
 [0,0,0,0,0,0,0],
 [0,0,0,0,0,0,0],
 [0,0,0,0,0,0,0]]
Count: 70

Matrix:
[[1,0,0,0,0,0,0],
 [1,1,0,0,0,0,0],
 [1,1,1,0,0,0,0],
 [0,0,1,1,0,0,0],
 [0,0,0,0,0,0,0],
 [0,0,0,0,0,0,0],
 [0,0,0,0,0,0,0]]
Count: 1

Matrix:
[[1,0,0,0,0,0,0],
 [0,1,0,0,0,0,0],
 [1,0,1,0,0,0,0],
 [1,1,0,2,0,0,0],
 [0,0,0,0,0,0,0],
 [0,0,0,0,0,0,0],
 [0,0,0,0,0,0,0]]
Count: 6

Matrix:
[[1,0,0,0,0,0,0],
 [0,1,0,0,0,0,0],
 [0,1,2,0,0,0,0],
 [1,0,1,2,0,0,0],
 [0,0,0,1,2,0,0],
 [0,0,0,0,0,0,0],
 [0,0,0,0,0,0,0]]
Count: 2

Matrix:
[[1,0,0,0,0,0,0],
 [0,2,0,0,0,0,0],
 [1,1,1,0,0,0,0],
 [0,0,1,2,0,0,0],
 [0,0,0,0,0,0,0],
 [0,0,0,0,0,0,0],
 [0,0,0,0,0,0,0]]
Count: 1

Matrix:
[[2,0,0,0,0,0,0],
 [1,1,0,0,0,0,0],
 [0,0,1,0,0,0,0],
 [0,1,1,2,0,0,0],
 [0,0,0,1,2,0,0],
 [0,0,0,0,0,0,0],
 [0,0,0,0,0,0,0]]
Count: 1

Matrix:
[[1,0,0,0,0,0,0],
 [1,2,0,0,0,0,0],
 [1,0,1,0,0,0,0],
 [0,0,1,2,0,0,0],
 [0,0,0,0,0,0,0],
 [0,0,0,0,0,0,0],
 [0,0,0,0,0,0,0]]
Count: 2

Matrix:
[[1,0,0,0,0,0,0],
 [0,1,0,0,0,0,0],
 [0,1,1,0,0,0,0],
 [0,0,0,0,0,0,0],
 [0,0,0,0,0,0,0],
 [0,0,0,0,0,0,0],
 [0,0,0,0,0,0,0]]
Count: 5

Matrix:
[[1,0,0,0,0,0,0],
 [1,1,0,0,0,0,0],
 [1,0,1,0,0,0,0],
 [0,0,1,1,0,0,0],
 [0,1,0,1,2,0,0],
 [0,0,0,0,0,0,0],
 [0,0,0,0,0,0,0]]
Count: 7

Matrix:
[[1,0,0,0,0,0,0],
 [1,1,0,0,0,0,0],
 [1,0,1,0,0,0,0],
 [0,0,1,1,0,0,0],
 [0,0,0,0,0,0,0],
 [0,0,0,0,0,0,0],
 [0,0,0,0,0,0,0]]
Count: 2

Matrix:
[[1,0,0,0,0,0,0],
 [1,1,0,0,0,0,0],
 [0,1,1,0,0,0,0],
 [0,0,1,1,0,0,0],
 [0,0,1,1,2,0,0],
 [0,0,0,0,0,0,0],
 [0,0,0,0,0,0,0]]
Count: 3

Matrix:
[[1,0,0,0,0,0,0],
 [1,1,0,0,0,0,0],
 [1,1,2,0,0,0,0],
 [0,0,1,1,0,0,0],
 [0,0,0,0,0,0,0],
 [0,0,0,0,0,0,0],
 [0,0,0,0,0,0,0]]
Count: 5

Matrix:
[[1,0,0,0,0,0,0],
 [0,1,0,0,0,0,0],
 [1,1,2,0,0,0,0],
 [0,0,1,1,0,0,0],
 [0,0,0,1,2,0,0],
 [0,0,0,0,0,0,0],
 [0,0,0,0,0,0,0]]
Count: 27

Matrix:
[[1,0,0,0,0,0,0],
 [0,1,0,0,0,0,0],
 [1,0,1,0,0,0,0],
 [0,1,1,2,0,0,0],
 [0,0,0,1,1,0,0],
 [0,0,0,0,0,0,0],
 [0,0,0,0,0,0,0]]
Count: 6

Matrix:
[[1,0,0,0,0,0,0],
 [1,1,0,0,0,0,0],
 [0,0,1,0,0,0,0],
 [0,1,1,2,0,0,0],
 [0,0,0,1,1,0,0],
 [0,0,0,0,1,2,0],
 [0,0,0,0,0,0,0]]
Count: 2

Matrix:
[[1,0,0,0,0,0,0],
 [0,1,0,0,0,0,0],
 [0,0,1,0,0,0,0],
 [0,0,1,1,0,0,0],
 [1,0,0,1,2,0,0],
 [0,0,0,0,0,0,0],
 [0,0,0,0,0,0,0]]
Count: 1

Matrix:
[[1,0,0,0,0,0,0],
 [1,2,0,0,0,0,0],
 [0,0,1,0,0,0,0],
 [0,0,0,1,0,0,0],
 [0,0,1,1,2,0,0],
 [0,1,0,0,1,2,0],
 [0,0,0,0,0,0,0]]
Count: 2

Matrix:
[[1,0,0,0,0,0,0],
 [0,1,0,0,0,0,0],
 [0,0,1,0,0,0,0],
 [0,1,1,2,0,0,0],
 [0,0,0,0,0,0,0],
 [0,0,0,0,0,0,0],
 [0,0,0,0,0,0,0]]
Count: 19

Matrix:
[[1,0,0,0,0,0,0],
 [0,1,0,0,0,0,0],
 [0,1,1,0,0,0,0],
 [1,0,1,1,0,0,0],
 [0,0,0,0,0,0,0],
 [0,0,0,0,0,0,0],
 [0,0,0,0,0,0,0]]
Count: 4

Matrix:
[[1,0,0,0,0,0,0],
 [1,1,0,0,0,0,0],
 [0,0,1,0,0,0,0],
 [0,0,1,2,0,0,0],
 [0,0,0,1,1,0,0],
 [0,0,0,0,0,0,0],
 [0,0,0,0,0,0,0]]
Count: 1

Matrix:
[[1,0,0,0,0,0,0],
 [0,0,0,0,0,0,0],
 [0,0,0,0,0,0,0],
 [0,0,0,0,0,0,0],
 [0,0,0,0,0,0,0],
 [0,0,0,0,0,0,0],
 [0,0,0,0,0,0,0]]
Count: 9

Matrix:
[[1,0,0,0,0,0,0],
 [1,2,0,0,0,0,0],
 [0,0,1,0,0,0,0],
 [0,0,1,1,0,0,0],
 [0,0,0,1,2,0,0],
 [0,0,0,0,0,0,0],
 [0,0,0,0,0,0,0]]
Count: 1

Matrix:
[[1,0,0,0,0,0,0],
 [1,2,0,0,0,0,0],
 [1,0,1,0,0,0,0],
 [1,0,0,1,0,0,0],
 [0,1,1,1,2,0,0],
 [0,0,0,0,0,0,0],
 [0,0,0,0,0,0,0]]
Count: 1

Matrix:
[[1,0,0,0,0,0,0],
 [1,2,0,0,0,0,0],
 [0,0,1,0,0,0,0],
 [0,0,1,1,0,0,0],
 [0,0,0,0,0,0,0],
 [0,0,0,0,0,0,0],
 [0,0,0,0,0,0,0]]
Count: 1

Matrix:
[[1,0,0,0,0,0,0],
 [0,1,0,0,0,0,0],
 [0,0,1,0,0,0,0],
 [0,1,1,2,0,0,0],
 [0,0,0,1,1,0,0],
 [0,0,0,0,0,0,0],
 [0,0,0,0,0,0,0]]
Count: 3

Matrix:
[[1,0,0,0,0,0,0],
 [1,1,0,0,0,0,0],
 [1,0,1,0,0,0,0],
 [0,1,1,2,0,0,0],
 [0,0,0,1,1,0,0],
 [0,0,0,0,0,0,0],
 [0,0,0,0,0,0,0]]
Count: 4

Matrix:
[[1,0,0,0,0,0,0],
 [1,2,0,0,0,0,0],
 [0,1,2,0,0,0,0],
 [0,0,1,1,0,0,0],
 [0,0,0,1,2,0,0],
 [0,0,0,0,0,0,0],
 [0,0,0,0,0,0,0]]
Count: 3

Matrix:
[[1,0,0,0,0,0,0],
 [1,1,0,0,0,0,0],
 [1,1,1,0,0,0,0],
 [0,0,0,0,0,0,0],
 [0,0,0,0,0,0,0],
 [0,0,0,0,0,0,0],
 [0,0,0,0,0,0,0]]
Count: 12

Matrix:
[[1,0,0,0,0,0,0],
 [1,1,0,0,0,0,0],
 [1,1,2,0,0,0,0],
 [0,0,1,1,0,0,0],
 [0,0,1,1,2,0,0],
 [0,0,0,0,0,0,0],
 [0,0,0,0,0,0,0]]
Count: 1

Matrix:
[[1,0,0,0,0,0,0],
 [1,2,0,0,0,0,0],
 [0,1,2,0,0,0,0],
 [0,0,1,1,0,0,0],
 [0,0,0,0,0,0,0],
 [0,0,0,0,0,0,0],
 [0,0,0,0,0,0,0]]
Count: 12

Matrix:
[[2,0,0,0,0,0,0],
 [0,1,0,0,0,0,0],
 [1,1,2,0,0,0,0],
 [0,0,0,0,0,0,0],
 [0,0,0,0,0,0,0],
 [0,0,0,0,0,0,0],
 [0,0,0,0,0,0,0]]
Count: 6

Matrix:
[[1,0,0,0,0,0,0],
 [1,2,0,0,0,0,0],
 [1,0,2,0,0,0,0],
 [0,1,1,2,0,0,0],
 [0,0,0,0,0,0,0],
 [0,0,0,0,0,0,0],
 [0,0,0,0,0,0,0]]
Count: 19

Matrix:
[[1,0,0,0,0,0,0],
 [0,1,0,0,0,0,0],
 [0,0,1,0,0,0,0],
 [0,0,1,1,0,0,0],
 [1,1,0,1,2,0,0],
 [0,0,0,0,0,0,0],
 [0,0,0,0,0,0,0]]
Count: 2

Matrix:
[[1,0,0,0,0,0,0],
 [1,2,0,0,0,0,0],
 [0,0,1,0,0,0,0],
 [0,1,1,2,0,0,0],
 [0,0,0,1,2,0,0],
 [0,0,0,0,0,0,0],
 [0,0,0,0,0,0,0]]
Count: 9

Matrix:
[[1,0,0,0,0,0,0],
 [1,1,0,0,0,0,0],
 [0,0,1,0,0,0,0],
 [0,1,1,2,0,0,0],
 [0,1,0,1,2,0,0],
 [0,0,0,0,0,0,0],
 [0,0,0,0,0,0,0]]
Count: 1

Matrix:
[[1,0,0,0,0,0,0],
 [1,1,0,0,0,0,0],
 [0,0,1,0,0,0,0],
 [0,1,0,1,0,0,0],
 [0,0,1,1,2,0,0],
 [0,0,0,0,0,0,0],
 [0,0,0,0,0,0,0]]
Count: 2

Matrix:
[[1,0,0,0,0,0,0],
 [1,1,0,0,0,0,0],
 [0,0,1,0,0,0,0],
 [0,1,0,2,0,0,0],
 [0,0,1,1,2,0,0],
 [0,0,0,1,1,2,0],
 [0,0,0,0,0,0,0]]
Count: 1

Matrix:
[[1,0,0,0,0,0,0],
 [1,1,0,0,0,0,0],
 [0,1,1,0,0,0,0],
 [1,0,1,2,0,0,0],
 [0,0,0,0,0,0,0],
 [0,0,0,0,0,0,0],
 [0,0,0,0,0,0,0]]
Count: 11

Matrix:
[[1,0,0,0,0,0,0],
 [1,1,0,0,0,0,0],
 [0,1,1,0,0,0,0],
 [0,1,1,2,0,0,0],
 [0,0,0,1,2,0,0],
 [0,0,0,0,0,0,0],
 [0,0,0,0,0,0,0]]
Count: 2

Matrix:
[[1,0,0,0,0,0,0],
 [0,1,0,0,0,0,0],
 [0,0,1,0,0,0,0],
 [0,1,0,1,0,0,0],
 [1,0,0,1,2,0,0],
 [0,0,0,0,0,0,0],
 [0,0,0,0,0,0,0]]
Count: 1

Matrix:
[[1,0,0,0,0,0,0],
 [1,1,0,0,0,0,0],
 [0,1,2,0,0,0,0],
 [1,0,1,2,0,0,0],
 [0,0,0,1,2,0,0],
 [0,0,0,0,0,0,0],
 [0,0,0,0,0,0,0]]
Count: 1

Matrix:
[[1,0,0,0,0,0,0],
 [1,2,0,0,0,0,0],
 [1,0,2,0,0,0,0],
 [1,0,0,2,0,0,0],
 [0,1,1,1,2,0,0],
 [0,0,0,0,0,0,0],
 [0,0,0,0,0,0,0]]
Count: 5

Matrix:
[[1,0,0,0,0,0,0],
 [1,1,0,0,0,0,0],
 [0,0,1,0,0,0,0],
 [0,1,1,2,0,0,0],
 [0,0,0,1,2,0,0],
 [0,0,0,0,0,0,0],
 [0,0,0,0,0,0,0]]
Count: 29

Matrix:
[[1,0,0,0,0,0,0],
 [1,2,0,0,0,0,0],
 [0,1,2,0,0,0,0],
 [0,0,0,0,0,0,0],
 [0,0,0,0,0,0,0],
 [0,0,0,0,0,0,0],
 [0,0,0,0,0,0,0]]
Count: 88

Matrix:
[[2,0,0,0,0,0,0],
 [1,1,0,0,0,0,0],
 [1,0,1,0,0,0,0],
 [0,1,1,2,0,0,0],
 [0,0,0,0,0,0,0],
 [0,0,0,0,0,0,0],
 [0,0,0,0,0,0,0]]
Count: 17

Matrix:
[[1,0,0,0,0,0,0],
 [1,1,0,0,0,0,0],
 [0,0,1,0,0,0,0],
 [0,0,1,1,0,0,0],
 [0,0,0,1,1,0,0],
 [0,1,0,0,1,2,0],
 [0,0,0,0,0,0,0]]
Count: 1

Matrix:
[[1,0,0,0,0,0,0],
 [0,1,0,0,0,0,0],
 [1,0,1,0,0,0,0],
 [0,0,0,1,0,0,0],
 [0,0,1,1,2,0,0],
 [0,0,0,0,0,0,0],
 [0,0,0,0,0,0,0]]
Count: 2

Matrix:
[[1,0,0,0,0,0,0],
 [0,1,0,0,0,0,0],
 [1,0,1,0,0,0,0],
 [0,1,0,1,0,0,0],
 [0,0,1,0,2,0,0],
 [0,0,0,1,0,2,0],
 [0,0,0,0,1,1,2]]
Count: 7

Matrix:
[[1,0,0,0,0,0,0],
 [0,1,0,0,0,0,0],
 [1,1,2,0,0,0,0],
 [1,0,0,1,0,0,0],
 [0,0,0,0,0,0,0],
 [0,0,0,0,0,0,0],
 [0,0,0,0,0,0,0]]
Count: 1

Matrix:
[[1,0,0,0,0,0,0],
 [0,1,0,0,0,0,0],
 [0,0,1,0,0,0,0],
 [1,1,0,2,0,0,0],
 [1,1,1,1,2,0,0],
 [0,0,0,0,0,0,0],
 [0,0,0,0,0,0,0]]
Count: 1

Matrix:
[[1,0,0,0,0,0,0],
 [0,2,0,0,0,0,0],
 [1,1,2,0,0,0,0],
 [0,0,0,0,0,0,0],
 [0,0,0,0,0,0,0],
 [0,0,0,0,0,0,0],
 [0,0,0,0,0,0,0]]
Count: 3

Matrix:
[[1,0,0,0,0,0,0],
 [0,1,0,0,0,0,0],
 [1,1,1,0,0,0,0],
 [0,1,0,2,0,0,0],
 [0,0,0,0,0,0,0],
 [0,0,0,0,0,0,0],
 [0,0,0,0,0,0,0]]
Count: 1

Matrix:
[[1,0,0,0,0,0,0],
 [1,1,0,0,0,0,0],
 [1,0,1,0,0,0,0],
 [0,1,1,1,0,0,0],
 [0,1,0,1,2,0,0],
 [0,0,0,0,0,0,0],
 [0,0,0,0,0,0,0]]
Count: 1

Matrix:
[[1,0,0,0,0,0,0],
 [0,1,0,0,0,0,0],
 [0,1,1,0,0,0,0],
 [1,0,1,1,0,0,0],
 [0,0,0,1,2,0,0],
 [0,0,0,0,0,0,0],
 [0,0,0,0,0,0,0]]
Count: 3

Matrix:
[[1,0,0,0,0,0,0],
 [0,1,0,0,0,0,0],
 [1,1,1,0,0,0,0],
 [0,1,1,2,0,0,0],
 [0,0,0,0,0,0,0],
 [0,0,0,0,0,0,0],
 [0,0,0,0,0,0,0]]
Count: 4

Matrix:
[[1,0,0,0,0,0,0],
 [0,1,0,0,0,0,0],
 [1,1,1,0,0,0,0],
 [0,1,0,2,0,0,0],
 [0,0,1,1,2,0,0],
 [0,0,0,0,0,0,0],
 [0,0,0,0,0,0,0]]
Count: 1

Matrix:
[[1,0,0,0,0,0,0],
 [0,1,0,0,0,0,0],
 [0,0,1,0,0,0,0],
 [1,0,1,1,0,0,0],
 [0,1,1,0,1,0,0],
 [0,0,1,0,0,1,0],
 [0,0,0,1,1,1,2]]
Count: 1

Matrix:
[[1,0,0,0,0,0,0],
 [1,1,0,0,0,0,0],
 [1,0,1,0,0,0,0],
 [0,0,0,1,0,0,0],
 [0,1,1,1,2,0,0],
 [0,0,0,0,0,0,0],
 [0,0,0,0,0,0,0]]
Count: 1

Matrix:
[[1,0,0,0,0,0,0],
 [0,1,0,0,0,0,0],
 [0,1,1,0,0,0,0],
 [1,1,0,1,0,0,0],
 [0,0,0,0,0,0,0],
 [0,0,0,0,0,0,0],
 [0,0,0,0,0,0,0]]
Count: 1

Matrix:
[[1,0,0,0,0,0,0],
 [1,1,0,0,0,0,0],
 [0,1,1,0,0,0,0],
 [0,0,0,1,0,0,0],
 [0,0,1,1,2,0,0],
 [0,0,0,0,0,0,0],
 [0,0,0,0,0,0,0]]
Count: 8

Matrix:
[[1,0,0,0,0,0,0],
 [0,1,0,0,0,0,0],
 [0,1,1,0,0,0,0],
 [0,0,0,1,0,0,0],
 [0,0,1,0,2,0,0],
 [0,0,0,1,1,2,0],
 [0,0,0,0,0,0,0]]
Count: 1

Matrix:
[[1,0,0,0,0,0,0],
 [0,1,0,0,0,0,0],
 [1,0,2,0,0,0,0],
 [0,1,0,2,0,0,0],
 [0,0,1,1,2,0,0],
 [0,0,0,0,1,2,0],
 [0,0,0,0,0,0,0]]
Count: 5

Matrix:
[[1,0,0,0,0,0,0],
 [1,1,0,0,0,0,0],
 [0,1,1,0,0,0,0],
 [0,1,1,2,0,0,0],
 [0,0,0,0,0,0,0],
 [0,0,0,0,0,0,0],
 [0,0,0,0,0,0,0]]
Count: 14

Matrix:
[[1,0,0,0,0,0,0],
 [0,1,0,0,0,0,0],
 [0,0,1,0,0,0,0],
 [1,1,1,2,0,0,0],
 [0,0,0,1,1,0,0],
 [0,0,0,0,1,2,0],
 [0,0,0,0,0,0,0]]
Count: 1

Matrix:
[[2,0,0,0,0,0,0],
 [1,2,0,0,0,0,0],
 [0,1,1,0,0,0,0],
 [0,0,0,0,0,0,0],
 [0,0,0,0,0,0,0],
 [0,0,0,0,0,0,0],
 [0,0,0,0,0,0,0]]
Count: 2

Matrix:
[[1,0,0,0,0,0,0],
 [0,1,0,0,0,0,0],
 [0,1,2,0,0,0,0],
 [1,0,1,2,0,0,0],
 [0,0,0,1,1,0,0],
 [0,0,0,0,0,0,0],
 [0,0,0,0,0,0,0]]
Count: 2

Matrix:
[[1,0,0,0,0,0,0],
 [0,1,0,0,0,0,0],
 [0,0,1,0,0,0,0],
 [1,0,0,1,0,0,0],
 [0,1,1,0,2,0,0],
 [0,0,0,0,0,0,0],
 [0,0,0,0,0,0,0]]
Count: 1

Matrix:
[[1,0,0,0,0,0,0],
 [0,1,0,0,0,0,0],
 [1,1,1,0,0,0,0],
 [0,0,1,1,0,0,0],
 [0,0,0,0,0,0,0],
 [0,0,0,0,0,0,0],
 [0,0,0,0,0,0,0]]
Count: 17

Matrix:
[[1,0,0,0,0,0,0],
 [0,1,0,0,0,0,0],
 [0,1,2,0,0,0,0],
 [1,0,0,1,0,0,0],
 [0,0,0,0,0,0,0],
 [0,0,0,0,0,0,0],
 [0,0,0,0,0,0,0]]
Count: 1

Matrix:
[[1,0,0,0,0,0,0],
 [0,1,0,0,0,0,0],
 [1,0,1,0,0,0,0],
 [0,1,0,1,0,0,0],
 [1,1,1,1,1,0,0],
 [1,1,0,0,0,2,0],
 [0,0,0,0,1,1,2]]
Count: 1

Matrix:
[[1,0,0,0,0,0,0],
 [0,1,0,0,0,0,0],
 [1,1,2,0,0,0,0],
 [1,1,0,2,0,0,0],
 [0,0,1,1,2,0,0],
 [0,0,0,0,0,0,0],
 [0,0,0,0,0,0,0]]
Count: 4

Matrix:
[[1,0,0,0,0,0,0],
 [1,1,0,0,0,0,0],
 [0,1,1,0,0,0,0],
 [0,0,1,2,0,0,0],
 [0,0,0,1,2,0,0],
 [0,0,0,0,0,0,0],
 [0,0,0,0,0,0,0]]
Count: 6

Matrix:
[[1,0,0,0,0,0,0],
 [1,1,0,0,0,0,0],
 [1,0,1,0,0,0,0],
 [0,0,1,2,0,0,0],
 [0,1,0,1,2,0,0],
 [0,0,0,0,0,0,0],
 [0,0,0,0,0,0,0]]
Count: 7

Matrix:
[[1,0,0,0,0,0,0],
 [1,1,0,0,0,0,0],
 [0,0,1,0,0,0,0],
 [1,0,1,2,0,0,0],
 [0,0,0,1,1,0,0],
 [0,1,0,0,1,2,0],
 [0,0,0,0,0,0,0]]
Count: 1

Matrix:
[[1,0,0,0,0,0,0],
 [1,1,0,0,0,0,0],
 [1,0,1,0,0,0,0],
 [0,1,0,2,0,0,0],
 [0,0,1,1,2,0,0],
 [0,0,0,0,0,0,0],
 [0,0,0,0,0,0,0]]
Count: 4

Matrix:
[[1,0,0,0,0,0,0],
 [1,1,0,0,0,0,0],
 [0,1,2,0,0,0,0],
 [0,1,0,2,0,0,0],
 [0,1,0,1,2,0,0],
 [0,0,1,0,1,2,0],
 [0,0,0,0,0,0,0]]
Count: 1

Matrix:
[[1,0,0,0,0,0,0],
 [1,1,0,0,0,0,0],
 [1,0,1,0,0,0,0],
 [0,0,1,2,0,0,0],
 [0,1,1,0,2,0,0],
 [0,0,0,0,0,0,0],
 [0,0,0,0,0,0,0]]
Count: 1

Matrix:
[[1,0,0,0,0,0,0],
 [1,2,0,0,0,0,0],
 [0,0,1,0,0,0,0],
 [0,0,1,2,0,0,0],
 [0,1,0,1,2,0,0],
 [0,0,0,0,0,0,0],
 [0,0,0,0,0,0,0]]
Count: 43

Matrix:
[[1,0,0,0,0,0,0],
 [1,1,0,0,0,0,0],
 [0,1,2,0,0,0,0],
 [1,0,0,1,0,0,0],
 [0,0,0,1,2,0,0],
 [0,0,1,0,1,2,0],
 [0,0,0,0,0,0,0]]
Count: 1

Matrix:
[[1,0,0,0,0,0,0],
 [0,1,0,0,0,0,0],
 [0,0,1,0,0,0,0],
 [1,1,1,2,0,0,0],
 [0,0,0,1,2,0,0],
 [0,0,0,0,0,0,0],
 [0,0,0,0,0,0,0]]
Count: 21

Matrix:
[[1,0,0,0,0,0,0],
 [0,1,0,0,0,0,0],
 [0,1,2,0,0,0,0],
 [0,0,0,1,0,0,0],
 [0,0,0,1,2,0,0],
 [1,0,1,0,1,2,0],
 [0,0,0,0,0,0,0]]
Count: 1

Matrix:
[[1,0,0,0,0,0,0],
 [0,1,0,0,0,0,0],
 [0,0,1,0,0,0,0],
 [1,1,0,2,0,0,0],
 [1,0,1,0,2,0,0],
 [0,0,0,1,1,2,0],
 [0,0,0,0,0,0,0]]
Count: 19

Matrix:
[[1,0,0,0,0,0,0],
 [0,1,0,0,0,0,0],
 [0,1,1,0,0,0,0],
 [0,0,1,2,0,0,0],
 [1,0,0,1,2,0,0],
 [0,0,0,0,0,0,0],
 [0,0,0,0,0,0,0]]
Count: 1

Matrix:
[[1,0,0,0,0,0,0],
 [0,1,0,0,0,0,0],
 [0,1,1,0,0,0,0],
 [0,0,1,2,0,0,0],
 [0,0,0,0,0,0,0],
 [0,0,0,0,0,0,0],
 [0,0,0,0,0,0,0]]
Count: 6

Matrix:
[[1,0,0,0,0,0,0],
 [0,1,0,0,0,0,0],
 [1,0,1,0,0,0,0],
 [0,0,1,1,0,0,0],
 [0,0,0,1,2,0,0],
 [0,0,0,0,0,0,0],
 [0,0,0,0,0,0,0]]
Count: 1

Matrix:
[[1,0,0,0,0,0,0],
 [0,1,0,0,0,0,0],
 [0,0,0,0,0,0,0],
 [0,0,0,0,0,0,0],
 [0,0,0,0,0,0,0],
 [0,0,0,0,0,0,0],
 [0,0,0,0,0,0,0]]
Count: 4

Matrix:
[[1,0,0,0,0,0,0],
 [1,1,0,0,0,0,0],
 [1,0,1,0,0,0,0],
 [0,1,0,2,0,0,0],
 [0,0,1,0,2,0,0],
 [0,0,0,1,1,2,0],
 [0,0,0,0,0,0,0]]
Count: 5

Matrix:
[[2,0,0,0,0,0,0],
 [1,1,0,0,0,0,0],
 [1,0,1,0,0,0,0],
 [0,1,1,2,0,0,0],
 [0,1,0,0,2,0,0],
 [0,0,0,0,0,0,0],
 [0,0,0,0,0,0,0]]
Count: 1

Matrix:
[[1,0,0,0,0,0,0],
 [0,1,0,0,0,0,0],
 [1,1,2,0,0,0,0],
 [0,1,0,1,0,0,0],
 [0,0,0,0,0,0,0],
 [0,0,0,0,0,0,0],
 [0,0,0,0,0,0,0]]
Count: 4

Matrix:
[[1,0,0,0,0,0,0],
 [1,1,0,0,0,0,0],
 [1,0,1,0,0,0,0],
 [0,0,1,2,0,0,0],
 [0,0,0,1,2,0,0],
 [0,0,0,0,0,0,0],
 [0,0,0,0,0,0,0]]
Count: 3

Matrix:
[[1,0,0,0,0,0,0],
 [1,2,0,0,0,0,0],
 [1,0,1,0,0,0,0],
 [0,0,1,2,0,0,0],
 [0,1,0,1,2,0,0],
 [0,0,0,0,0,0,0],
 [0,0,0,0,0,0,0]]
Count: 1

Matrix:
[[1,0,0,0,0,0,0],
 [1,1,0,0,0,0,0],
 [1,1,1,0,0,0,0],
 [0,0,1,2,0,0,0],
 [0,0,0,0,0,0,0],
 [0,0,0,0,0,0,0],
 [0,0,0,0,0,0,0]]
Count: 2

Matrix:
[[1,0,0,0,0,0,0],
 [0,1,0,0,0,0,0],
 [0,0,1,0,0,0,0],
 [1,1,0,2,0,0,0],
 [0,1,1,0,2,0,0],
 [0,0,0,1,1,2,0],
 [0,0,0,0,0,0,0]]
Count: 1

Matrix:
[[1,0,0,0,0,0,0],
 [0,2,0,0,0,0,0],
 [1,1,1,0,0,0,0],
 [0,0,0,0,0,0,0],
 [0,0,0,0,0,0,0],
 [0,0,0,0,0,0,0],
 [0,0,0,0,0,0,0]]
Count: 1

Matrix:
[[1,0,0,0,0,0,0],
 [1,1,0,0,0,0,0],
 [0,1,2,0,0,0,0],
 [1,0,1,2,0,0,0],
 [0,0,0,0,0,0,0],
 [0,0,0,0,0,0,0],
 [0,0,0,0,0,0,0]]
Count: 3

Matrix:
[[1,0,0,0,0,0,0],
 [0,1,0,0,0,0,0],
 [0,1,2,0,0,0,0],
 [1,0,0,2,0,0,0],
 [0,0,1,1,2,0,0],
 [0,0,0,0,1,1,0],
 [0,0,0,0,0,0,0]]
Count: 1

Matrix:
[[1,0,0,0,0,0,0],
 [1,2,0,0,0,0,0],
 [1,0,1,0,0,0,0],
 [0,0,0,0,0,0,0],
 [0,0,0,0,0,0,0],
 [0,0,0,0,0,0,0],
 [0,0,0,0,0,0,0]]
Count: 2

Matrix:
[[2,0,0,0,0,0,0],
 [0,1,0,0,0,0,0],
 [0,1,2,0,0,0,0],
 [0,0,1,1,0,0,0],
 [0,0,0,1,1,0,0],
 [0,0,0,0,0,0,0],
 [0,0,0,0,0,0,0]]
Count: 1

Matrix:
[[1,0,0,0,0,0,0],
 [1,2,0,0,0,0,0],
 [0,0,1,0,0,0,0],
 [0,0,0,0,0,0,0],
 [0,0,0,0,0,0,0],
 [0,0,0,0,0,0,0],
 [0,0,0,0,0,0,0]]
Count: 1

Matrix:
[[1,0,0,0,0,0,0],
 [1,1,0,0,0,0,0],
 [0,0,1,0,0,0,0],
 [0,1,1,2,0,0,0],
 [0,0,0,1,1,0,0],
 [0,0,0,0,0,0,0],
 [0,0,0,0,0,0,0]]
Count: 12

Matrix:
[[1,0,0,0,0,0,0],
 [1,1,0,0,0,0,0],
 [0,1,2,0,0,0,0],
 [0,0,0,1,0,0,0],
 [0,0,0,1,2,0,0],
 [1,0,0,0,0,1,0],
 [0,0,1,0,1,1,2]]
Count: 1

Matrix:
[[1,0,0,0,0,0,0],
 [0,1,0,0,0,0,0],
 [0,0,1,0,0,0,0],
 [0,1,1,2,0,0,0],
 [1,0,0,0,2,0,0],
 [0,0,0,1,1,2,0],
 [0,0,0,0,0,0,0]]
Count: 1

Matrix:
[[1,0,0,0,0,0,0],
 [1,2,0,0,0,0,0],
 [1,0,2,0,0,0,0],
 [0,0,0,1,0,0,0],
 [0,1,1,1,2,0,0],
 [0,0,0,0,0,0,0],
 [0,0,0,0,0,0,0]]
Count: 2

Matrix:
[[2,0,0,0,0,0,0],
 [1,1,0,0,0,0,0],
 [1,0,1,0,0,0,0],
 [1,0,0,1,0,0,0],
 [0,1,0,1,2,0,0],
 [0,1,1,0,1,1,0],
 [0,0,0,0,0,1,2]]
Count: 1

Matrix:
[[1,0,0,0,0,0,0],
 [1,2,0,0,0,0,0],
 [1,0,2,0,0,0,0],
 [0,0,0,0,0,0,0],
 [0,0,0,0,0,0,0],
 [0,0,0,0,0,0,0],
 [0,0,0,0,0,0,0]]
Count: 2

Matrix:
[[1,0,0,0,0,0,0],
 [1,2,0,0,0,0,0],
 [0,1,2,0,0,0,0],
 [1,0,0,1,0,0,0],
 [0,0,0,0,1,0,0],
 [0,0,0,0,1,2,0],
 [0,0,1,1,0,1,2]]
Count: 1

Matrix:
[[1,0,0,0,0,0,0],
 [1,1,0,0,0,0,0],
 [1,0,1,0,0,0,0],
 [0,1,0,2,0,0,0],
 [0,0,1,1,2,0,0],
 [0,0,1,0,1,2,0],
 [0,0,0,0,0,0,0]]
Count: 1

Matrix:
[[1,0,0,0,0,0,0],
 [0,1,0,0,0,0,0],
 [1,1,1,0,0,0,0],
 [0,0,0,1,0,0,0],
 [0,0,1,0,2,0,0],
 [0,0,0,1,1,2,0],
 [0,0,0,0,0,0,0]]
Count: 1

Matrix:
[[1,0,0,0,0,0,0],
 [1,1,0,0,0,0,0],
 [0,1,2,0,0,0,0],
 [0,1,0,2,0,0,0],
 [0,0,1,1,2,0,0],
 [0,0,0,0,0,0,0],
 [0,0,0,0,0,0,0]]
Count: 1

Matrix:
[[1,0,0,0,0,0,0],
 [0,1,0,0,0,0,0],
 [0,1,1,0,0,0,0],
 [1,0,1,2,0,0,0],
 [0,0,0,1,1,0,0],
 [0,0,0,0,0,0,0],
 [0,0,0,0,0,0,0]]
Count: 1

Matrix:
[[1,0,0,0,0,0,0],
 [1,2,0,0,0,0,0],
 [1,0,2,0,0,0,0],
 [1,0,0,2,0,0,0],
 [0,0,0,0,0,0,0],
 [0,0,0,0,0,0,0],
 [0,0,0,0,0,0,0]]
Count: 1

Matrix:
[[1,0,0,0,0,0,0],
 [1,2,0,0,0,0,0],
 [1,0,2,0,0,0,0],
 [1,0,0,1,0,0,0],
 [0,1,1,1,2,0,0],
 [0,0,0,0,0,0,0],
 [0,0,0,0,0,0,0]]
Count: 1

Matrix:
[[2,0,0,0,0,0,0],
 [1,1,0,0,0,0,0],
 [0,1,1,0,0,0,0],
 [0,0,0,0,0,0,0],
 [0,0,0,0,0,0,0],
 [0,0,0,0,0,0,0],
 [0,0,0,0,0,0,0]]
Count: 8

Matrix:
[[1,0,0,0,0,0,0],
 [1,1,0,0,0,0,0],
 [0,1,1,0,0,0,0],
 [0,0,1,2,0,0,0],
 [0,0,0,1,1,0,0],
 [0,0,0,0,0,0,0],
 [0,0,0,0,0,0,0]]
Count: 3

Matrix:
[[1,0,0,0,0,0,0],
 [0,1,0,0,0,0,0],
 [0,0,1,0,0,0,0],
 [1,0,0,2,0,0,0],
 [0,1,0,0,2,0,0],
 [0,0,1,0,0,2,0],
 [0,0,0,1,1,1,2]]
Count: 4

Matrix:
[[2,0,0,0,0,0,0],
 [1,1,0,0,0,0,0],
 [0,1,2,0,0,0,0],
 [0,1,1,1,0,0,0],
 [0,0,0,0,0,0,0],
 [0,0,0,0,0,0,0],
 [0,0,0,0,0,0,0]]
Count: 1

Matrix:
[[2,0,0,0,0,0,0],
 [1,1,0,0,0,0,0],
 [0,1,2,0,0,0,0],
 [0,0,1,2,0,0,0],
 [0,0,0,1,1,0,0],
 [0,0,0,0,0,0,0],
 [0,0,0,0,0,0,0]]
Count: 1

Matrix:
[[1,0,0,0,0,0,0],
 [0,1,0,0,0,0,0],
 [1,1,1,0,0,0,0],
 [0,0,1,2,0,0,0],
 [0,0,0,1,1,0,0],
 [0,0,0,0,0,0,0],
 [0,0,0,0,0,0,0]]
Count: 1

Matrix:
[[1,0,0,0,0,0,0],
 [1,1,0,0,0,0,0],
 [0,1,1,0,0,0,0],
 [0,0,1,2,0,0,0],
 [0,0,1,1,2,0,0],
 [0,0,0,0,0,0,0],
 [0,0,0,0,0,0,0]]
Count: 1

Matrix:
[[1,0,0,0,0,0,0],
 [0,1,0,0,0,0,0],
 [1,1,2,0,0,0,0],
 [0,1,1,2,0,0,0],
 [0,0,0,0,0,0,0],
 [0,0,0,0,0,0,0],
 [0,0,0,0,0,0,0]]
Count: 11

Matrix:
[[1,0,0,0,0,0,0],
 [1,2,0,0,0,0,0],
 [0,1,2,0,0,0,0],
 [1,0,1,2,0,0,0],
 [0,0,0,0,0,0,0],
 [0,0,0,0,0,0,0],
 [0,0,0,0,0,0,0]]
Count: 1

Matrix:
[[1,0,0,0,0,0,0],
 [1,2,0,0,0,0,0],
 [1,1,1,0,0,0,0],
 [0,0,0,0,0,0,0],
 [0,0,0,0,0,0,0],
 [0,0,0,0,0,0,0],
 [0,0,0,0,0,0,0]]
Count: 1

Matrix:
[[1,0,0,0,0,0,0],
 [1,1,0,0,0,0,0],
 [1,0,1,0,0,0,0],
 [0,1,1,1,0,0,0],
 [0,0,0,1,2,0,0],
 [0,0,0,0,0,0,0],
 [0,0,0,0,0,0,0]]
Count: 2

Matrix:
[[1,0,0,0,0,0,0],
 [0,1,0,0,0,0,0],
 [0,0,1,0,0,0,0],
 [1,0,1,2,0,0,0],
 [0,1,1,0,2,0,0],
 [0,0,0,1,1,2,0],
 [0,0,0,0,0,0,0]]
Count: 7

Matrix:
[[1,0,0,0,0,0,0],
 [1,1,0,0,0,0,0],
 [0,1,1,0,0,0,0],
 [1,0,0,1,0,0,0],
 [0,0,0,1,2,0,0],
 [0,0,0,0,0,0,0],
 [0,0,0,0,0,0,0]]
Count: 1

Matrix:
[[1,0,0,0,0,0,0],
 [0,1,0,0,0,0,0],
 [1,0,2,0,0,0,0],
 [0,1,0,2,0,0,0],
 [0,0,0,0,0,0,0],
 [0,0,0,0,0,0,0],
 [0,0,0,0,0,0,0]]
Count: 3

Matrix:
[[1,0,0,0,0,0,0],
 [0,1,0,0,0,0,0],
 [1,0,1,0,0,0,0],
 [0,1,0,1,0,0,0],
 [0,0,1,1,2,0,0],
 [0,0,0,0,1,2,0],
 [0,0,0,0,0,0,0]]
Count: 4

Matrix:
[[1,0,0,0,0,0,0],
 [0,1,0,0,0,0,0],
 [0,0,1,0,0,0,0],
 [1,1,0,2,0,0,0],
 [1,0,1,0,2,0,0],
 [0,0,0,1,1,2,0],
 [0,0,0,0,0,1,2]]
Count: 1

Matrix:
[[1,0,0,0,0,0,0],
 [1,1,0,0,0,0,0],
 [1,0,1,0,0,0,0],
 [0,1,1,2,0,0,0],
 [0,0,1,1,2,0,0],
 [0,0,0,0,0,0,0],
 [0,0,0,0,0,0,0]]
Count: 1

Matrix:
[[1,0,0,0,0,0,0],
 [1,2,0,0,0,0,0],
 [0,1,1,0,0,0,0],
 [0,0,1,2,0,0,0],
 [0,0,0,1,2,0,0],
 [0,0,0,0,0,0,0],
 [0,0,0,0,0,0,0]]
Count: 4

Matrix:
[[1,0,0,0,0,0,0],
 [0,1,0,0,0,0,0],
 [1,0,1,0,0,0,0],
 [0,0,1,1,0,0,0],
 [0,1,0,1,2,0,0],
 [0,0,0,0,0,0,0],
 [0,0,0,0,0,0,0]]
Count: 2

Matrix:
[[1,0,0,0,0,0,0],
 [0,1,0,0,0,0,0],
 [0,0,1,0,0,0,0],
 [1,0,0,1,0,0,0],
 [0,1,1,1,2,0,0],
 [0,0,0,0,0,0,0],
 [0,0,0,0,0,0,0]]
Count: 3

Matrix:
[[1,0,0,0,0,0,0],
 [1,1,0,0,0,0,0],
 [1,1,1,0,0,0,0],
 [0,0,1,1,0,0,0],
 [1,1,0,1,2,0,0],
 [0,0,0,0,0,0,0],
 [0,0,0,0,0,0,0]]
Count: 1

Matrix:
[[1,0,0,0,0,0,0],
 [0,1,0,0,0,0,0],
 [1,0,1,0,0,0,0],
 [0,0,1,1,0,0,0],
 [1,1,0,1,2,0,0],
 [0,0,0,0,0,0,0],
 [0,0,0,0,0,0,0]]
Count: 1

Matrix:
[[1,0,0,0,0,0,0],
 [1,2,0,0,0,0,0],
 [0,1,1,0,0,0,0],
 [1,0,1,2,0,0,0],
 [0,0,0,0,0,0,0],
 [0,0,0,0,0,0,0],
 [0,0,0,0,0,0,0]]
Count: 1

Matrix:
[[2,0,0,0,0,0,1],
 [1,1,0,0,0,0,0],
 [0,1,2,0,0,0,0],
 [0,0,0,0,0,0,0],
 [0,0,0,0,0,0,0],
 [0,0,0,0,0,0,0],
 [0,0,0,0,0,0,1]]
Count: 1

Matrix:
[[1,0,0,0,0,0,0],
 [0,1,0,0,0,0,0],
 [0,0,1,0,0,0,0],
 [0,0,0,1,0,0,0],
 [1,1,0,0,2,0,0],
 [0,0,1,1,0,2,0],
 [0,0,0,0,1,1,2]]
Count: 10

Matrix:
[[1,0,0,0,0,0,0],
 [1,1,0,0,0,0,0],
 [1,1,2,0,0,0,0],
 [0,1,1,2,0,0,0],
 [0,0,0,0,0,0,0],
 [0,0,0,0,0,0,0],
 [0,0,0,0,0,0,0]]
Count: 3

Matrix:
[[1,0,0,0,0,0,0],
 [0,1,0,0,0,0,0],
 [0,0,1,0,0,0,0],
 [0,1,1,2,0,0,0],
 [0,0,1,1,2,0,0],
 [0,0,0,0,0,0,0],
 [0,0,0,0,0,0,0]]
Count: 1

Matrix:
[[1,0,0,0,0,0,0],
 [1,1,0,0,0,0,0],
 [0,0,1,0,0,0,0],
 [0,0,1,2,0,0,0],
 [0,0,0,1,1,0,0],
 [0,1,0,1,0,2,0],
 [0,0,0,0,1,1,2]]
Count: 1

Matrix:
[[1,0,0,0,0,0,0],
 [1,2,0,0,0,0,0],
 [1,0,1,0,0,0,0],
 [0,1,1,2,0,0,0],
 [0,0,0,0,0,0,0],
 [0,0,0,0,0,0,0],
 [0,0,0,0,0,0,0]]
Count: 14

Matrix:
[[1,0,0,0,0,0,0],
 [1,1,0,0,0,0,0],
 [0,0,1,0,0,0,0],
 [1,1,1,2,0,0,0],
 [0,0,0,0,0,0,0],
 [0,0,0,0,0,0,0],
 [0,0,0,0,0,0,0]]
Count: 1

Matrix:
[[1,0,0,0,0,0,0],
 [1,1,0,0,0,0,0],
 [0,0,1,0,0,0,0],
 [1,1,1,2,0,0,0],
 [0,0,0,1,2,0,0],
 [0,0,0,0,0,0,0],
 [0,0,0,0,0,0,0]]
Count: 1

Matrix:
[[1,0,0,0,0,0,0],
 [0,1,0,0,0,0,0],
 [0,0,1,0,0,0,0],
 [0,0,1,2,0,0,0],
 [1,1,1,0,2,0,0],
 [0,0,0,1,1,2,0],
 [0,0,0,0,0,0,0]]
Count: 1

Matrix:
[[1,0,0,0,0,0,0],
 [1,2,0,0,0,0,0],
 [0,1,1,0,0,0,0],
 [0,0,1,1,0,0,0],
 [0,0,0,1,1,0,0],
 [0,0,0,1,1,2,0],
 [0,0,0,0,0,0,0]]
Count: 1

Matrix:
[[1,0,0,0,0,0,0],
 [1,2,0,0,0,0,0],
 [0,1,1,0,0,0,0],
 [0,0,1,1,0,0,0],
 [0,0,0,1,1,0,0],
 [0,0,0,0,0,0,0],
 [0,0,0,0,0,0,0]]
Count: 1

Matrix:
[[1,0,0,0,0,0,0],
 [0,1,0,0,0,0,0],
 [0,0,1,0,0,0,0],
 [1,1,0,2,0,0,0],
 [0,0,1,0,2,0,0],
 [0,0,0,0,0,0,0],
 [0,0,0,0,0,0,0]]
Count: 1

Matrix:
[[1,0,0,0,0,0,0],
 [0,1,0,0,0,0,0],
 [0,0,1,0,0,0,0],
 [0,0,0,1,0,0,0],
 [0,0,1,1,2,0,0],
 [0,1,0,0,1,2,0],
 [1,0,0,0,0,1,2]]
Count: 1

Matrix:
[[1,0,0,0,0,0,0],
 [1,2,0,0,0,0,0],
 [1,0,1,0,0,0,0],
 [0,0,0,1,0,0,0],
 [0,0,0,0,1,0,0],
 [0,1,1,1,1,2,0],
 [0,0,0,0,0,0,0]]
Count: 1

Matrix:
[[1,0,0,0,0,0,0],
 [1,1,0,0,0,0,0],
 [1,0,1,0,0,0,0],
 [0,1,1,2,0,0,0],
 [0,0,0,0,1,0,0],
 [0,0,0,1,1,2,0],
 [0,0,0,0,0,0,0]]
Count: 1

Matrix:
[[1,0,0,0,0,0,0],
 [0,1,0,0,0,0,0],
 [0,1,1,0,0,0,0],
 [0,1,0,1,0,0,0],
 [0,1,1,1,2,0,0],
 [0,0,0,0,0,0,0],
 [0,0,0,0,0,0,0]]
Count: 1

Matrix:
[[1,0,0,0,0,0,0],
 [0,1,0,0,0,0,0],
 [0,0,2,0,0,0,0],
 [1,0,1,2,0,0,0],
 [0,1,0,1,2,0,0],
 [0,0,0,0,0,0,0],
 [0,0,0,0,0,0,0]]
Count: 1

Matrix:
[[1,0,0,0,0,0,0],
 [0,1,0,0,0,0,0],
 [0,0,1,0,0,0,0],
 [0,0,1,1,0,0,0],
 [1,1,0,0,2,0,0],
 [0,0,0,1,1,2,0],
 [0,0,0,0,0,0,0]]
Count: 1

Matrix:
[[1,0,0,0,0,0,0],
 [0,1,0,0,0,0,0],
 [1,0,2,0,0,0,0],
 [1,1,0,2,0,0,0],
 [0,0,1,1,2,0,0],
 [0,0,0,0,0,0,0],
 [0,0,0,0,0,0,0]]
Count: 1

Matrix:
[[1,0,0,0,0,0,0],
 [0,1,0,0,0,0,0],
 [0,0,1,0,0,0,0],
 [0,0,0,1,0,0,0],
 [1,0,0,1,1,0,0],
 [1,1,1,0,0,2,0],
 [0,0,0,0,1,1,2]]
Count: 1

Matrix:
[[1,0,0,0,0,0,0],
 [0,1,0,0,0,0,0],
 [0,0,2,0,0,0,0],
 [0,1,1,2,0,0,0],
 [1,0,0,1,2,0,0],
 [0,0,0,0,0,0,0],
 [0,0,0,0,0,0,0]]
Count: 1

Matrix:
[[1,0,0,0,0,0,0],
 [1,1,0,0,0,0,0],
 [0,1,2,0,0,0,0],
 [0,0,1,1,0,0,0],
 [0,0,0,1,2,0,0],
 [0,0,0,0,0,0,0],
 [0,0,0,0,0,0,0]]
Count: 7

Matrix:
[[1,0,0,0,0,0,0],
 [1,2,0,0,0,0,0],
 [0,1,1,0,0,0,0],
 [0,1,1,2,0,0,0],
 [0,0,0,0,0,0,0],
 [0,0,0,0,0,0,0],
 [0,0,0,0,0,0,0]]
Count: 6

Matrix:
[[1,0,0,0,0,0,0],
 [1,1,0,0,0,0,0],
 [0,1,2,0,0,0,0],
 [0,0,1,1,0,0,0],
 [0,0,0,1,1,0,0],
 [0,0,0,0,0,0,0],
 [0,0,0,0,0,0,0]]
Count: 1

Matrix:
[[1,0,0,0,0,0,0],
 [1,2,0,0,0,0,1],
 [0,0,0,0,0,0,0],
 [0,0,0,0,0,0,0],
 [0,0,0,0,0,0,0],
 [0,0,0,0,0,0,0],
 [0,0,0,0,0,0,1]]
Count: 3

Matrix:
[[1,0,0,0,0,0,0],
 [0,1,0,0,0,0,0],
 [0,0,1,0,0,0,0],
 [0,0,1,1,0,0,0],
 [0,1,0,0,1,0,0],
 [0,0,0,1,1,2,0],
 [0,0,0,0,0,0,0]]
Count: 1

Matrix:
[[1,0,0,0,0,0,0],
 [1,1,0,0,0,0,0],
 [0,1,1,0,0,0,0],
 [0,0,1,2,0,0,0],
 [0,0,1,0,1,0,0],
 [0,0,0,1,1,2,0],
 [0,0,0,0,0,0,0]]
Count: 1

Matrix:
[[1,0,0,0,0,0,0],
 [0,1,0,0,0,0,0],
 [0,1,2,0,0,0,0],
 [1,0,0,1,0,0,0],
 [0,0,1,1,2,0,0],
 [0,0,0,0,0,0,0],
 [0,0,0,0,0,0,0]]
Count: 5

Matrix:
[[1,0,0,0,0,0,0],
 [0,1,0,0,0,0,0],
 [1,1,1,0,0,0,0],
 [1,0,0,1,0,0,0],
 [0,0,1,1,2,0,0],
 [0,0,0,0,0,0,0],
 [0,0,0,0,0,0,0]]
Count: 1

Matrix:
[[1,0,0,0,0,0,0],
 [1,2,0,0,0,0,0],
 [0,1,1,0,0,0,0],
 [1,0,0,1,0,0,0],
 [0,0,1,1,2,0,0],
 [0,0,0,0,0,0,0],
 [0,0,0,0,0,0,0]]
Count: 2

Matrix:
[[1,0,0,0,0,0,0],
 [0,1,0,0,0,0,0],
 [0,1,2,0,0,0,0],
 [1,0,0,1,0,0,0],
 [1,0,0,0,2,0,0],
 [0,0,1,1,1,2,0],
 [0,0,0,0,0,0,0]]
Count: 1

Matrix:
[[1,0,0,0,0,0,0],
 [1,1,0,0,0,0,0],
 [0,0,1,0,0,0,0],
 [0,1,1,2,0,0,0],
 [1,0,0,1,2,0,0],
 [0,0,0,0,0,0,0],
 [0,0,0,0,0,0,0]]
Count: 1

Matrix:
[[1,0,0,0,0,0,0],
 [1,1,0,0,0,0,0],
 [0,0,1,0,0,0,0],
 [0,1,1,1,0,0,0],
 [0,0,0,1,2,0,0],
 [0,0,0,0,0,0,0],
 [0,0,0,0,0,0,0]]
Count: 4

Matrix:
[[1,0,0,0,0,0,0],
 [1,1,0,0,0,0,0],
 [0,0,1,0,0,0,0],
 [0,1,1,2,0,0,0],
 [0,0,1,0,1,0,0],
 [0,0,0,1,1,2,0],
 [0,0,0,0,0,0,0]]
Count: 2

Matrix:
[[1,0,0,0,0,0,0],
 [0,1,0,0,0,0,0],
 [1,1,2,0,0,0,0],
 [0,1,1,2,0,0,0],
 [0,0,0,1,2,0,0],
 [0,0,0,0,0,0,0],
 [0,0,0,0,0,0,0]]
Count: 1

Matrix:
[[2,0,0,0,0,0,0],
 [0,2,0,0,0,0,0],
 [1,0,1,0,0,0,0],
 [0,1,0,1,0,0,0],
 [0,0,1,1,2,0,0],
 [0,0,0,0,0,0,0],
 [0,0,0,0,0,0,0]]
Count: 1

Matrix:
[[1,0,0,0,0,0,0],
 [0,1,0,0,0,0,0],
 [0,1,2,0,0,0,0],
 [0,0,0,0,0,0,0],
 [0,0,0,0,0,0,0],
 [0,0,0,0,0,0,0],
 [0,0,0,0,0,0,0]]
Count: 13

Matrix:
[[1,0,0,0,0,0,0],
 [0,1,0,0,0,0,0],
 [1,0,1,0,0,0,0],
 [0,0,1,2,0,0,0],
 [0,0,0,0,0,0,0],
 [0,0,0,0,0,0,0],
 [0,0,0,0,0,0,0]]
Count: 4

Matrix:
[[2,0,0,0,0,0,0],
 [1,1,0,0,0,0,0],
 [1,0,1,0,0,0,0],
 [0,1,1,2,0,0,0],
 [0,0,0,1,1,0,0],
 [0,0,0,0,0,0,0],
 [0,0,0,0,0,0,0]]
Count: 3

Matrix:
[[1,0,0,0,0,0,1],
 [1,1,0,0,0,0,0],
 [0,0,0,0,0,0,0],
 [0,0,0,0,0,0,0],
 [0,0,0,0,0,0,0],
 [0,0,0,0,0,0,0],
 [0,0,0,0,0,0,1]]
Count: 2

Matrix:
[[1,0,0,0,0,0,0],
 [0,1,0,0,0,0,0],
 [1,1,2,0,0,0,0],
 [1,0,1,1,0,0,0],
 [0,0,0,0,0,0,0],
 [0,0,0,0,0,0,0],
 [0,0,0,0,0,0,0]]
Count: 1

Matrix:
[[1,0,0,0,0,0,0],
 [0,1,0,0,0,0,0],
 [0,1,2,0,0,0,0],
 [0,0,1,2,0,0,0],
 [0,0,0,0,0,0,0],
 [0,0,0,0,0,0,0],
 [0,0,0,0,0,0,0]]
Count: 5

Matrix:
[[1,0,0,0,0,0,0],
 [1,1,0,0,0,0,0],
 [0,1,1,0,0,0,0],
 [0,1,0,1,0,0,0],
 [0,0,0,0,0,0,0],
 [0,0,0,0,0,0,0],
 [0,0,0,0,0,0,0]]
Count: 1

Matrix:
[[1,0,0,0,0,0,0],
 [1,1,0,0,0,0,0],
 [0,1,1,0,0,0,0],
 [0,1,0,1,0,0,0],
 [0,1,1,1,2,0,0],
 [0,0,0,0,0,0,0],
 [0,0,0,0,0,0,0]]
Count: 1

Matrix:
[[1,0,0,0,0,0,0],
 [1,1,0,0,0,0,0],
 [1,0,1,0,0,0,0],
 [0,0,1,2,0,0,0],
 [0,0,0,0,0,0,0],
 [0,0,0,0,0,0,0],
 [0,0,0,0,0,0,0]]
Count: 3

Matrix:
[[1,0,0,0,0,0,0],
 [1,1,0,0,0,0,0],
 [0,0,1,0,0,0,0],
 [1,0,1,2,0,0,0],
 [0,1,0,1,2,0,0],
 [0,0,0,0,0,0,0],
 [0,0,0,0,0,0,0]]
Count: 10

Matrix:
[[1,0,0,0,0,0,0],
 [1,1,0,0,0,0,0],
 [0,0,1,0,0,0,0],
 [0,1,1,1,0,0,0],
 [0,0,0,0,0,0,0],
 [0,0,0,0,0,0,0],
 [0,0,0,0,0,0,0]]
Count: 1

Matrix:
[[1,0,0,0,0,0,0],
 [0,1,0,0,0,0,0],
 [1,0,1,0,0,0,0],
 [1,1,0,2,0,0,0],
 [0,0,1,1,2,0,0],
 [0,0,0,0,0,0,0],
 [0,0,0,0,0,0,0]]
Count: 12

Matrix:
[[1,0,0,0,0,0,0],
 [0,1,0,0,0,0,0],
 [1,0,1,0,0,0,0],
 [1,1,0,2,0,0,0],
 [0,1,0,0,1,0,0],
 [0,0,1,1,1,2,0],
 [0,0,0,0,0,0,0]]
Count: 1

Matrix:
[[1,0,0,0,0,0,0],
 [1,1,0,0,0,0,0],
 [0,0,1,0,0,0,0],
 [1,0,1,2,0,0,0],
 [0,0,0,0,0,0,0],
 [0,0,0,0,0,0,0],
 [0,0,0,0,0,0,0]]
Count: 4

Matrix:
[[1,0,0,0,0,0,0],
 [0,1,0,0,0,0,0],
 [1,1,2,0,0,0,0],
 [1,0,0,1,0,0,0],
 [0,0,1,1,2,0,0],
 [0,0,0,0,0,0,0],
 [0,0,0,0,0,0,0]]
Count: 6

Matrix:
[[1,0,0,0,0,0,0],
 [1,2,0,0,0,0,0],
 [1,0,1,0,0,0,0],
 [0,0,0,1,0,0,0],
 [0,0,0,0,0,0,0],
 [0,0,0,0,0,0,0],
 [0,0,0,0,0,0,0]]
Count: 1

Matrix:
[[1,0,0,0,0,0,0],
 [1,1,0,0,0,0,0],
 [0,1,1,0,0,0,0],
 [0,1,1,1,0,0,0],
 [0,0,0,1,2,0,0],
 [0,0,0,0,0,0,0],
 [0,0,0,0,0,0,0]]
Count: 3

Matrix:
[[2,0,0,0,0,0,0],
 [1,1,0,0,0,0,0],
 [1,0,1,0,0,0,0],
 [0,1,1,2,0,0,0],
 [0,0,0,1,2,0,0],
 [0,0,0,0,0,0,0],
 [0,0,0,0,0,0,0]]
Count: 5

Matrix:
[[1,0,0,0,0,0,0],
 [0,1,0,0,0,0,0],
 [1,1,2,0,0,0,0],
 [0,0,0,1,0,0,0],
 [0,0,1,1,1,0,0],
 [0,0,0,0,1,1,0],
 [0,0,0,0,0,0,0]]
Count: 1

Matrix:
[[1,0,0,0,0,0,0],
 [0,1,0,0,0,0,0],
 [1,0,1,0,0,0,0],
 [0,1,1,2,0,0,0],
 [0,0,0,1,2,0,0],
 [0,0,0,0,0,0,0],
 [0,0,0,0,0,0,0]]
Count: 9

Matrix:
[[1,0,0,0,0,0,0],
 [1,2,0,0,0,0,0],
 [0,0,1,0,0,0,0],
 [1,0,1,2,0,0,0],
 [0,0,0,1,2,0,0],
 [0,0,0,0,0,0,0],
 [0,0,0,0,0,0,0]]
Count: 2

Matrix:
[[1,0,0,0,0,0,0],
 [0,1,0,0,0,0,0],
 [0,0,1,0,0,0,0],
 [1,1,1,2,0,0,0],
 [0,0,0,1,1,0,0],
 [0,0,0,0,0,0,0],
 [0,0,0,0,0,0,0]]
Count: 3

Matrix:
[[2,0,0,0,0,0,0],
 [0,1,0,0,0,0,0],
 [1,1,2,0,0,0,0],
 [0,0,1,1,0,0,0],
 [0,0,0,1,2,0,0],
 [0,0,0,0,0,0,0],
 [0,0,0,0,0,0,0]]
Count: 1

Matrix:
[[1,0,0,0,0,0,0],
 [0,1,0,0,0,0,0],
 [0,0,1,0,0,0,0],
 [1,0,1,1,0,0,0],
 [1,0,1,1,2,0,0],
 [0,1,0,0,1,2,0],
 [0,0,0,0,0,0,0]]
Count: 1

Matrix:
[[1,0,0,0,0,0,0],
 [0,1,0,0,0,0,0],
 [0,1,2,0,0,0,0],
 [1,0,0,2,0,0,0],
 [0,0,1,1,2,0,0],
 [0,0,0,0,0,0,0],
 [0,0,0,0,0,0,0]]
Count: 3

Matrix:
[[1,0,0,0,0,0,0],
 [1,1,0,0,0,0,0],
 [0,0,1,0,0,0,0],
 [0,1,1,1,0,0,0],
 [1,0,0,1,2,0,0],
 [0,0,0,0,0,0,0],
 [0,0,0,0,0,0,0]]
Count: 1

Matrix:
[[1,0,0,0,0,0,0],
 [0,1,0,0,0,0,0],
 [1,1,1,0,0,0,0],
 [0,0,0,1,0,0,0],
 [0,0,1,1,1,0,0],
 [0,0,0,0,1,2,0],
 [0,0,0,0,0,0,0]]
Count: 1

Matrix:
[[1,0,0,0,0,0,0],
 [1,1,0,0,0,0,0],
 [1,0,2,0,0,0,0],
 [0,1,1,2,0,0,0],
 [0,0,0,0,0,0,0],
 [0,0,0,0,0,0,0],
 [0,0,0,0,0,0,0]]
Count: 9

Matrix:
[[1,0,0,0,0,0,0],
 [1,1,0,0,0,0,0],
 [0,1,2,0,0,0,0],
 [1,0,0,2,0,0,0],
 [0,0,1,1,2,0,0],
 [0,0,0,0,0,0,0],
 [0,0,0,0,0,0,0]]
Count: 1

Matrix:
[[2,0,0,0,0,0,0],
 [1,1,0,0,0,0,0],
 [0,1,1,0,0,0,0],
 [0,0,1,2,0,0,0],
 [0,0,0,0,0,0,0],
 [0,0,0,0,0,0,0],
 [0,0,0,0,0,0,0]]
Count: 3

Matrix:
[[2,0,0,0,0,0,0],
 [1,1,0,0,0,0,0],
 [1,0,1,0,0,0,0],
 [0,1,1,2,0,0,0],
 [0,0,1,0,1,0,0],
 [0,0,0,1,1,2,0],
 [0,0,0,0,0,0,0]]
Count: 1

Matrix:
[[1,0,0,0,0,0,0],
 [0,1,0,0,0,0,0],
 [1,1,1,0,0,0,0],
 [0,0,1,2,0,0,0],
 [0,0,0,1,2,0,0],
 [0,0,0,0,0,0,0],
 [0,0,0,0,0,0,0]]
Count: 2

Matrix:
[[1,0,0,0,0,0,0],
 [1,1,0,0,0,0,0],
 [0,0,1,0,0,0,0],
 [0,1,0,2,0,0,0],
 [0,0,1,1,2,0,0],
 [0,0,0,0,0,0,0],
 [0,0,0,0,0,0,0]]
Count: 2

Matrix:
[[1,0,0,0,0,0,0],
 [1,1,0,0,0,0,0],
 [0,1,1,0,0,0,0],
 [1,0,0,1,0,0,0],
 [0,0,1,1,2,0,0],
 [0,0,0,0,0,0,0],
 [0,0,0,0,0,0,0]]
Count: 3

Matrix:
[[1,0,0,0,0,0,0],
 [0,1,0,0,0,0,0],
 [0,0,1,0,0,0,0],
 [1,0,0,2,0,0,0],
 [0,1,0,0,2,0,0],
 [0,0,1,1,1,2,0],
 [0,0,0,0,0,0,0]]
Count: 2

Matrix:
[[1,0,0,0,0,0,0],
 [0,1,0,0,0,0,0],
 [1,0,2,0,0,0,0],
 [0,1,0,2,0,0,0],
 [0,1,0,0,2,0,0],
 [0,0,1,1,1,2,0],
 [0,0,0,0,0,0,0]]
Count: 1

Matrix:
[[1,0,0,0,0,0,0],
 [0,1,0,0,0,0,0],
 [0,0,1,0,0,0,0],
 [1,0,0,2,0,0,0],
 [0,1,1,0,2,0,0],
 [0,0,0,1,1,2,0],
 [0,0,0,0,0,0,0]]
Count: 3

Matrix:
[[1,0,0,0,0,0,0],
 [0,1,0,0,0,0,0],
 [0,1,1,0,0,0,0],
 [0,0,1,2,0,0,0],
 [0,0,0,1,2,0,0],
 [0,0,0,0,0,0,0],
 [0,0,0,0,0,0,0]]
Count: 1

Matrix:
[[1,0,0,0,0,0,0],
 [1,1,0,0,0,0,0],
 [1,0,1,0,0,0,0],
 [0,1,0,2,0,0,0],
 [0,0,0,0,0,0,0],
 [0,0,0,0,0,0,0],
 [0,0,0,0,0,0,0]]
Count: 1

Matrix:
[[1,0,0,0,0,0,0],
 [0,1,0,0,0,0,0],
 [0,1,1,0,0,0,0],
 [0,1,1,2,0,0,0],
 [0,0,0,0,0,0,0],
 [0,0,0,0,0,0,0],
 [0,0,0,0,0,0,0]]
Count: 3

Matrix:
[[1,0,0,0,0,0,0],
 [1,1,0,0,0,0,0],
 [0,1,2,0,0,0,0],
 [0,0,1,1,0,0,0],
 [1,0,0,1,2,0,0],
 [0,0,0,0,0,0,0],
 [0,0,0,0,0,0,0]]
Count: 1

Matrix:
[[1,0,0,0,0,0,0],
 [1,1,0,0,0,0,0],
 [0,1,1,0,0,0,0],
 [1,0,0,1,0,0,0],
 [0,0,0,1,1,0,0],
 [0,0,1,0,1,2,0],
 [0,0,0,0,0,0,0]]
Count: 1

Matrix:
[[2,0,0,0,0,0,0],
 [1,1,0,0,0,0,0],
 [1,0,1,0,0,0,0],
 [0,0,1,1,0,0,0],
 [0,1,0,1,2,0,0],
 [0,0,0,0,0,0,0],
 [0,0,0,0,0,0,0]]
Count: 1

Matrix:
[[2,0,0,0,0,0,0],
 [1,1,0,0,0,0,0],
 [0,1,2,0,0,0,0],
 [0,0,1,2,0,0,0],
 [0,0,0,0,0,0,0],
 [0,0,0,0,0,0,0],
 [0,0,0,0,0,0,0]]
Count: 3

Matrix:
[[1,0,0,0,0,0,0],
 [1,1,0,0,0,0,0],
 [1,0,1,0,0,0,0],
 [0,0,1,1,0,0,0],
 [0,0,1,0,1,0,0],
 [0,0,0,1,1,2,0],
 [0,0,0,0,0,0,0]]
Count: 1

Matrix:
[[1,0,0,0,0,0,0],
 [0,1,0,0,0,0,0],
 [1,0,2,0,0,0,0],
 [0,1,1,2,0,0,0],
 [0,0,0,1,1,0,0],
 [0,0,0,0,0,0,0],
 [0,0,0,0,0,0,0]]
Count: 2

Matrix:
[[1,0,0,0,0,0,0],
 [0,1,0,0,0,0,0],
 [1,0,1,0,0,0,0],
 [1,1,1,1,0,0,0],
 [0,0,0,1,2,0,0],
 [0,0,0,0,0,0,0],
 [0,0,0,0,0,0,0]]
Count: 1

Matrix:
[[1,0,0,0,0,0,0],
 [1,1,0,0,0,0,0],
 [0,1,2,0,0,0,0],
 [0,0,1,2,0,0,0],
 [0,0,0,1,2,0,0],
 [0,0,0,0,0,0,0],
 [0,0,0,0,0,0,0]]
Count: 2

Matrix:
[[1,0,0,0,0,0,0],
 [0,0,0,0,0,0,0],
 [0,0,1,0,0,0,0],
 [1,0,1,2,0,0,0],
 [0,0,0,1,2,0,0],
 [0,0,0,0,0,0,0],
 [0,0,0,0,0,0,0]]
Count: 1

Matrix:
[[1,0,0,0,0,0,0],
 [0,1,0,0,0,0,0],
 [0,0,2,0,0,0,0],
 [1,1,1,2,0,0,0],
 [0,0,0,0,0,0,0],
 [0,0,0,0,0,0,0],
 [0,0,0,0,0,0,0]]
Count: 2

Matrix:
[[1,0,0,0,0,0,0],
 [1,2,0,0,0,0,0],
 [0,1,1,0,0,0,0],
 [0,0,1,2,0,0,0],
 [0,0,0,1,1,0,0],
 [0,0,0,0,1,2,0],
 [0,0,0,0,0,0,0]]
Count: 1

Matrix:
[[1,0,0,0,0,0,0],
 [1,1,0,0,0,0,0],
 [0,1,1,0,0,0,0],
 [0,0,1,1,0,0,0],
 [0,1,0,1,2,0,0],
 [0,0,0,0,0,0,0],
 [0,0,0,0,0,0,0]]
Count: 2

Matrix:
[[1,0,0,0,0,0,0],
 [1,1,0,0,0,0,0],
 [0,1,2,0,0,0,0],
 [0,0,1,1,0,0,0],
 [0,0,1,1,2,0,0],
 [0,0,0,0,0,0,0],
 [0,0,0,0,0,0,0]]
Count: 1

Matrix:
[[1,0,0,0,0,0,0],
 [0,1,0,0,0,0,0],
 [1,1,2,0,0,0,0],
 [0,1,1,2,0,0,0],
 [0,0,1,1,2,0,0],
 [0,0,0,0,0,0,0],
 [0,0,0,0,0,0,0]]
Count: 1

Matrix:
[[1,0,0,0,0,0,0],
 [1,2,0,0,0,0,0],
 [0,1,1,0,0,0,0],
 [0,0,0,1,0,0,0],
 [0,1,0,1,2,0,0],
 [0,0,0,0,0,0,0],
 [0,0,0,0,0,0,0]]
Count: 1

Matrix:
[[1,0,0,0,0,0,0],
 [1,2,0,0,0,0,0],
 [0,0,1,0,0,0,0],
 [0,1,1,2,0,0,0],
 [0,1,0,1,2,0,0],
 [0,0,0,0,0,0,0],
 [0,0,0,0,0,0,0]]
Count: 1

Matrix:
[[1,0,0,0,0,0,0],
 [1,1,0,0,0,0,0],
 [0,1,2,0,0,0,0],
 [0,0,1,2,0,0,0],
 [0,0,0,1,1,0,0],
 [0,0,0,0,0,0,0],
 [0,0,0,0,0,0,0]]
Count: 4

Matrix:
[[2,0,0,0,0,0,0],
 [0,1,0,0,0,0,0],
 [0,1,1,0,0,0,0],
 [1,0,1,2,0,0,0],
 [0,0,0,0,0,0,0],
 [0,0,0,0,0,0,0],
 [0,0,0,0,0,0,0]]
Count: 1

Matrix:
[[1,0,0,0,0,0,0],
 [1,2,0,0,0,0,0],
 [1,0,2,0,0,0,0],
 [0,1,1,2,0,0,0],
 [0,0,0,1,1,0,0],
 [0,0,0,0,0,0,0],
 [0,0,0,0,0,0,0]]
Count: 1

Matrix:
[[1,0,0,0,0,0,0],
 [0,1,0,0,0,0,0],
 [1,0,2,0,0,0,0],
 [0,1,0,2,0,0,0],
 [0,0,1,0,2,0,0],
 [0,0,0,1,0,2,0],
 [0,0,0,0,1,1,2]]
Count: 2

Matrix:
[[1,0,0,0,0,0,0],
 [0,1,0,0,0,0,0],
 [0,0,1,0,0,0,0],
 [0,0,1,2,0,0,0],
 [1,1,0,1,2,0,0],
 [0,0,0,0,0,0,0],
 [0,0,0,0,0,0,0]]
Count: 3

Matrix:
[[2,0,0,0,0,0,0],
 [1,1,0,0,0,0,0],
 [1,0,1,0,0,0,0],
 [0,1,1,2,0,0,0],
 [0,1,0,0,1,0,0],
 [0,0,0,1,1,2,0],
 [0,0,0,0,0,0,0]]
Count: 1

Matrix:
[[1,0,0,0,0,0,0],
 [0,1,0,0,0,0,0],
 [0,0,1,0,0,0,0],
 [0,1,1,2,0,0,0],
 [0,0,0,1,2,0,0],
 [0,0,0,0,0,0,0],
 [0,0,0,0,0,0,0]]
Count: 4

Matrix:
[[2,0,0,0,0,0,0],
 [1,1,0,0,0,0,0],
 [0,1,1,0,0,0,0],
 [1,0,0,1,0,0,0],
 [0,1,0,0,1,0,0],
 [0,0,1,1,1,2,0],
 [0,0,0,0,0,0,0]]
Count: 1

Matrix:
[[2,0,0,0,0,0,0],
 [1,1,0,0,0,0,0],
 [0,0,1,0,0,0,0],
 [0,1,1,2,0,0,0],
 [0,0,0,0,0,0,0],
 [0,0,0,0,0,0,0],
 [0,0,0,0,0,0,0]]
Count: 4

Matrix:
[[1,0,0,0,0,0,0],
 [0,2,0,0,0,0,0],
 [0,1,1,0,0,0,0],
 [1,0,1,2,0,0,0],
 [0,0,0,0,0,0,0],
 [0,0,0,0,0,0,0],
 [0,0,0,0,0,0,0]]
Count: 1

Matrix:
[[1,0,0,0,0,0,0],
 [0,1,0,0,0,0,0],
 [1,0,1,0,0,0,0],
 [0,1,1,2,0,0,0],
 [0,1,0,0,1,0,0],
 [0,0,0,1,1,2,0],
 [0,0,0,0,0,0,0]]
Count: 1

Matrix:
[[1,0,0,0,0,0,0],
 [1,2,0,0,0,0,0],
 [1,1,2,0,0,0,0],
 [0,0,0,0,0,0,0],
 [0,0,0,0,0,0,0],
 [0,0,0,0,0,0,0],
 [0,0,0,0,0,0,0]]
Count: 2

Matrix:
[[1,0,0,0,0,0,0],
 [0,1,0,0,0,0,0],
 [0,1,2,0,0,0,0],
 [1,0,1,1,0,0,0],
 [0,0,1,1,2,0,0],
 [0,0,0,0,0,0,0],
 [0,0,0,0,0,0,0]]
Count: 1

Matrix:
[[2,0,0,0,0,0,0],
 [0,1,0,0,0,0,0],
 [1,1,2,0,0,0,0],
 [0,0,1,2,0,0,0],
 [0,0,0,0,0,0,0],
 [0,0,0,0,0,0,0],
 [0,0,0,0,0,0,0]]
Count: 2

Matrix:
[[1,0,0,0,0,0,0],
 [1,1,0,0,0,0,0],
 [1,0,1,0,0,0,0],
 [0,0,0,0,0,0,0],
 [0,0,0,0,0,0,0],
 [0,0,0,0,0,0,0],
 [0,0,0,0,0,0,0]]
Count: 6

Matrix:
[[2,0,0,0,0,0,0],
 [0,1,0,0,0,0,0],
 [0,0,1,0,0,0,0],
 [1,1,1,2,0,0,0],
 [0,0,0,1,1,0,0],
 [0,0,0,0,0,0,0],
 [0,0,0,0,0,0,0]]
Count: 1

Matrix:
[[1,0,0,0,0,0,0],
 [0,1,0,0,0,0,0],
 [1,0,2,0,0,0,0],
 [0,0,1,1,0,0,0],
 [0,0,0,0,0,0,0],
 [0,0,0,0,0,0,0],
 [0,0,0,0,0,0,0]]
Count: 1

Matrix:
[[1,0,0,0,0,0,0],
 [0,1,0,0,0,0,0],
 [1,0,2,0,0,0,0],
 [0,0,1,2,0,0,0],
 [0,0,0,0,0,0,0],
 [0,0,0,0,0,0,0],
 [0,0,0,0,0,0,0]]
Count: 1

Matrix:
[[2,0,0,0,0,0,0],
 [0,1,0,0,0,0,0],
 [1,1,1,0,0,0,0],
 [0,0,1,2,0,0,0],
 [0,0,0,0,0,0,0],
 [0,0,0,0,0,0,0],
 [0,0,0,0,0,0,0]]
Count: 1

Matrix:
[[1,0,0,0,0,0,0],
 [0,1,0,0,0,0,0],
 [1,1,2,0,0,0,0],
 [0,0,0,1,0,0,0],
 [0,0,0,1,1,0,0],
 [0,0,1,0,1,2,0],
 [0,0,0,0,0,0,0]]
Count: 1

Matrix:
[[1,0,0,0,0,0,0],
 [1,1,0,0,0,0,0],
 [1,0,1,0,0,0,0],
 [1,0,1,2,0,0,0],
 [0,1,0,1,2,0,0],
 [0,0,0,0,0,0,0],
 [0,0,0,0,0,0,0]]
Count: 1

Matrix:
[[1,0,0,0,0,0,0],
 [1,2,0,0,0,0,0],
 [0,0,1,0,0,0,0],
 [0,0,0,1,0,0,0],
 [0,1,1,1,2,0,0],
 [0,0,0,0,1,1,0],
 [0,0,0,0,0,0,0]]
Count: 1

Matrix:
[[1,0,0,0,0,0,0],
 [0,1,0,0,0,0,0],
 [1,1,1,0,0,0,0],
 [0,0,1,1,0,0,0],
 [0,0,0,1,2,0,0],
 [0,0,0,0,0,0,0],
 [0,0,0,0,0,0,0]]
Count: 1

Matrix:
[[1,0,0,0,0,0,0],
 [0,1,0,0,0,0,0],
 [1,0,1,0,0,0,0],
 [1,0,0,1,0,0,0],
 [0,1,0,0,1,0,0],
 [0,0,1,1,1,2,0],
 [0,0,0,0,0,0,0]]
Count: 1

Matrix:
[[1,0,0,0,0,0,0],
 [0,1,0,0,0,0,0],
 [1,1,1,0,0,0,0],
 [1,1,0,1,0,0,0],
 [0,0,1,1,2,0,0],
 [0,0,0,0,0,0,0],
 [0,0,0,0,0,0,0]]
Count: 1

Matrix:
[[1,0,0,0,0,0,0],
 [0,1,0,0,0,0,0],
 [1,0,2,0,0,0,0],
 [0,1,0,2,0,0,0],
 [0,0,1,0,1,0,0],
 [0,0,0,1,0,1,0],
 [0,0,0,0,1,1,2]]
Count: 2

Matrix:
[[1,0,0,0,0,0,0],
 [1,1,0,0,0,0,0],
 [0,1,2,0,0,0,0],
 [1,0,0,1,0,0,0],
 [0,0,1,1,2,0,0],
 [0,0,0,0,0,0,0],
 [0,0,0,0,0,0,0]]
Count: 2

Matrix:
[[1,0,0,0,0,0,0],
 [0,2,0,0,0,0,1],
 [1,0,2,0,0,0,0],
 [0,1,1,2,0,0,0],
 [0,0,0,0,0,0,0],
 [0,0,0,0,0,0,0],
 [0,0,0,0,0,0,1]]
Count: 1

Matrix:
[[2,0,0,0,0,0,0],
 [0,1,0,0,0,0,0],
 [1,0,1,0,0,0,0],
 [0,1,1,2,0,0,0],
 [0,0,0,0,0,0,0],
 [0,0,0,0,0,0,0],
 [0,0,0,0,0,0,0]]
Count: 1

Matrix:
[[2,0,0,0,0,0,0],
 [1,1,0,0,0,0,0],
 [0,1,1,0,0,0,0],
 [0,0,1,1,0,0,0],
 [0,0,0,1,2,0,0],
 [0,0,0,0,0,0,0],
 [0,0,0,0,0,0,0]]
Count: 1

Matrix:
[[1,0,0,0,0,0,0],
 [0,1,0,0,0,0,0],
 [0,0,1,0,0,0,0],
 [0,0,0,0,0,0,0],
 [0,0,0,0,0,0,0],
 [0,0,0,0,0,0,0],
 [0,0,0,0,0,0,0]]
Count: 1

Matrix:
[[1,0,0,0,0,0,0],
 [0,1,0,0,0,0,0],
 [0,0,1,0,0,0,0],
 [0,1,1,2,0,0,0],
 [0,0,0,1,1,0,0],
 [1,0,0,0,1,2,0],
 [0,0,0,0,0,0,0]]
Count: 1

Matrix:
[[1,0,0,0,0,0,0],
 [1,1,0,0,0,0,0],
 [0,0,1,0,0,0,0],
 [0,0,0,1,0,0,0],
 [0,1,1,1,2,0,0],
 [0,0,0,0,0,0,0],
 [0,0,0,0,0,0,0]]
Count: 1

Matrix:
[[1,0,0,0,0,0,0],
 [1,1,0,0,0,0,0],
 [0,1,1,0,0,0,0],
 [0,0,1,1,0,0,0],
 [1,0,0,1,2,0,0],
 [0,0,0,0,0,0,0],
 [0,0,0,0,0,0,0]]
Count: 1

Matrix:
[[1,0,0,0,0,0,0],
 [1,1,0,0,0,0,0],
 [0,0,1,0,0,0,0],
 [0,1,1,2,0,0,0],
 [0,0,0,1,1,0,0],
 [0,0,0,1,1,2,0],
 [0,0,0,0,0,0,0]]
Count: 1

Matrix:
[[1,0,0,0,0,0,0],
 [0,1,0,0,0,0,0],
 [1,1,2,0,0,0,0],
 [1,1,1,2,0,0,0],
 [0,0,0,0,0,0,0],
 [0,0,0,0,0,0,0],
 [0,0,0,0,0,0,0]]
Count: 1

Matrix:
[[1,0,0,0,0,0,0],
 [1,1,0,0,0,0,0],
 [0,0,1,0,0,0,0],
 [0,1,1,2,0,0,0],
 [0,1,1,1,2,0,0],
 [0,0,0,0,0,0,0],
 [0,0,0,0,0,0,0]]
Count: 1

Matrix:
[[1,0,0,0,0,0,0],
 [1,1,0,0,0,0,0],
 [0,1,1,0,0,0,0],
 [0,1,0,2,0,0,0],
 [0,0,0,0,0,0,0],
 [0,0,0,0,0,0,0],
 [0,0,0,0,0,0,0]]
Count: 1

Matrix:
[[1,0,0,0,0,0,0],
 [1,1,0,0,0,0,0],
 [0,0,1,0,0,0,0],
 [0,1,1,1,0,0,0],
 [0,0,0,1,1,0,0],
 [0,0,0,0,1,2,0],
 [0,0,0,0,0,0,0]]
Count: 1

Matrix:
[[1,0,0,0,0,0,0],
 [0,1,0,0,0,0,0],
 [0,0,1,0,0,0,0],
 [0,0,1,1,0,0,0],
 [1,0,0,1,2,0,0],
 [0,0,0,0,1,2,0],
 [0,0,0,0,0,0,0]]
Count: 1

Matrix:
[[1,0,0,0,0,0,0],
 [0,1,0,0,0,0,0],
 [0,1,1,0,0,0,0],
 [0,0,1,1,0,0,0],
 [1,0,0,1,2,0,0],
 [0,0,1,0,0,1,0],
 [0,0,0,0,1,1,2]]
Count: 1

Matrix:
[[1,0,0,0,0,0,0],
 [1,1,0,0,0,0,0],
 [1,0,1,0,0,0,0],
 [0,1,0,1,0,0,0],
 [0,0,1,1,2,0,0],
 [0,0,0,0,0,0,0],
 [0,0,0,0,0,0,0]]
Count: 2

Matrix:
[[2,0,0,0,0,0,0],
 [0,1,0,0,0,0,0],
 [0,1,2,0,0,0,0],
 [1,0,1,2,0,0,0],
 [0,0,0,0,0,0,0],
 [0,0,0,0,0,0,0],
 [0,0,0,0,0,0,0]]
Count: 1

Matrix:
[[1,0,0,0,0,0,0],
 [0,1,0,0,0,0,0],
 [0,0,1,0,0,0,0],
 [0,1,0,2,0,0,0],
 [0,0,1,0,2,0,0],
 [0,0,0,1,1,2,0],
 [0,0,0,0,0,0,0]]
Count: 3

Matrix:
[[1,0,0,0,0,0,0],
 [1,1,0,0,0,0,0],
 [1,0,1,0,0,0,0],
 [0,1,1,2,0,0,0],
 [0,0,0,1,2,0,0],
 [0,0,0,0,0,0,0],
 [0,0,0,0,0,0,0]]
Count: 3

Matrix:
[[1,0,0,0,0,0,0],
 [0,1,0,0,0,0,0],
 [1,0,2,0,0,0,0],
 [0,1,1,2,0,0,0],
 [0,1,1,0,2,0,0],
 [0,0,0,1,1,2,0],
 [0,0,0,0,0,0,0]]
Count: 1

Matrix:
[[1,0,0,0,0,0,0],
 [0,1,0,0,0,0,0],
 [1,1,2,0,0,0,0],
 [0,1,0,2,0,0,0],
 [0,0,1,1,2,0,0],
 [0,0,0,1,1,2,0],
 [0,0,0,0,0,0,0]]
Count: 1

Matrix:
[[1,0,0,0,0,0,0],
 [0,1,0,0,0,0,0],
 [1,0,2,0,0,0,0],
 [0,0,1,2,0,0,0],
 [0,1,0,1,2,0,0],
 [0,0,0,0,0,0,0],
 [0,0,0,0,0,0,0]]
Count: 2

Matrix:
[[2,0,0,0,0,0,0],
 [1,1,0,0,0,0,0],
 [0,1,2,0,0,0,0],
 [0,0,1,1,0,0,0],
 [0,0,0,1,2,0,0],
 [0,0,0,0,0,0,0],
 [0,0,0,0,0,0,0]]
Count: 3

Matrix:
[[1,0,0,0,0,0,0],
 [1,1,0,0,0,0,0],
 [1,1,2,0,0,0,0],
 [0,0,1,1,0,0,0],
 [0,1,0,1,2,0,0],
 [0,0,0,0,0,0,0],
 [0,0,0,0,0,0,0]]
Count: 1

Matrix:
[[1,0,0,0,0,0,0],
 [0,1,0,0,0,0,0],
 [1,1,2,0,0,0,0],
 [0,0,1,1,0,0,0],
 [0,0,0,1,1,0,0],
 [0,0,0,0,0,0,0],
 [0,0,0,0,0,0,0]]
Count: 4

Matrix:
[[1,0,0,0,0,0,0],
 [0,1,0,0,0,0,0],
 [0,1,2,0,0,0,0],
 [1,0,1,1,0,0,0],
 [0,0,0,1,2,0,0],
 [0,0,0,0,0,0,0],
 [0,0,0,0,0,0,0]]
Count: 1

Matrix:
[[1,0,0,0,0,0,0],
 [1,1,0,0,0,0,0],
 [1,0,2,0,0,0,0],
 [0,0,0,0,0,0,0],
 [0,0,0,0,0,0,0],
 [0,0,0,0,0,0,0],
 [0,0,0,0,0,0,0]]
Count: 1

Matrix:
[[1,0,0,0,0,0,0],
 [0,1,0,0,0,0,0],
 [1,0,1,0,0,0,0],
 [0,0,1,1,0,0,0],
 [0,0,0,0,0,0,0],
 [0,0,0,0,0,0,0],
 [0,0,0,0,0,0,0]]
Count: 2

Matrix:
[[1,0,0,0,0,0,0],
 [0,1,0,0,0,0,0],
 [0,0,1,0,0,0,0],
 [1,1,0,2,0,0,0],
 [0,0,1,1,2,0,0],
 [0,0,0,0,1,2,0],
 [0,0,0,0,0,0,0]]
Count: 4

Matrix:
[[1,0,0,0,0,0,0],
 [0,1,0,0,0,0,0],
 [1,1,2,0,0,0,0],
 [1,1,0,2,0,0,0],
 [0,0,0,0,0,0,0],
 [0,0,0,0,0,0,0],
 [0,0,0,0,0,0,0]]
Count: 2

Matrix:
[[2,0,0,0,0,0,0],
 [0,1,0,0,0,0,0],
 [0,0,1,0,0,0,0],
 [0,1,0,2,0,0,0],
 [0,0,1,1,2,0,0],
 [0,0,0,0,1,2,0],
 [0,0,0,0,0,1,2]]
Count: 1

Matrix:
[[1,0,0,0,0,0,0],
 [0,1,0,0,0,0,0],
 [1,1,2,0,0,0,0],
 [0,0,1,1,0,0,0],
 [0,0,1,0,1,0,0],
 [0,0,0,1,1,2,0],
 [0,0,0,0,0,0,0]]
Count: 1

Matrix:
[[1,0,0,0,0,0,0],
 [0,1,0,0,0,0,0],
 [1,1,2,0,0,0,0],
 [0,0,1,1,0,0,0],
 [0,0,0,1,1,0,0],
 [0,0,0,0,1,2,0],
 [0,0,0,0,0,0,0]]
Count: 1

Matrix:
[[1,0,0,0,0,0,0],
 [1,2,0,0,0,0,0],
 [0,1,2,0,0,0,0],
 [0,0,1,2,0,0,0],
 [0,0,0,0,0,0,0],
 [0,0,0,0,0,0,0],
 [0,0,0,0,0,0,0]]
Count: 2

Matrix:
[[1,0,0,0,0,0,0],
 [1,2,0,0,0,0,0],
 [0,1,1,0,0,0,0],
 [0,0,0,1,0,0,0],
 [0,1,0,1,2,0,0],
 [0,0,1,0,1,2,0],
 [0,0,0,0,0,0,0]]
Count: 1

Matrix:
[[2,0,0,0,0,0,0],
 [0,1,0,0,0,0,0],
 [0,0,1,0,0,0,0],
 [0,1,1,2,0,0,0],
 [1,0,0,1,2,0,0],
 [0,0,0,0,0,0,0],
 [0,0,0,0,0,0,0]]
Count: 2

Matrix:
[[1,0,0,0,0,0,0],
 [1,1,0,0,0,0,0],
 [0,1,2,0,0,0,0],
 [0,0,1,2,0,0,0],
 [0,0,1,1,2,0,0],
 [0,0,0,0,0,0,0],
 [0,0,0,0,0,0,0]]
Count: 1

Matrix:
[[1,0,0,0,0,0,0],
 [1,2,0,0,0,0,0],
 [0,1,1,0,0,0,0],
 [0,1,0,1,0,0,0],
 [0,0,1,1,2,0,0],
 [0,0,0,0,0,0,0],
 [0,0,0,0,0,0,0]]
Count: 3

Matrix:
[[1,0,0,0,0,0,0],
 [1,2,0,0,0,0,0],
 [0,0,1,0,0,0,0],
 [0,0,1,1,0,0,0],
 [0,1,0,1,2,0,0],
 [0,0,0,0,0,0,0],
 [0,0,0,0,0,0,0]]
Count: 3

Matrix:
[[1,0,0,0,0,0,0],
 [0,1,0,0,0,0,0],
 [0,0,1,0,0,0,0],
 [0,1,1,1,0,0,0],
 [0,0,0,1,2,0,0],
 [0,0,0,0,0,0,0],
 [0,0,0,0,0,0,0]]
Count: 1

Matrix:
[[1,0,0,0,0,0,0],
 [1,1,0,0,0,0,0],
 [1,0,1,0,0,0,0],
 [1,0,0,1,0,0,0],
 [0,1,1,1,2,0,0],
 [0,0,0,0,0,0,0],
 [0,0,0,0,0,0,0]]
Count: 4

Matrix:
[[1,0,0,0,0,0,0],
 [0,1,0,0,0,0,0],
 [0,0,1,0,0,0,0],
 [1,1,1,1,0,0,0],
 [0,0,0,1,1,0,0],
 [0,0,0,1,1,2,0],
 [0,0,0,0,0,0,0]]
Count: 1

Matrix:
[[1,0,0,0,0,0,0],
 [0,1,0,0,0,0,0],
 [1,1,1,0,0,0,0],
 [1,1,0,1,0,0,0],
 [0,0,1,1,1,0,0],
 [0,0,0,0,0,0,0],
 [0,0,0,0,0,0,0]]
Count: 1

Matrix:
[[1,0,0,0,0,0,0],
 [0,1,0,0,0,0,0],
 [0,1,1,0,0,0,0],
 [0,1,1,2,0,0,0],
 [0,0,0,1,2,0,0],
 [0,0,0,0,0,0,0],
 [0,0,0,0,0,0,0]]
Count: 1

Matrix:
[[1,0,0,0,0,0,0],
 [1,1,0,0,0,0,0],
 [1,0,1,0,0,0,0],
 [0,0,1,2,0,0,0],
 [0,0,0,0,1,0,0],
 [0,1,0,1,1,2,0],
 [0,0,0,0,0,0,0]]
Count: 1

Matrix:
[[1,0,0,0,0,0,0],
 [0,1,0,0,0,0,0],
 [0,1,1,0,0,0,0],
 [1,0,1,2,0,0,0],
 [0,0,1,1,2,0,0],
 [0,0,0,0,0,0,0],
 [0,0,0,0,0,0,0]]
Count: 5

Matrix:
[[1,0,0,0,0,0,0],
 [1,1,0,0,0,0,0],
 [0,1,1,0,0,0,0],
 [0,1,0,1,0,0,0],
 [1,0,1,1,1,0,0],
 [0,1,1,1,1,2,0],
 [0,0,0,0,0,0,0]]
Count: 1

Matrix:
[[1,0,0,0,0,0,0],
 [1,1,0,0,0,0,0],
 [0,1,2,0,0,0,0],
 [0,0,0,1,0,0,0],
 [0,0,0,1,1,0,0],
 [0,0,1,0,1,2,0],
 [0,0,0,0,0,0,0]]
Count: 1

Matrix:
[[1,0,0,0,0,0,0],
 [1,1,0,0,0,0,0],
 [1,0,1,0,0,0,0],
 [1,0,1,2,0,0,0],
 [0,0,0,0,0,0,0],
 [0,0,0,0,0,0,0],
 [0,0,0,0,0,0,0]]
Count: 1

Matrix:
[[1,0,0,0,0,0,0],
 [0,1,0,0,0,0,0],
 [1,0,1,0,0,0,0],
 [0,1,1,2,0,0,0],
 [0,0,0,1,1,0,0],
 [0,0,0,0,1,2,0],
 [0,0,0,0,0,0,0]]
Count: 1

Matrix:
[[1,0,0,0,0,0,0],
 [0,1,0,0,0,0,0],
 [1,0,1,0,0,0,0],
 [1,1,1,2,0,0,0],
 [0,0,0,0,0,0,0],
 [0,0,0,0,0,0,0],
 [0,0,0,0,0,0,0]]
Count: 3

Matrix:
[[1,0,0,0,0,0,0],
 [1,1,0,0,0,0,0],
 [0,0,2,0,0,0,0],
 [0,0,1,1,0,0,0],
 [0,1,0,1,2,0,0],
 [0,0,0,0,0,0,0],
 [0,0,0,0,0,0,0]]
Count: 1

Matrix:
[[2,0,0,0,0,0,0],
 [1,1,0,0,0,0,0],
 [1,0,2,0,0,0,0],
 [0,0,1,1,0,0,0],
 [0,1,0,1,2,0,0],
 [0,0,0,0,0,0,0],
 [0,0,0,0,0,0,0]]
Count: 1

Matrix:
[[1,0,0,0,0,0,0],
 [0,1,0,0,0,0,0],
 [1,1,2,0,0,0,0],
 [0,1,0,2,0,0,0],
 [0,0,1,1,2,0,0],
 [0,0,0,0,0,0,0],
 [0,0,0,0,0,0,0]]
Count: 1

Matrix:
[[1,0,0,0,0,0,0],
 [1,1,0,0,0,0,0],
 [1,0,1,0,0,0,0],
 [1,0,0,1,0,0,0],
 [1,0,0,0,1,0,0],
 [0,1,1,1,1,2,0],
 [0,0,0,0,0,0,0]]
Count: 5

Matrix:
[[1,0,0,0,0,0,0],
 [0,1,0,0,0,0,0],
 [0,0,1,0,0,0,0],
 [0,0,0,1,0,0,0],
 [0,0,0,0,1,0,0],
 [1,1,1,1,1,2,0],
 [0,0,0,0,0,0,0]]
Count: 1

Matrix:
[[1,0,0,0,0,0,0],
 [1,1,0,0,0,0,0],
 [0,1,2,0,0,0,0],
 [0,1,0,2,0,0,0],
 [0,1,0,0,2,0,0],
 [0,1,0,0,0,2,0],
 [0,0,1,1,1,1,2]]
Count: 1

Matrix:
[[1,0,0,0,0,0,0],
 [1,1,0,0,0,0,0],
 [0,1,1,0,0,0,0],
 [0,1,0,1,0,0,0],
 [0,1,0,0,1,0,0],
 [0,1,0,0,0,1,0],
 [0,0,1,1,1,1,2]]
Count: 1

Matrix:
[[1,0,0,0,0,0,0],
 [0,1,0,0,0,0,0],
 [0,1,1,0,0,0,0],
 [0,1,0,1,0,0,0],
 [0,0,1,1,2,0,0],
 [0,0,0,0,0,0,0],
 [0,0,0,0,0,0,0]]
Count: 1

Matrix:
[[1,0,0,0,0,0,0],
 [0,1,0,0,0,0,0],
 [0,0,1,0,0,0,0],
 [1,0,1,2,0,0,0],
 [0,0,0,1,2,0,0],
 [0,0,0,0,0,0,0],
 [0,0,0,0,0,0,0]]
Count: 1

Matrix:
[[1,0,0,0,0,0,0],
 [0,1,0,0,0,0,0],
 [0,0,1,0,0,0,0],
 [1,1,0,2,0,0,0],
 [1,0,1,1,2,0,0],
 [0,0,0,0,0,0,0],
 [0,0,0,0,0,0,0]]
Count: 1

Matrix:
[[1,0,0,0,0,0,0],
 [0,1,0,0,0,0,0],
 [1,0,1,0,0,0,0],
 [1,0,1,2,0,0,0],
 [1,1,0,1,2,0,0],
 [0,0,0,0,0,0,0],
 [0,0,0,0,0,0,0]]
Count: 1

Matrix:
[[1,0,0,0,0,0,0],
 [1,1,0,0,0,0,0],
 [0,1,2,0,0,0,0],
 [0,1,1,2,0,0,0],
 [0,0,0,1,1,0,0],
 [0,0,0,0,0,0,0],
 [0,0,0,0,0,0,0]]
Count: 1

Matrix:
[[1,0,0,0,0,0,0],
 [0,1,0,0,0,0,0],
 [0,1,1,0,0,0,0],
 [1,0,0,2,0,0,0],
 [0,0,1,1,2,0,0],
 [0,0,0,0,0,0,0],
 [0,0,0,0,0,0,0]]
Count: 1

Matrix:
[[1,0,0,0,0,0,0],
 [0,1,0,0,0,0,0],
 [1,0,2,0,0,0,0],
 [1,0,0,2,0,0,0],
 [0,1,0,0,2,0,0],
 [0,1,0,0,0,2,0],
 [0,0,1,1,1,1,2]]
Count: 8

Matrix:
[[2,0,0,0,0,0,0],
 [1,1,0,0,0,0,0],
 [0,1,1,0,0,0,0],
 [1,0,0,1,0,0,0],
 [0,0,0,1,2,0,0],
 [0,0,1,0,1,2,0],
 [0,0,0,0,0,0,0]]
Count: 1

Matrix:
[[1,0,0,0,0,0,0],
 [1,1,0,0,0,0,0],
 [1,0,2,0,0,0,0],
 [0,1,1,1,0,0,0],
 [0,0,0,0,0,0,0],
 [0,0,0,0,0,0,0],
 [0,0,0,0,0,0,0]]
Count: 1

Matrix:
[[1,0,0,0,0,0,0],
 [0,1,0,0,0,0,0],
 [0,0,1,0,0,0,0],
 [1,0,1,1,0,0,0],
 [0,1,0,1,2,0,0],
 [0,0,0,0,0,0,0],
 [0,0,0,0,0,0,0]]
Count: 1

Matrix:
[[2,0,0,0,0,0,0],
 [0,1,0,0,0,0,0],
 [0,1,2,0,0,0,0],
 [0,0,0,0,0,0,0],
 [0,0,0,0,0,0,0],
 [0,0,0,0,0,0,0],
 [0,0,0,0,0,0,0]]
Count: 2

Matrix:
[[1,0,0,0,0,0,0],
 [0,1,0,0,0,0,0],
 [0,0,1,0,0,0,0],
 [1,1,0,1,0,0,0],
 [1,0,1,0,1,0,0],
 [1,0,0,0,0,2,0],
 [0,0,0,0,0,0,0]]
Count: 1

Matrix:
[[2,0,0,0,0,0,0],
 [1,1,0,0,0,0,0],
 [0,1,2,0,0,0,0],
 [0,0,0,1,0,0,0],
 [0,0,1,1,2,0,0],
 [0,0,0,0,0,0,0],
 [0,0,0,0,0,0,0]]
Count: 1

Matrix:
[[1,0,0,0,0,0,0],
 [0,1,0,0,0,0,0],
 [1,1,1,0,0,0,0],
 [0,0,0,1,0,0,0],
 [0,0,1,1,2,0,0],
 [0,0,0,0,0,0,0],
 [0,0,0,0,0,0,0]]
Count: 1

Matrix:
[[1,0,0,0,0,0,0],
 [0,1,0,0,0,0,0],
 [0,1,2,0,0,0,0],
 [0,0,1,1,0,0,0],
 [0,0,0,0,0,0,0],
 [0,0,0,0,0,0,0],
 [0,0,0,0,0,0,0]]
Count: 2

Matrix:
[[1,0,0,0,0,0,0],
 [1,2,0,0,0,0,0],
 [0,0,1,0,0,0,0],
 [0,0,0,1,0,0,0],
 [0,1,1,1,2,0,0],
 [0,0,0,0,0,0,0],
 [0,0,0,0,0,0,0]]
Count: 1

Matrix:
[[1,0,0,0,0,0,0],
 [0,1,0,0,0,0,0],
 [1,0,2,0,0,0,0],
 [0,1,1,2,0,0,0],
 [0,0,0,1,2,0,0],
 [0,0,0,0,0,0,0],
 [0,0,0,0,0,0,0]]
Count: 4

Matrix:
[[1,0,0,0,0,0,0],
 [0,1,0,0,0,0,0],
 [0,1,1,0,0,0,0],
 [0,0,1,1,0,0,0],
 [0,0,0,0,0,0,0],
 [0,0,0,0,0,0,0],
 [0,0,0,0,0,0,0]]
Count: 2

Matrix:
[[1,0,0,0,0,0,0],
 [1,1,0,0,0,0,0],
 [1,1,1,0,0,0,0],
 [0,0,1,1,0,0,0],
 [0,0,0,1,1,0,0],
 [0,0,0,0,0,0,0],
 [0,0,0,0,0,0,0]]
Count: 1

Matrix:
[[1,0,0,0,0,0,0],
 [1,1,0,0,0,0,0],
 [1,0,1,0,0,0,0],
 [1,0,0,1,0,0,0],
 [1,0,0,0,1,0,0],
 [0,0,0,1,1,2,0],
 [0,0,0,0,0,0,0]]
Count: 1

Matrix:
[[1,0,0,0,0,0,0],
 [1,1,0,0,0,0,0],
 [0,0,1,0,0,0,0],
 [0,1,0,1,0,0,0],
 [0,0,0,1,2,0,0],
 [0,0,0,0,0,0,0],
 [0,0,0,0,0,0,0]]
Count: 1

Matrix:
[[1,0,0,0,0,0,0],
 [1,1,0,0,0,0,0],
 [1,0,1,0,0,0,0],
 [0,0,0,1,0,0,0],
 [0,0,0,1,2,0,0],
 [0,0,0,0,0,0,0],
 [0,0,0,0,0,0,0]]
Count: 1

Matrix:
[[1,0,0,0,0,0,0],
 [0,1,0,0,0,0,0],
 [1,0,1,0,0,0,0],
 [0,1,0,1,0,0,0],
 [0,0,0,0,1,0,0],
 [0,0,1,1,1,2,0],
 [0,0,0,0,0,0,0]]
Count: 1

Matrix:
[[1,0,0,0,0,0,0],
 [1,1,0,0,0,0,0],
 [0,1,2,0,0,0,0],
 [0,0,0,1,0,0,0],
 [0,0,0,1,2,0,0],
 [0,0,1,0,1,2,0],
 [0,0,0,0,0,0,0]]
Count: 1

Matrix:
[[1,0,0,0,0,0,0],
 [0,1,0,0,0,0,0],
 [0,1,1,0,0,0,0],
 [0,0,1,1,0,0,0],
 [0,0,0,1,2,0,0],
 [0,0,0,0,0,0,0],
 [0,0,0,0,0,0,0]]
Count: 2

Matrix:
[[1,0,0,0,0,0,0],
 [0,1,0,0,0,0,0],
 [1,1,2,0,0,0,0],
 [1,1,0,1,0,0,0],
 [1,1,0,0,1,0,0],
 [0,0,1,1,1,2,0],
 [0,0,0,0,0,0,0]]
Count: 1

Matrix:
[[1,0,0,0,0,0,0],
 [1,1,0,0,0,0,0],
 [1,0,1,0,0,0,0],
 [0,1,0,2,0,0,0],
 [0,0,0,0,1,0,0],
 [0,0,0,1,1,2,0],
 [0,0,0,1,0,1,2]]
Count: 1

Matrix:
[[1,0,0,0,0,0,1],
 [1,1,0,0,0,0,0],
 [0,1,2,0,0,0,0],
 [0,0,1,1,0,0,0],
 [0,0,0,0,0,0,0],
 [0,0,0,0,0,0,0],
 [0,0,0,0,0,0,1]]
Count: 1

Matrix:
[[1,0,0,0,0,0,0],
 [0,1,0,0,0,0,0],
 [1,0,1,0,0,0,0],
 [0,0,0,0,0,0,0],
 [0,0,0,0,0,0,0],
 [0,0,0,0,0,0,0],
 [0,0,0,0,0,0,0]]
Count: 4

Matrix:
[[1,0,0,0,0,0,0],
 [1,2,0,0,0,0,0],
 [0,0,1,0,0,0,0],
 [1,0,1,2,0,0,0],
 [0,1,0,1,2,0,0],
 [0,0,0,0,0,0,0],
 [0,0,0,0,0,0,0]]
Count: 2

Matrix:
[[1,0,0,0,0,0,0],
 [1,1,0,0,0,0,0],
 [1,0,2,0,0,0,0],
 [0,1,0,2,0,0,0],
 [0,0,0,0,0,0,0],
 [0,0,0,0,0,0,0],
 [0,0,0,0,0,0,0]]
Count: 1

Matrix:
[[1,0,0,0,0,0,0],
 [0,1,0,0,0,0,0],
 [1,0,1,0,0,0,0],
 [0,1,0,2,0,0,0],
 [0,0,1,1,2,0,0],
 [0,0,0,0,0,0,0],
 [0,0,0,0,0,0,0]]
Count: 3

Matrix:
[[1,0,0,0,0,0,0],
 [1,1,0,0,0,0,0],
 [0,1,1,0,0,0,0],
 [0,1,1,1,0,0,0],
 [1,1,1,1,2,0,0],
 [0,0,0,0,0,0,0],
 [0,0,0,0,0,0,0]]
Count: 1

Matrix:
[[1,0,0,0,0,0,0],
 [1,2,0,0,0,0,0],
 [0,0,1,0,0,0,0],
 [0,0,0,1,0,0,0],
 [0,1,1,1,2,0,0],
 [0,0,0,0,1,2,0],
 [0,0,0,0,0,0,0]]
Count: 2

Matrix:
[[1,0,0,0,0,0,0],
 [1,1,0,0,0,0,0],
 [0,1,2,0,0,0,0],
 [1,0,0,1,0,0,0],
 [0,0,1,1,1,0,0],
 [0,0,0,0,1,2,0],
 [0,0,0,0,0,0,0]]
Count: 1

Matrix:
[[1,0,0,0,0,0,0],
 [1,1,0,0,0,0,0],
 [0,1,2,0,0,0,0],
 [0,1,0,1,0,0,0],
 [0,0,1,1,2,0,0],
 [0,0,0,0,0,0,0],
 [0,0,0,0,0,0,0]]
Count: 2

Matrix:
[[1,0,0,0,0,0,0],
 [1,1,0,0,0,0,0],
 [0,1,2,0,0,0,0],
 [1,0,1,1,0,0,0],
 [0,0,0,0,0,0,0],
 [0,0,0,0,0,0,0],
 [0,0,0,0,0,0,0]]
Count: 1

Matrix:
[[1,0,0,0,0,0,0],
 [1,2,0,0,0,0,0],
 [1,0,1,0,0,0,0],
 [0,0,1,1,0,0,0],
 [0,0,1,1,2,0,0],
 [0,0,0,0,0,0,0],
 [0,0,0,0,0,0,0]]
Count: 1

Matrix:
[[1,0,0,0,0,0,0],
 [0,1,0,0,0,0,0],
 [0,1,1,0,0,0,0],
 [1,0,0,2,0,0,0],
 [0,0,1,1,2,0,0],
 [0,0,0,0,0,1,0],
 [0,0,0,0,1,1,2]]
Count: 1

Matrix:
[[1,0,0,0,0,0,0],
 [1,1,0,0,0,0,0],
 [0,1,1,0,0,0,0],
 [1,1,1,2,0,0,0],
 [0,0,0,0,0,0,0],
 [0,0,0,0,0,0,0],
 [0,0,0,0,0,0,0]]
Count: 1

Matrix:
[[1,0,0,0,0,0,0],
 [0,1,0,0,0,0,0],
 [0,0,1,0,0,0,0],
 [1,1,0,2,0,0,0],
 [0,0,1,0,2,0,0],
 [0,0,0,1,1,2,0],
 [0,0,0,0,0,0,0]]
Count: 4

Matrix:
[[1,0,0,0,0,0,0],
 [1,2,0,0,0,0,0],
 [0,0,1,0,0,0,0],
 [0,1,1,1,0,0,0],
 [0,0,0,0,0,0,0],
 [0,0,0,0,0,0,0],
 [0,0,0,0,0,0,0]]
Count: 1

Matrix:
[[1,0,0,0,0,0,0],
 [1,1,0,0,0,0,0],
 [0,1,2,0,0,0,0],
 [0,0,0,1,0,0,0],
 [1,0,1,1,2,0,0],
 [0,0,0,0,0,0,0],
 [0,0,0,0,0,0,0]]
Count: 2

Matrix:
[[1,0,0,0,0,0,0],
 [1,1,0,0,0,0,0],
 [1,1,1,0,0,0,0],
 [0,1,1,1,0,0,0],
 [0,0,0,0,0,0,0],
 [0,0,0,0,0,0,0],
 [0,0,0,0,0,0,0]]
Count: 1

Matrix:
[[1,0,0,0,0,0,0],
 [0,1,0,0,0,0,0],
 [1,1,2,0,0,0,0],
 [0,0,1,2,0,0,0],
 [0,0,0,1,2,0,0],
 [0,0,0,0,0,0,0],
 [0,0,0,0,0,0,0]]
Count: 1

Matrix:
[[1,0,0,0,0,0,0],
 [0,1,0,0,0,0,0],
 [1,1,2,0,0,0,0],
 [0,1,0,1,0,0,0],
 [0,0,0,1,2,0,0],
 [0,0,1,0,1,2,0],
 [0,0,0,0,0,0,0]]
Count: 1

Matrix:
[[1,0,0,0,0,0,0],
 [1,1,0,0,0,0,0],
 [0,1,1,0,0,0,0],
 [0,0,0,1,0,0,0],
 [0,0,1,1,2,0,0],
 [0,0,0,0,1,2,0],
 [0,0,0,0,0,0,0]]
Count: 1

Matrix:
[[2,0,0,0,0,0,0],
 [1,1,0,0,0,0,0],
 [0,1,1,0,0,0,0],
 [1,0,0,1,0,0,0],
 [0,0,1,1,2,0,0],
 [0,0,0,0,0,0,0],
 [0,0,0,0,0,0,0]]
Count: 1

Matrix:
[[1,0,0,0,0,0,0],
 [0,1,0,0,0,0,0],
 [0,0,1,0,0,0,0],
 [1,0,1,1,0,0,0],
 [0,0,0,1,2,0,0],
 [0,0,0,0,0,0,0],
 [0,0,0,0,0,0,0]]
Count: 1

Matrix:
[[1,0,0,0,0,0,0],
 [0,1,0,0,0,0,0],
 [1,1,2,0,0,0,0],
 [0,1,1,1,0,0,0],
 [0,0,0,0,0,0,0],
 [0,0,0,0,0,0,0],
 [0,0,0,0,0,0,0]]
Count: 1

Matrix:
[[1,0,0,0,0,0,0],
 [1,2,0,0,0,0,0],
 [1,1,2,0,0,0,0],
 [0,0,0,1,0,0,0],
 [0,0,1,1,2,0,0],
 [0,0,0,0,1,2,0],
 [0,0,0,0,0,0,0]]
Count: 1

Matrix:
[[1,0,0,0,0,0,0],
 [1,1,0,0,0,0,0],
 [0,1,1,0,0,0,0],
 [0,0,0,0,0,0,0],
 [0,0,0,0,0,0,0],
 [0,0,0,0,0,0,0],
 [0,0,0,0,0,0,1]]
Count: 1

Matrix:
[[1,0,0,0,0,0,0],
 [0,1,0,0,0,0,0],
 [1,0,2,0,0,0,0],
 [0,1,0,1,0,0,0],
 [0,0,1,1,2,0,0],
 [0,0,0,0,0,0,0],
 [0,0,0,0,0,0,0]]
Count: 1

Matrix:
[[1,0,0,0,0,0,0],
 [1,1,0,0,0,0,0],
 [0,0,1,0,0,0,0],
 [1,0,1,2,0,0,0],
 [0,0,0,1,2,0,0],
 [0,0,0,0,0,0,0],
 [0,0,0,0,0,0,0]]
Count: 1

Matrix:
[[1,0,0,0,0,0,0],
 [1,1,0,0,0,0,0],
 [1,1,1,0,0,0,0],
 [0,1,1,2,0,0,0],
 [0,0,0,0,0,0,0],
 [0,0,0,0,0,0,0],
 [0,0,0,0,0,0,0]]
Count: 1

Matrix:
[[1,0,0,0,0,0,0],
 [1,1,0,0,0,0,0],
 [0,1,1,0,0,0,0],
 [0,0,1,2,0,0,0],
 [0,1,0,0,2,0,0],
 [0,0,0,1,1,2,0],
 [0,0,0,0,0,0,0]]
Count: 1

Matrix:
[[1,0,0,0,0,0,0],
 [1,1,0,0,0,0,0],
 [1,0,2,0,0,0,0],
 [0,1,1,2,0,0,0],
 [0,0,0,1,2,0,0],
 [0,0,0,0,0,0,0],
 [0,0,0,0,0,0,0]]
Count: 1

Matrix:
[[1,0,0,0,0,0,0],
 [1,2,0,0,0,0,0],
 [0,0,1,0,0,0,0],
 [0,1,1,2,0,0,0],
 [0,0,0,1,2,0,0],
 [0,0,0,0,1,2,0],
 [0,0,0,0,0,0,0]]
Count: 1

Matrix:
[[1,0,0,0,0,0,0],
 [1,1,0,0,0,0,0],
 [0,1,1,0,0,0,0],
 [0,0,1,1,0,0,0],
 [0,0,0,1,1,0,0],
 [0,0,0,0,1,2,0],
 [0,0,0,0,0,0,0]]
Count: 2

Matrix:
[[2,0,0,0,0,0,0],
 [1,1,0,0,0,0,0],
 [1,0,1,0,0,0,0],
 [1,0,0,1,0,0,0],
 [0,1,1,1,2,0,0],
 [0,0,0,0,1,2,0],
 [0,0,0,0,0,0,0]]
Count: 1

Matrix:
[[1,0,0,0,0,0,0],
 [0,1,0,0,0,0,0],
 [0,1,1,0,0,0,0],
 [1,0,0,1,0,0,0],
 [0,0,1,1,2,0,0],
 [0,0,0,0,0,0,0],
 [0,0,0,0,0,0,0]]
Count: 2

Matrix:
[[1,0,0,0,0,0,0],
 [1,1,0,0,0,0,0],
 [0,0,1,0,0,0,0],
 [1,0,1,1,0,0,0],
 [0,1,0,1,2,0,0],
 [0,0,0,0,0,0,0],
 [0,0,0,0,0,0,0]]
Count: 1

Matrix:
[[1,0,0,0,0,0,0],
 [0,1,0,0,0,0,0],
 [1,0,2,0,0,0,0],
 [1,1,0,2,0,0,0],
 [0,0,0,0,0,0,0],
 [0,0,0,0,0,0,0],
 [0,0,0,0,0,0,0]]
Count: 1

Matrix:
[[1,0,0,0,0,0,0],
 [0,1,0,0,0,0,0],
 [0,0,1,0,0,0,0],
 [1,0,0,1,0,0,0],
 [1,0,0,1,2,0,0],
 [0,0,0,0,0,0,0],
 [0,0,0,0,0,0,0]]
Count: 1

Matrix:
[[1,0,0,0,0,0,0],
 [1,1,0,0,0,0,0],
 [1,1,1,0,0,0,0],
 [1,0,1,2,0,0,0],
 [0,0,0,0,0,0,0],
 [0,0,0,0,0,0,0],
 [0,0,0,0,0,0,0]]
Count: 1

Matrix:
[[1,0,0,0,0,0,0],
 [1,2,0,0,0,0,0],
 [0,1,2,0,0,0,0],
 [0,1,0,1,0,0,0],
 [0,0,1,1,2,0,0],
 [0,0,0,0,0,0,0],
 [0,0,0,0,0,0,0]]
Count: 1

Matrix:
[[1,0,0,0,0,0,0],
 [1,2,0,0,0,0,0],
 [0,0,1,0,0,0,0],
 [0,0,1,2,0,0,0],
 [0,1,0,1,1,0,0],
 [0,0,0,0,0,0,0],
 [0,0,0,0,0,0,0]]
Count: 1

Matrix:
[[1,0,0,0,0,0,0],
 [1,1,0,0,0,0,0],
 [0,0,1,0,0,0,0],
 [0,0,1,1,0,0,0],
 [0,0,0,0,0,0,0],
 [0,0,0,0,0,0,0],
 [0,0,0,0,0,0,0]]
Count: 1

Matrix:
[[1,0,0,0,0,0,0],
 [1,2,0,0,0,0,0],
 [0,0,1,0,0,0,0],
 [0,1,1,2,0,0,0],
 [0,0,0,1,1,0,0],
 [0,0,0,0,1,2,0],
 [0,0,0,0,0,0,0]]
Count: 1

Matrix:
[[2,0,0,0,0,0,0],
 [1,1,0,0,0,0,0],
 [1,0,1,0,0,0,0],
 [1,0,0,1,0,0,0],
 [0,1,1,1,2,0,0],
 [0,0,0,0,0,0,0],
 [0,0,0,0,0,0,0]]
Count: 1

Matrix:
[[1,0,0,0,0,0,0],
 [0,1,0,0,0,0,0],
 [0,1,2,0,0,0,0],
 [0,1,0,2,0,0,0],
 [0,1,0,0,2,0,0],
 [0,0,1,1,1,2,0],
 [0,0,0,0,0,0,0]]
Count: 1

Matrix:
[[1,0,0,0,0,0,0],
 [0,1,0,0,0,0,0],
 [1,1,2,0,0,0,0],
 [0,0,0,1,0,0,0],
 [0,0,0,0,1,0,0],
 [0,0,1,1,1,2,0],
 [0,0,0,0,0,0,0]]
Count: 3

Matrix:
[[1,0,0,0,0,0,0],
 [0,1,0,0,0,0,0],
 [0,0,1,0,0,0,0],
 [1,1,0,2,0,0,0],
 [1,1,0,0,2,0,0],
 [0,0,1,1,1,2,0],
 [0,0,0,0,0,0,0]]
Count: 1

Matrix:
[[1,0,0,0,0,0,0],
 [0,1,0,0,0,0,0],
 [1,1,2,0,0,0,0],
 [1,1,0,2,0,0,0],
 [0,0,0,0,1,0,0],
 [0,0,1,1,1,2,0],
 [0,0,0,0,0,0,0]]
Count: 1

Matrix:
[[1,0,0,0,0,0,0],
 [0,1,0,0,0,0,0],
 [1,0,1,0,0,0,0],
 [0,1,0,1,0,0,0],
 [1,1,0,0,2,0,0],
 [0,0,1,1,0,2,0],
 [0,0,0,0,1,1,2]]
Count: 1

Matrix:
[[1,0,0,0,0,0,0],
 [0,1,0,0,0,0,0],
 [0,1,2,0,0,0,0],
 [0,0,0,1,0,0,0],
 [0,0,1,0,1,0,0],
 [0,0,0,1,1,2,0],
 [0,0,0,0,0,0,0]]
Count: 1

Matrix:
[[1,0,0,0,0,0,0],
 [0,1,0,0,0,0,0],
 [0,1,1,0,0,0,0],
 [1,1,0,2,0,0,0],
 [0,0,1,1,2,0,0],
 [0,0,0,0,0,0,0],
 [0,0,0,0,0,0,0]]
Count: 1

Matrix:
[[1,0,0,0,0,0,0],
 [0,1,0,0,0,0,0],
 [0,1,2,0,0,0,0],
 [0,0,1,1,0,0,0],
 [1,0,0,1,2,0,0],
 [0,0,0,0,0,0,0],
 [0,0,0,0,0,0,0]]
Count: 1

Matrix:
[[1,0,0,0,0,0,0],
 [0,1,0,0,0,0,0],
 [0,0,1,0,0,0,0],
 [0,0,0,1,0,0,0],
 [1,0,1,0,2,0,0],
 [0,0,0,0,0,0,0],
 [0,0,0,0,0,0,0]]
Count: 1

Matrix:
[[1,0,0,0,0,0,0],
 [0,1,0,0,0,0,0],
 [1,1,2,0,0,0,0],
 [0,0,0,1,0,0,0],
 [0,0,0,0,1,0,0],
 [0,0,0,1,1,2,0],
 [0,0,1,0,0,1,2]]
Count: 1

Matrix:
[[1,0,0,0,0,0,0],
 [1,2,0,0,0,0,0],
 [0,0,1,0,0,0,0],
 [0,0,0,1,0,0,0],
 [0,0,0,1,2,0,0],
 [0,1,1,0,1,2,0],
 [0,0,0,0,0,0,0]]
Count: 2

Matrix:
[[2,0,0,0,0,0,0],
 [0,1,0,0,0,0,0],
 [0,0,1,0,0,0,0],
 [0,1,1,2,0,0,0],
 [0,0,0,0,0,0,0],
 [0,0,0,0,0,0,0],
 [0,0,0,0,0,0,0]]
Count: 1

Matrix:
[[1,0,0,0,0,0,0],
 [1,1,0,0,0,0,0],
 [1,0,1,0,0,0,0],
 [0,1,1,2,0,0,0],
 [1,1,0,1,2,0,0],
 [0,0,0,0,0,0,0],
 [0,0,0,0,0,0,0]]
Count: 1

Matrix:
[[1,0,0,0,0,0,0],
 [1,1,0,0,0,0,0],
 [0,1,2,0,0,0,0],
 [0,0,0,1,0,0,0],
 [0,0,0,1,1,0,0],
 [0,0,0,0,1,2,0],
 [0,0,1,0,0,1,2]]
Count: 4

Matrix:
[[1,0,0,0,0,0,0],
 [0,1,0,0,0,0,0],
 [0,0,1,0,0,0,0],
 [0,0,0,1,0,0,0],
 [1,0,1,0,2,0,0],
 [0,1,0,1,0,2,0],
 [0,0,0,0,1,1,2]]
Count: 1

Matrix:
[[1,0,0,0,0,0,0],
 [0,1,0,0,0,0,0],
 [1,1,2,0,0,0,0],
 [0,1,0,1,0,0,0],
 [0,0,1,1,2,0,0],
 [0,0,0,0,0,0,0],
 [0,0,0,0,0,0,0]]
Count: 1

Matrix:
[[1,0,0,0,0,0,0],
 [1,1,0,0,0,0,0],
 [1,1,2,0,0,0,0],
 [0,0,1,2,0,0,0],
 [0,0,0,0,0,0,0],
 [0,0,0,0,0,0,0],
 [0,0,0,0,0,0,0]]
Count: 2

Matrix:
[[1,0,0,0,0,0,0],
 [1,2,0,0,0,0,0],
 [0,0,1,0,0,0,0],
 [1,0,1,2,0,0,0],
 [0,0,0,0,0,0,0],
 [0,0,0,0,0,0,0],
 [0,0,0,0,0,0,0]]
Count: 1

Matrix:
[[1,0,0,0,0,0,0],
 [1,1,0,0,0,0,0],
 [0,0,1,0,0,0,0],
 [0,0,1,2,0,0,0],
 [0,1,0,1,2,0,0],
 [0,0,0,0,1,2,0],
 [0,0,0,0,0,0,0]]
Count: 1

Matrix:
[[1,0,0,0,0,0,0],
 [0,1,0,0,0,0,0],
 [0,0,1,0,0,0,0],
 [1,0,0,2,0,0,0],
 [0,1,0,0,2,0,0],
 [0,0,1,0,1,2,0],
 [0,0,0,1,0,1,2]]
Count: 1

Matrix:
[[1,0,0,0,0,0,0],
 [0,1,0,0,0,0,0],
 [1,0,2,0,0,0,0],
 [0,0,0,1,0,0,0],
 [0,1,0,0,2,0,0],
 [0,0,1,1,1,2,0],
 [0,0,0,0,0,0,0]]
Count: 1

Matrix:
[[1,0,0,0,0,0,0],
 [0,1,0,0,0,0,0],
 [0,0,1,0,0,0,0],
 [1,0,0,2,0,0,0],
 [0,0,1,0,2,0,0],
 [0,1,0,1,1,2,0],
 [0,0,0,0,0,0,0]]
Count: 1

Matrix:
[[1,0,0,0,0,0,0],
 [1,2,0,0,0,0,0],
 [1,0,2,0,0,0,0],
 [0,1,0,1,0,0,0],
 [0,0,1,0,1,0,0],
 [0,0,0,1,1,2,0],
 [0,0,0,0,0,0,0]]
Count: 4

Matrix:
[[1,0,0,0,0,0,0],
 [1,2,0,0,0,0,0],
 [0,1,2,0,0,0,0],
 [0,1,0,2,0,0,0],
 [0,0,1,0,1,0,0],
 [0,0,0,1,0,1,0],
 [0,0,0,0,1,1,2]]
Count: 1

Matrix:
[[1,0,0,0,0,0,0],
 [1,2,0,0,0,0,0],
 [1,0,2,0,0,0,0],
 [0,1,0,1,0,0,0],
 [0,0,1,0,1,0,0],
 [0,1,1,1,1,2,0],
 [0,0,0,0,0,0,0]]
Count: 1

Matrix:
[[1,0,0,0,0,0,0],
 [0,1,0,0,0,0,0],
 [1,0,1,0,0,0,0],
 [0,1,0,1,0,0,0],
 [0,0,1,1,2,0,0],
 [1,1,1,0,0,2,0],
 [0,0,0,0,0,0,0]]
Count: 1

Matrix:
[[1,0,0,0,0,0,0],
 [0,1,0,0,0,0,0],
 [0,0,1,0,0,0,0],
 [1,0,0,2,0,0,0],
 [0,1,1,1,2,0,0],
 [0,0,0,0,0,0,0],
 [0,0,0,0,0,0,0]]
Count: 1

Matrix:
[[1,0,0,0,0,0,0],
 [0,1,0,0,0,0,0],
 [0,1,1,0,0,0,0],
 [0,1,0,1,0,0,0],
 [1,0,1,1,2,0,0],
 [0,0,0,0,0,0,0],
 [0,0,0,0,0,0,0]]
Count: 1

Matrix:
[[1,0,0,0,0,0,0],
 [0,1,0,0,0,0,0],
 [0,0,1,0,0,0,0],
 [1,0,0,1,0,0,0],
 [0,1,0,0,1,0,0],
 [0,0,0,1,1,2,0],
 [0,0,0,0,0,0,0]]
Count: 1

Matrix:
[[1,0,0,0,0,0,0],
 [0,1,0,0,0,0,0],
 [1,0,1,0,0,0,0],
 [1,1,0,1,0,0,0],
 [0,0,1,1,2,0,0],
 [0,0,0,0,0,0,0],
 [0,0,0,0,0,0,0]]
Count: 1

Matrix:
[[1,0,0,0,0,0,0],
 [0,1,0,0,0,0,0],
 [0,0,1,0,0,0,0],
 [0,1,1,2,0,0,0],
 [0,1,1,0,2,0,0],
 [1,0,0,1,1,2,0],
 [0,0,0,0,0,0,0]]
Count: 1

Matrix:
[[1,0,0,0,0,0,0],
 [0,1,0,0,0,0,0],
 [0,0,1,0,0,0,0],
 [1,1,0,1,0,0,0],
 [0,0,1,1,2,0,0],
 [0,0,0,0,0,0,0],
 [0,0,0,0,0,0,0]]
Count: 1

Matrix:
[[1,0,0,0,0,0,0],
 [1,1,0,0,0,0,0],
 [0,0,1,0,0,0,0],
 [1,0,0,1,0,0,0],
 [0,1,0,1,2,0,0],
 [0,0,1,0,1,2,0],
 [0,0,0,0,0,0,0]]
Count: 1

Matrix:
[[1,0,0,0,0,0,0],
 [0,1,0,0,0,0,0],
 [1,0,1,0,0,0,0],
 [0,1,1,1,0,0,0],
 [0,0,0,0,0,0,0],
 [0,0,0,0,0,0,0],
 [0,0,0,0,0,0,0]]
Count: 2

Matrix:
[[2,0,0,0,0,0,0],
 [0,1,0,0,0,0,0],
 [0,0,1,0,0,0,0],
 [1,1,1,2,0,0,0],
 [0,0,0,0,0,0,0],
 [0,0,0,0,0,0,0],
 [0,0,0,0,0,0,0]]
Count: 1

Matrix:
[[1,0,0,0,0,0,0],
 [0,1,0,0,0,0,0],
 [1,1,1,0,0,0,0],
 [0,0,1,2,0,0,0],
 [0,0,1,1,2,0,0],
 [0,0,0,0,0,0,0],
 [0,0,0,0,0,0,0]]
Count: 1

Matrix:
[[1,0,0,0,0,0,0],
 [0,1,0,0,0,0,0],
 [0,1,1,0,0,0,0],
 [1,1,0,2,0,0,0],
 [0,0,0,0,0,0,0],
 [0,0,0,0,0,0,0],
 [0,0,0,0,0,0,0]]
Count: 2

Matrix:
[[1,0,0,0,0,0,0],
 [1,1,0,0,0,0,0],
 [0,0,1,0,0,0,0],
 [0,0,0,0,0,0,0],
 [0,0,0,0,0,0,0],
 [0,0,0,0,0,0,0],
 [0,0,0,0,0,0,0]]
Count: 1

Matrix:
[[1,0,0,0,0,0,0],
 [1,2,0,0,0,0,0],
 [0,1,2,0,0,0,0],
 [0,0,0,1,0,0,0],
 [0,0,1,0,2,0,0],
 [0,0,0,1,1,2,0],
 [0,0,0,0,0,0,0]]
Count: 1

Matrix:
[[1,0,0,0,0,0,0],
 [1,1,0,0,0,0,0],
 [0,0,1,0,0,0,0],
 [0,0,1,1,0,0,0],
 [0,1,0,1,2,0,0],
 [0,0,1,0,1,2,0],
 [0,0,0,0,0,0,0]]
Count: 1

Matrix:
[[1,0,0,0,0,0,0],
 [1,1,0,0,0,0,0],
 [0,1,1,0,0,0,0],
 [0,1,0,2,0,0,0],
 [0,0,1,1,2,0,0],
 [0,0,0,0,0,0,0],
 [0,0,0,0,0,0,0]]
Count: 1

Matrix:
[[1,0,0,0,0,0,0],
 [1,2,0,0,0,0,0],
 [0,0,1,0,0,0,0],
 [0,0,1,2,0,0,0],
 [0,1,1,0,2,0,0],
 [0,0,0,1,1,2,0],
 [0,0,0,0,0,0,0]]
Count: 1

Matrix:
[[1,0,0,0,0,0,0],
 [0,1,0,0,0,0,0],
 [0,1,1,0,0,0,0],
 [1,0,1,2,0,0,0],
 [0,1,0,1,2,0,0],
 [0,0,0,0,0,0,0],
 [0,0,0,0,0,0,0]]
Count: 1

Matrix:
[[1,0,0,0,0,0,0],
 [0,0,0,0,0,0,0],
 [1,0,1,0,0,0,0],
 [1,0,0,1,0,0,0],
 [0,0,1,1,2,0,0],
 [0,0,0,0,0,0,0],
 [0,0,0,0,0,0,0]]
Count: 1

Matrix:
[[1,0,0,0,0,0,0],
 [0,1,0,0,0,0,0],
 [1,0,2,0,0,0,0],
 [0,1,0,2,0,0,0],
 [1,0,0,0,2,0,0],
 [0,1,0,0,0,2,0],
 [0,0,1,1,1,1,2]]
Count: 1

Matrix:
[[2,0,0,0,0,0,0],
 [0,2,0,0,0,0,0],
 [1,1,2,0,0,0,0],
 [0,0,0,0,0,0,0],
 [0,0,0,0,0,0,0],
 [0,0,0,0,0,0,0],
 [0,0,0,0,0,0,0]]
Count: 1

Matrix:
[[1,0,0,0,0,0,0],
 [1,1,0,0,0,0,0],
 [0,1,2,0,0,0,0],
 [0,1,1,2,0,0,0],
 [0,0,0,0,0,0,0],
 [0,0,0,0,0,0,0],
 [0,0,0,0,0,0,0]]
Count: 1

Matrix:
[[1,0,0,0,0,0,0],
 [1,2,0,0,0,0,0],
 [0,1,1,0,0,0,0],
 [0,0,1,2,0,0,0],
 [0,1,0,1,2,0,0],
 [0,0,0,0,0,0,0],
 [0,0,0,0,0,0,0]]
Count: 1

Matrix:
[[1,0,0,0,0,0,0],
 [1,2,0,0,0,0,0],
 [0,1,1,0,0,0,0],
 [0,1,1,2,0,0,0],
 [0,0,0,1,2,0,0],
 [0,0,0,0,0,0,0],
 [0,0,0,0,0,0,0]]
Count: 2

Matrix:
[[2,0,0,0,0,0,0],
 [0,1,0,0,0,0,0],
 [1,1,2,0,0,0,0],
 [0,1,0,1,0,0,0],
 [0,0,1,1,2,0,0],
 [0,0,0,0,0,0,0],
 [0,0,0,0,0,0,0]]
Count: 1

Matrix:
[[1,0,0,0,0,0,0],
 [0,1,0,0,0,0,0],
 [1,0,2,0,0,0,0],
 [0,1,1,2,0,0,0],
 [0,0,0,1,1,0,0],
 [0,0,0,0,1,2,0],
 [0,0,0,0,0,0,0]]
Count: 1

Matrix:
[[1,0,0,0,0,0,0],
 [0,1,0,0,0,0,0],
 [0,1,1,0,0,0,0],
 [1,0,0,1,0,0,0],
 [0,0,1,1,2,0,0],
 [0,0,0,0,1,2,0],
 [0,0,0,0,0,0,0]]
Count: 1

Matrix:
[[1,0,0,0,0,0,0],
 [0,1,0,0,0,0,0],
 [1,0,1,0,0,0,0],
 [0,1,1,1,0,0,0],
 [0,0,0,1,2,0,0],
 [0,0,0,0,0,0,0],
 [0,0,0,0,0,0,0]]
Count: 1

Matrix:
[[1,0,0,0,0,0,0],
 [1,2,0,0,0,0,0],
 [0,1,2,0,0,0,0],
 [0,0,0,1,0,0,0],
 [0,0,1,1,2,0,0],
 [0,0,0,0,0,0,0],
 [0,0,0,0,0,0,0]]
Count: 2

Matrix:
[[1,0,0,0,0,0,0],
 [1,2,0,0,0,0,0],
 [1,1,2,0,0,0,0],
 [0,0,0,1,0,0,0],
 [0,0,0,1,2,0,0],
 [0,0,1,0,1,2,0],
 [0,0,0,0,0,0,0]]
Count: 1

Matrix:
[[1,0,0,0,0,0,0],
 [1,1,0,0,0,0,0],
 [0,1,2,0,0,0,0],
 [0,0,0,1,0,0,0],
 [0,0,0,1,1,0,0],
 [0,0,1,0,1,2,0],
 [0,0,0,0,0,1,2]]
Count: 1

Matrix:
[[1,0,0,0,0,0,0],
 [1,2,0,0,0,0,0],
 [0,1,1,0,0,0,0],
 [0,0,0,1,0,0,0],
 [0,0,0,1,1,0,0],
 [0,0,1,0,1,2,0],
 [0,0,0,0,0,0,0]]
Count: 1

Matrix:
[[1,0,0,0,0,0,0],
 [1,1,0,0,0,0,0],
 [0,1,2,0,0,0,0],
 [0,1,1,1,0,0,0],
 [0,0,0,0,0,0,0],
 [0,0,0,0,0,0,0],
 [0,0,0,0,0,0,0]]
Count: 1

Matrix:
[[1,0,0,0,0,0,0],
 [0,1,0,0,0,0,0],
 [0,1,1,0,0,0,0],
 [1,0,1,1,0,0,0],
 [0,0,0,1,1,0,0],
 [0,0,0,0,0,0,0],
 [0,0,0,0,0,0,0]]
Count: 1

Matrix:
[[1,0,0,0,0,0,0],
 [0,1,0,0,0,0,0],
 [0,1,1,0,0,0,0],
 [1,0,1,1,0,0,0],
 [0,0,0,0,1,0,0],
 [0,0,0,1,1,2,0],
 [0,0,0,0,0,0,0]]
Count: 1

Matrix:
[[1,0,0,0,0,0,0],
 [0,1,0,0,0,0,0],
 [0,0,1,0,0,0,0],
 [0,0,0,1,0,0,0],
 [0,0,1,1,1,0,0],
 [0,1,0,0,1,2,0],
 [0,0,0,0,0,0,0]]
Count: 1

Matrix:
[[1,0,0,0,0,0,0],
 [0,1,0,0,0,0,0],
 [0,0,1,0,0,0,0],
 [0,0,0,1,0,0,0],
 [0,1,1,1,2,0,0],
 [0,0,0,0,0,0,0],
 [0,0,0,0,0,0,0]]
Count: 1

Matrix:
[[1,0,0,0,0,0,0],
 [0,1,0,0,0,0,0],
 [0,1,1,0,0,0,0],
 [0,0,1,1,0,0,0],
 [0,0,0,1,2,0,0],
 [0,0,0,1,1,2,0],
 [0,0,0,0,0,0,0]]
Count: 1

Matrix:
[[1,0,0,0,0,0,0],
 [1,2,0,0,0,0,0],
 [1,0,2,0,0,0,0],
 [0,1,1,2,0,0,0],
 [0,0,0,1,2,0,0],
 [0,0,0,0,0,0,0],
 [0,0,0,0,0,0,0]]
Count: 2

Matrix:
[[1,0,0,0,0,0,0],
 [1,2,0,0,0,0,0],
 [1,0,1,0,0,0,0],
 [0,1,1,2,0,0,0],
 [0,0,0,1,1,0,0],
 [0,0,0,0,0,0,0],
 [0,0,0,0,0,0,0]]
Count: 1

Matrix:
[[1,0,0,0,0,0,0],
 [1,1,0,0,0,0,0],
 [1,0,1,0,0,0,0],
 [0,1,1,2,0,0,0],
 [0,0,0,1,2,0,0],
 [0,0,0,0,1,1,0],
 [0,0,0,0,0,0,0]]
Count: 1

Matrix:
[[1,0,0,0,0,0,0],
 [1,2,0,0,0,0,0],
 [0,1,2,0,0,0,0],
 [0,0,1,2,0,0,0],
 [0,0,0,1,2,0,0],
 [0,0,0,0,0,0,0],
 [0,0,0,0,0,0,0]]
Count: 1

Matrix:
[[1,0,0,0,0,0,0],
 [1,2,0,0,0,0,0],
 [1,0,2,0,0,0,0],
 [0,0,1,2,0,0,0],
 [0,0,0,0,0,0,0],
 [0,0,0,0,0,0,0],
 [0,0,0,0,0,0,0]]
Count: 1

Matrix:
[[1,0,0,0,0,0,0],
 [1,1,0,0,0,0,0],
 [1,1,2,0,0,0,0],
 [0,0,1,1,0,0,0],
 [0,0,0,1,1,0,0],
 [0,0,0,0,0,0,0],
 [0,0,0,0,0,0,0]]
Count: 1

Matrix:
[[1,0,0,0,0,0,0],
 [0,1,0,0,0,0,0],
 [0,0,1,0,0,0,0],
 [1,0,0,2,0,0,0],
 [0,0,1,1,2,0,0],
 [0,0,0,0,0,0,0],
 [0,0,0,0,0,0,0]]
Count: 1

Matrix:
[[1,0,0,0,0,0,0],
 [1,1,0,0,0,0,0],
 [1,0,1,0,0,0,0],
 [0,0,1,1,0,0,0],
 [0,0,0,1,1,0,0],
 [0,0,0,0,0,0,0],
 [0,0,0,0,0,0,0]]
Count: 1

Matrix:
[[1,0,0,0,0,0,0],
 [1,2,0,0,0,0,0],
 [1,0,2,0,0,0,0],
 [0,0,1,1,0,0,0],
 [0,0,0,1,1,0,0],
 [0,0,0,0,0,0,0],
 [0,0,0,0,0,0,0]]
Count: 1

Matrix:
[[1,0,0,0,0,0,0],
 [0,2,0,0,0,0,0],
 [0,0,1,0,0,0,0],
 [1,0,1,2,0,0,0],
 [0,0,0,0,0,0,0],
 [0,0,0,0,0,0,0],
 [0,0,0,0,0,0,0]]
Count: 1

Matrix:
[[1,0,0,0,0,0,0],
 [0,1,0,0,0,0,0],
 [0,0,1,0,0,0,0],
 [0,1,1,2,0,0,0],
 [0,0,1,0,1,0,0],
 [0,0,0,1,1,2,0],
 [0,0,0,0,0,0,0]]
Count: 1

Matrix:
[[1,0,0,0,0,0,0],
 [0,1,0,0,0,0,0],
 [0,0,1,0,0,0,0],
 [0,0,0,1,0,0,0],
 [0,0,0,0,1,0,0],
 [0,1,1,1,1,2,0],
 [0,0,0,0,0,1,2]]
Count: 1

Matrix:
[[1,0,0,0,0,0,0],
 [0,1,0,0,0,0,0],
 [1,1,1,0,0,0,0],
 [1,0,0,1,0,0,0],
 [0,0,0,0,0,0,0],
 [0,0,0,0,0,0,0],
 [0,0,0,0,0,0,0]]
Count: 1

Matrix:
[[1,0,0,0,0,0,0],
 [1,2,0,0,0,0,0],
 [0,1,1,0,0,0,0],
 [0,0,1,1,0,0,0],
 [0,1,0,1,2,0,0],
 [0,0,0,0,0,0,0],
 [0,0,0,0,0,0,0]]
Count: 1

Matrix:
[[1,0,0,0,0,0,0],
 [0,1,0,0,0,0,0],
 [0,0,1,0,0,0,0],
 [1,1,0,2,0,0,0],
 [1,1,1,0,2,0,0],
 [0,0,0,0,0,0,0],
 [0,0,0,0,0,0,0]]
Count: 1

Matrix:
[[1,0,0,0,0,0,0],
 [1,2,0,0,0,0,0],
 [0,1,2,0,0,0,0],
 [0,0,0,1,0,0,0],
 [0,0,1,1,2,0,0],
 [0,0,0,0,1,2,0],
 [0,0,0,0,0,0,0]]
Count: 1

Matrix:
[[1,0,0,0,0,0,0],
 [1,1,0,0,0,0,0],
 [0,1,2,0,0,0,0],
 [0,1,0,2,0,0,0],
 [0,0,0,1,1,0,0],
 [0,0,0,0,0,0,0],
 [0,0,0,0,0,0,0]]
Count: 1

Matrix:
[[1,0,0,0,0,0,0],
 [1,2,0,0,0,0,0],
 [1,1,2,0,0,0,0],
 [0,0,1,2,0,0,0],
 [0,0,0,0,0,0,0],
 [0,0,0,0,0,0,0],
 [0,0,0,0,0,0,0]]
Count: 2

Matrix:
[[1,0,0,0,0,0,0],
 [1,2,0,0,0,0,0],
 [1,0,2,0,0,0,0],
 [0,0,1,2,0,0,0],
 [0,0,0,1,1,0,0],
 [0,0,0,0,0,0,0],
 [0,0,0,0,0,0,0]]
Count: 1

Matrix:
[[1,0,0,0,0,0,0],
 [1,1,0,0,0,0,0],
 [0,1,2,0,0,0,0],
 [0,1,1,2,0,0,0],
 [0,0,0,1,2,0,0],
 [0,0,0,0,1,1,0],
 [0,0,0,0,0,0,0]]
Count: 1

Matrix:
[[1,0,0,0,0,0,0],
 [1,2,0,0,0,0,0],
 [1,1,2,0,0,0,0],
 [0,0,1,1,0,0,0],
 [0,0,0,0,0,0,0],
 [0,0,0,0,0,0,0],
 [0,0,0,0,0,0,0]]
Count: 1

Matrix:
[[1,0,0,0,0,0,0],
 [1,2,0,0,0,0,0],
 [1,0,2,0,0,0,0],
 [0,1,1,1,0,0,0],
 [0,0,0,1,2,0,0],
 [0,0,0,0,0,0,0],
 [0,0,0,0,0,0,0]]
Count: 1

Matrix:
[[1,0,0,0,0,0,0],
 [1,1,0,0,0,0,0],
 [1,1,2,0,0,0,0],
 [0,0,1,2,0,0,0],
 [0,0,0,1,1,0,0],
 [0,0,0,0,0,0,0],
 [0,0,0,0,0,0,0]]
Count: 1

Matrix:
[[2,0,0,0,0,0,0],
 [0,1,0,0,0,0,0],
 [0,0,1,0,0,0,0],
 [1,1,1,2,0,0,0],
 [0,0,0,1,2,0,0],
 [0,0,0,0,0,0,0],
 [0,0,0,0,0,0,0]]
Count: 1

Matrix:
[[1,0,0,0,0,0,0],
 [0,1,0,0,0,0,0],
 [0,1,2,0,0,0,0],
 [0,0,1,1,0,0,0],
 [0,0,0,1,1,0,0],
 [0,0,0,0,0,0,0],
 [0,0,0,0,0,0,0]]
Count: 1

Matrix:
[[2,0,0,0,0,0,0],
 [1,1,0,0,0,0,0],
 [0,0,1,0,0,0,0],
 [0,1,1,1,0,0,0],
 [0,0,0,0,0,0,0],
 [0,0,0,0,0,0,0],
 [0,0,0,0,0,0,0]]
Count: 1

Matrix:
[[1,0,0,0,0,0,0],
 [0,1,0,0,0,0,0],
 [0,0,1,0,0,0,0],
 [1,1,0,2,0,0,0],
 [0,0,0,0,0,0,0],
 [0,0,0,0,0,0,0],
 [0,0,0,0,0,0,0]]
Count: 2

Matrix:
[[1,0,0,0,0,0,0],
 [1,1,0,0,0,0,0],
 [0,1,2,0,0,0,0],
 [1,0,0,1,0,0,0],
 [0,0,0,0,0,0,0],
 [0,0,0,0,0,0,0],
 [0,0,0,0,0,0,0]]
Count: 1

Matrix:
[[1,0,0,0,0,0,0],
 [1,2,0,0,0,0,0],
 [1,0,1,0,0,0,0],
 [0,0,0,1,0,0,0],
 [0,0,1,1,2,0,0],
 [0,0,0,0,0,0,0],
 [0,0,0,0,0,0,0]]
Count: 1

Matrix:
[[1,0,0,0,0,0,0],
 [1,2,0,0,0,0,0],
 [1,0,1,0,0,0,0],
 [0,0,1,1,0,0,0],
 [0,0,0,1,2,0,0],
 [0,0,0,0,0,0,0],
 [0,0,0,0,0,0,0]]
Count: 1

