
=== Matrix Counts ===
Matrix:
[[1,0,0,0,0,0,0],
 [0,1,0,0,0,0,0],
 [1,0,1,0,0,0,0],
 [0,1,1,2,0,0,0],
 [0,0,0,0,0,0,0],
 [0,0,0,0,0,0,0],
 [0,0,0,0,0,0,0]]
Count: 10

Matrix:
[[1,0,0,0,0,0,0],
 [0,1,0,0,0,0,0],
 [1,1,2,0,0,0,0],
 [0,0,1,1,0,0,0],
 [0,0,0,0,0,0,0],
 [0,0,0,0,0,0,0],
 [0,0,0,0,0,0,0]]
Count: 12

Matrix:
[[1,0,0,0,0,0,0],
 [0,1,0,0,0,0,0],
 [1,1,2,0,0,0,0],
 [0,0,0,0,0,0,0],
 [0,0,0,0,0,0,0],
 [0,0,0,0,0,0,0],
 [0,0,0,0,0,0,0]]
Count: 208

Matrix:
[[2,0,0,0,0,0,0],
 [1,1,0,0,0,0,0],
 [0,0,1,0,0,0,0],
 [0,0,0,1,0,0,0],
 [0,1,1,1,2,0,0],
 [0,0,0,0,0,0,0],
 [0,0,0,0,0,0,0]]
Count: 1

Matrix:
[[1,0,0,0,0,0,0],
 [0,1,0,0,0,0,0],
 [0,0,1,0,0,0,0],
 [1,1,1,2,0,0,0],
 [0,0,0,0,0,0,0],
 [0,0,0,0,0,0,0],
 [0,0,0,0,0,0,0]]
Count: 7

Matrix:
[[1,0,0,0,0,0,0],
 [1,1,0,0,0,0,0],
 [0,0,0,0,0,0,0],
 [0,0,0,0,0,0,0],
 [0,0,0,0,0,0,0],
 [0,0,0,0,0,0,0],
 [0,0,0,0,0,0,0]]
Count: 140

Matrix:
[[1,0,0,0,0,0,0],
 [0,1,0,0,0,0,0],
 [0,0,1,0,0,0,0],
 [0,0,0,1,0,0,0],
 [1,1,1,1,2,0,0],
 [0,0,0,0,0,0,0],
 [0,0,0,0,0,0,0]]
Count: 1

Matrix:
[[1,0,0,0,0,0,0],
 [1,1,0,0,0,0,0],
 [0,1,2,0,0,0,0],
 [0,0,0,0,0,0,0],
 [0,0,0,0,0,0,0],
 [0,0,0,0,0,0,0],
 [0,0,0,0,0,0,0]]
Count: 130

Matrix:
[[1,0,0,0,0,0,0],
 [1,1,0,0,0,0,0],
 [0,1,1,0,0,0,0],
 [0,0,1,2,0,0,0],
 [0,0,0,0,0,0,0],
 [0,0,0,0,0,0,0],
 [0,0,0,0,0,0,0]]
Count: 22

Matrix:
[[1,0,0,0,0,0,0],
 [1,1,0,0,0,0,0],
 [0,1,1,0,0,0,0],
 [0,1,1,1,0,0,0],
 [1,0,0,1,1,0,0],
 [0,0,0,0,0,0,0],
 [0,0,0,0,0,0,0]]
Count: 1

Matrix:
[[1,0,0,0,0,0,0],
 [0,1,0,0,0,0,0],
 [0,1,2,0,0,0,0],
 [0,0,1,2,0,0,0],
 [1,0,0,1,2,0,0],
 [0,0,0,0,0,0,0],
 [0,0,0,0,0,0,0]]
Count: 1

Matrix:
[[1,0,0,0,0,0,0],
 [0,1,0,0,0,0,0],
 [1,0,2,0,0,0,0],
 [0,1,0,2,0,0,0],
 [0,0,1,1,2,0,0],
 [0,0,0,0,0,0,0],
 [0,0,0,0,0,0,0]]
Count: 72

Matrix:
[[2,0,0,0,0,0,0],
 [1,1,0,0,0,0,0],
 [0,1,1,0,0,0,0],
 [0,1,0,1,0,0,0],
 [1,0,0,1,2,0,0],
 [0,0,1,0,1,2,0],
 [0,0,0,0,0,0,0]]
Count: 1

Matrix:
[[1,0,0,0,0,0,0],
 [1,1,0,0,0,0,0],
 [0,0,1,0,0,0,0],
 [0,1,1,2,0,0,0],
 [0,0,0,0,0,0,0],
 [0,0,0,0,0,0,0],
 [0,0,0,0,0,0,0]]
Count: 18

Matrix:
[[1,0,0,0,0,0,0],
 [0,1,0,0,0,0,0],
 [1,0,1,0,0,0,0],
 [0,1,0,1,0,0,0],
 [0,0,1,1,2,0,0],
 [0,0,0,0,0,0,0],
 [0,0,0,0,0,0,0]]
Count: 6

Matrix:
[[1,0,0,0,0,0,0],
 [1,2,0,0,0,0,0],
 [0,1,1,0,0,0,0],
 [0,1,0,1,0,0,0],
 [0,0,0,1,2,0,0],
 [0,0,0,0,0,0,0],
 [0,0,0,0,0,0,0]]
Count: 1

Matrix:
[[1,0,0,0,0,0,0],
 [1,1,0,0,0,0,0],
 [0,1,1,0,0,0,0],
 [0,0,0,0,0,0,0],
 [0,0,0,0,0,0,0],
 [0,0,0,0,0,0,0],
 [0,0,0,0,0,0,0]]
Count: 72

Matrix:
[[1,0,0,0,0,0,0],
 [1,1,0,0,0,0,0],
 [0,1,1,0,0,0,0],
 [0,0,1,1,0,0,0],
 [0,0,0,1,1,0,0],
 [0,0,0,0,0,0,0],
 [0,0,0,0,0,0,0]]
Count: 2

Matrix:
[[1,0,0,0,0,0,0],
 [0,1,0,0,0,0,0],
 [0,1,2,0,0,0,0],
 [1,0,1,2,0,0,0],
 [0,0,0,1,2,0,0],
 [0,0,0,0,0,0,0],
 [0,0,0,0,0,0,0]]
Count: 1

Matrix:
[[1,0,0,0,0,0,0],
 [1,1,0,0,0,0,0],
 [0,1,1,0,0,0,0],
 [0,1,0,1,0,0,0],
 [0,0,1,1,2,0,0],
 [0,0,0,0,0,0,0],
 [0,0,0,0,0,0,0]]
Count: 2

Matrix:
[[1,0,0,0,0,0,0],
 [1,1,0,0,0,0,0],
 [0,0,1,0,0,0,0],
 [0,1,1,2,0,0,0],
 [0,0,0,1,1,0,0],
 [0,0,0,0,1,2,0],
 [0,0,0,0,0,0,0]]
Count: 2

Matrix:
[[1,0,0,0,0,0,0],
 [0,1,0,0,0,0,0],
 [0,0,1,0,0,0,0],
 [0,1,1,2,0,0,0],
 [0,0,0,0,0,0,0],
 [0,0,0,0,0,0,0],
 [0,0,0,0,0,0,0]]
Count: 3

Matrix:
[[1,0,0,0,0,0,0],
 [0,1,0,0,0,0,0],
 [1,1,2,0,0,0,0],
 [0,0,1,2,0,0,0],
 [0,0,0,0,0,0,0],
 [0,0,0,0,0,0,0],
 [0,0,0,0,0,0,0]]
Count: 17

Matrix:
[[1,0,0,0,0,0,0],
 [1,1,0,0,0,0,0],
 [0,1,2,0,0,0,0],
 [0,0,1,2,0,0,0],
 [0,0,0,0,0,0,0],
 [0,0,0,0,0,0,0],
 [0,0,0,0,0,0,0]]
Count: 9

Matrix:
[[1,0,0,0,0,0,0],
 [1,2,0,0,0,0,0],
 [0,1,1,0,0,0,0],
 [0,0,0,0,0,0,0],
 [0,0,0,0,0,0,0],
 [0,0,0,0,0,0,0],
 [0,0,0,0,0,0,0]]
Count: 25

Matrix:
[[2,0,0,0,0,0,0],
 [0,1,0,0,0,0,0],
 [1,1,2,0,0,0,0],
 [0,0,0,0,0,0,0],
 [0,0,0,0,0,0,0],
 [0,0,0,0,0,0,0],
 [0,0,0,0,0,0,0]]
Count: 1

Matrix:
[[1,0,0,0,0,0,0],
 [1,1,0,0,0,0,0],
 [0,1,1,0,0,0,0],
 [0,0,1,1,0,0,0],
 [0,0,1,1,2,0,0],
 [0,0,0,0,0,0,0],
 [0,0,0,0,0,0,0]]
Count: 1

Matrix:
[[1,0,0,0,0,0,0],
 [0,1,0,0,0,0,0],
 [0,1,1,0,0,0,0],
 [1,0,1,2,0,0,0],
 [0,0,0,0,0,0,0],
 [0,0,0,0,0,0,0],
 [0,0,0,0,0,0,0]]
Count: 5

Matrix:
[[1,0,0,0,0,0,0],
 [1,1,0,0,0,0,0],
 [0,0,1,0,0,0,0],
 [0,0,1,1,0,0,0],
 [0,0,0,1,1,0,0],
 [0,1,0,0,1,2,0],
 [0,0,0,0,0,0,0]]
Count: 1

Matrix:
[[1,0,0,0,0,0,0],
 [0,1,0,0,0,0,0],
 [0,1,2,0,0,0,0],
 [1,0,1,2,0,0,0],
 [0,0,0,0,0,0,0],
 [0,0,0,0,0,0,0],
 [0,0,0,0,0,0,0]]
Count: 4

Matrix:
[[1,0,0,0,0,0,0],
 [0,1,0,0,0,0,0],
 [0,1,2,0,0,0,0],
 [1,1,0,2,0,0,0],
 [0,0,1,1,2,0,0],
 [0,0,0,0,0,0,0],
 [0,0,0,0,0,0,0]]
Count: 1

Matrix:
[[1,0,0,0,0,0,0],
 [1,1,0,0,0,0,0],
 [0,1,1,0,0,0,0],
 [0,1,1,2,0,0,0],
 [0,0,0,0,0,0,0],
 [0,0,0,0,0,0,0],
 [0,0,0,0,0,0,0]]
Count: 1

Matrix:
[[1,0,0,0,0,0,0],
 [1,2,0,0,0,0,0],
 [0,0,1,0,0,0,0],
 [0,1,1,2,0,0,0],
 [0,0,0,0,0,0,0],
 [0,0,0,0,0,0,0],
 [0,0,0,0,0,0,0]]
Count: 5

Matrix:
[[1,0,0,0,0,0,0],
 [1,1,0,0,0,0,0],
 [1,0,1,0,0,0,0],
 [0,0,1,1,0,0,0],
 [0,1,0,1,2,0,0],
 [0,0,0,0,0,0,0],
 [0,0,0,0,0,0,0]]
Count: 1

Matrix:
[[1,0,0,0,0,0,0],
 [0,1,0,0,0,0,0],
 [0,0,1,0,0,0,0],
 [1,1,1,2,0,0,0],
 [0,0,0,1,2,0,0],
 [0,0,0,0,0,0,0],
 [0,0,0,0,0,0,0]]
Count: 1

Matrix:
[[1,0,0,0,0,0,0],
 [1,1,0,0,0,0,0],
 [0,0,1,0,0,0,0],
 [0,0,1,2,0,0,0],
 [0,1,0,1,2,0,0],
 [0,0,0,0,0,0,0],
 [0,0,0,0,0,0,0]]
Count: 1

Matrix:
[[1,0,0,0,0,0,0],
 [0,1,0,0,0,0,0],
 [0,1,1,0,0,0,0],
 [0,0,1,2,0,0,0],
 [1,0,0,1,2,0,0],
 [0,0,0,0,0,0,0],
 [0,0,0,0,0,0,0]]
Count: 1

Matrix:
[[1,0,0,0,0,0,0],
 [1,2,0,0,0,0,0],
 [0,1,1,0,0,0,0],
 [0,0,1,1,0,0,0],
 [0,0,0,1,2,0,0],
 [0,0,0,0,0,0,0],
 [0,0,0,0,0,0,0]]
Count: 2

Matrix:
[[2,0,0,0,0,0,0],
 [1,1,0,0,0,0,0],
 [1,0,1,0,0,0,0],
 [0,1,1,2,0,0,0],
 [0,1,0,0,2,0,0],
 [0,0,0,0,0,0,0],
 [0,0,0,0,0,0,0]]
Count: 1

Matrix:
[[1,0,0,0,0,0,0],
 [0,2,0,0,0,0,0],
 [1,1,1,0,0,0,0],
 [0,0,0,0,0,0,0],
 [0,0,0,0,0,0,0],
 [0,0,0,0,0,0,0],
 [0,0,0,0,0,0,0]]
Count: 1

Matrix:
[[1,0,0,0,0,0,0],
 [1,1,0,0,0,0,0],
 [1,0,1,0,0,0,0],
 [0,1,1,2,0,0,0],
 [0,0,0,0,0,0,0],
 [0,0,0,0,0,0,0],
 [0,0,0,0,0,0,0]]
Count: 21

Matrix:
[[1,0,0,0,0,0,0],
 [1,1,0,0,0,0,0],
 [1,1,2,0,0,0,0],
 [0,0,0,0,0,0,0],
 [0,0,0,0,0,0,0],
 [0,0,0,0,0,0,0],
 [0,0,0,0,0,0,0]]
Count: 7

Matrix:
[[2,0,0,0,0,0,0],
 [1,1,0,0,0,0,0],
 [0,1,1,0,0,0,0],
 [0,0,0,0,0,0,0],
 [0,0,0,0,0,0,0],
 [0,0,0,0,0,0,0],
 [0,0,0,0,0,0,0]]
Count: 1

Matrix:
[[1,0,0,0,0,0,0],
 [1,2,0,0,0,0,0],
 [0,0,0,0,0,0,0],
 [0,0,0,0,0,0,0],
 [0,0,0,0,0,0,0],
 [0,0,0,0,0,0,0],
 [0,0,0,0,0,0,0]]
Count: 11

Matrix:
[[1,0,0,0,0,0,0],
 [1,1,0,0,0,0,0],
 [0,1,1,0,0,0,0],
 [0,0,1,2,0,0,0],
 [0,0,1,1,2,0,0],
 [0,0,0,0,0,0,0],
 [0,0,0,0,0,0,0]]
Count: 1

Matrix:
[[1,0,0,0,0,0,0],
 [0,1,0,0,0,0,0],
 [1,1,1,0,0,0,0],
 [0,0,1,2,0,0,0],
 [0,0,0,0,0,0,0],
 [0,0,0,0,0,0,0],
 [0,0,0,0,0,0,0]]
Count: 6

Matrix:
[[1,0,0,0,0,0,0],
 [0,1,0,0,0,0,0],
 [1,0,1,0,0,0,0],
 [0,0,1,1,0,0,0],
 [0,1,0,1,2,0,0],
 [0,0,0,0,0,0,0],
 [0,0,0,0,0,0,0]]
Count: 1

Matrix:
[[1,0,0,0,0,0,0],
 [0,1,0,0,0,0,0],
 [1,1,2,0,0,0,0],
 [0,0,0,1,0,0,0],
 [0,0,1,1,2,0,0],
 [0,0,0,0,0,0,0],
 [0,0,0,0,0,0,0]]
Count: 2

Matrix:
[[1,0,0,0,0,0,0],
 [0,1,0,0,0,0,0],
 [0,0,1,0,0,0,0],
 [0,0,0,1,0,0,0],
 [1,1,0,0,2,0,0],
 [0,0,1,1,0,2,0],
 [0,0,0,0,1,1,2]]
Count: 1

Matrix:
[[1,0,0,0,0,0,0],
 [1,2,0,0,0,0,0],
 [0,1,1,0,0,0,0],
 [0,0,1,1,0,0,0],
 [0,0,0,1,1,0,0],
 [0,0,0,0,0,0,0],
 [0,0,0,0,0,0,0]]
Count: 1

Matrix:
[[1,0,0,0,0,0,0],
 [0,1,0,0,0,0,0],
 [0,1,1,0,0,0,0],
 [1,0,1,2,0,0,0],
 [0,0,0,1,2,0,0],
 [0,0,0,0,0,0,0],
 [0,0,0,0,0,0,0]]
Count: 3

Matrix:
[[1,0,0,0,0,0,0],
 [0,1,0,0,0,0,0],
 [0,0,1,0,0,0,0],
 [0,0,0,1,0,0,0],
 [1,0,0,1,1,0,0],
 [1,1,1,0,0,2,0],
 [0,0,0,0,1,1,2]]
Count: 1

Matrix:
[[1,0,0,0,0,0,0],
 [1,2,0,0,0,0,0],
 [0,1,1,0,0,0,0],
 [0,0,1,2,0,0,0],
 [0,0,0,0,0,0,0],
 [0,0,0,0,0,0,0],
 [0,0,0,0,0,0,0]]
Count: 16

Matrix:
[[1,0,0,0,0,0,0],
 [1,1,0,0,0,0,0],
 [0,1,2,0,0,0,0],
 [0,0,1,1,0,0,0],
 [0,0,0,0,0,0,0],
 [0,0,0,0,0,0,0],
 [0,0,0,0,0,0,0]]
Count: 5

Matrix:
[[1,0,0,0,0,0,0],
 [0,1,0,0,0,0,0],
 [0,1,2,0,0,0,0],
 [1,0,1,1,0,0,0],
 [0,0,0,0,0,0,0],
 [0,0,0,0,0,0,0],
 [0,0,0,0,0,0,0]]
Count: 1

Matrix:
[[1,0,0,0,0,0,0],
 [1,1,0,0,0,0,0],
 [0,0,1,0,0,0,0],
 [0,1,1,1,0,0,0],
 [0,0,0,1,2,0,0],
 [0,0,0,0,0,0,0],
 [0,0,0,0,0,0,0]]
Count: 1

Matrix:
[[1,0,0,0,0,0,0],
 [1,1,0,0,0,0,0],
 [0,0,1,0,0,0,0],
 [0,1,1,2,0,0,0],
 [0,0,1,0,1,0,0],
 [0,0,0,1,1,2,0],
 [0,0,0,0,0,0,0]]
Count: 1

Matrix:
[[1,0,0,0,0,0,1],
 [1,1,0,0,0,0,0],
 [0,0,0,0,0,0,0],
 [0,0,0,0,0,0,0],
 [0,0,0,0,0,0,0],
 [0,0,0,0,0,0,0],
 [0,0,0,0,0,0,1]]
Count: 2

Matrix:
[[1,0,0,0,0,0,0],
 [1,1,0,0,0,0,0],
 [0,1,1,0,0,0,0],
 [0,0,1,1,0,0,0],
 [0,0,0,0,0,0,0],
 [0,0,0,0,0,0,0],
 [0,0,0,0,0,0,0]]
Count: 8

Matrix:
[[1,0,0,0,0,0,0],
 [0,1,0,0,0,0,0],
 [0,0,1,0,0,0,0],
 [1,0,0,1,0,0,0],
 [0,1,1,1,2,0,0],
 [0,0,0,0,0,0,0],
 [0,0,0,0,0,0,0]]
Count: 1

Matrix:
[[1,0,0,0,0,0,0],
 [1,1,0,0,0,0,0],
 [1,0,1,0,0,0,0],
 [0,0,1,2,0,0,0],
 [0,0,0,0,0,0,0],
 [0,0,0,0,0,0,0],
 [0,0,0,0,0,0,0]]
Count: 3

Matrix:
[[1,0,0,0,0,0,0],
 [0,1,0,0,0,0,0],
 [1,0,2,0,0,0,0],
 [0,1,1,2,0,0,0],
 [0,0,0,0,0,0,0],
 [0,0,0,0,0,0,0],
 [0,0,0,0,0,0,0]]
Count: 4

Matrix:
[[1,0,0,0,0,0,0],
 [1,1,0,0,0,0,0],
 [0,0,1,0,0,0,0],
 [1,0,1,2,0,0,0],
 [0,1,0,1,2,0,0],
 [0,0,0,0,0,0,0],
 [0,0,0,0,0,0,0]]
Count: 2

Matrix:
[[1,0,0,0,0,0,0],
 [1,1,0,0,0,0,0],
 [0,1,1,0,0,0,0],
 [0,1,1,1,0,0,0],
 [0,0,0,1,2,0,0],
 [0,0,0,0,0,0,0],
 [0,0,0,0,0,0,0]]
Count: 1

Matrix:
[[1,0,0,0,0,0,0],
 [0,1,0,0,0,0,0],
 [1,1,2,0,0,0,0],
 [0,0,0,1,0,0,0],
 [0,0,1,1,1,0,0],
 [0,0,0,0,1,1,0],
 [0,0,0,0,0,0,0]]
Count: 1

Matrix:
[[1,0,0,0,0,0,0],
 [0,1,0,0,0,0,0],
 [0,0,1,0,0,0,0],
 [1,0,1,2,0,0,0],
 [0,1,1,0,2,0,0],
 [0,0,0,1,1,2,0],
 [0,0,0,0,0,0,0]]
Count: 1

Matrix:
[[1,0,0,0,0,0,0],
 [0,1,0,0,0,0,0],
 [0,0,1,0,0,0,0],
 [1,0,1,2,0,0,0],
 [0,0,0,0,0,0,0],
 [0,0,0,0,0,0,0],
 [0,0,0,0,0,0,0]]
Count: 1

Matrix:
[[1,0,0,0,0,0,0],
 [1,2,0,0,0,0,0],
 [0,0,1,0,0,0,0],
 [0,0,1,2,0,0,0],
 [0,1,0,1,2,0,0],
 [0,0,0,0,0,0,0],
 [0,0,0,0,0,0,0]]
Count: 5

Matrix:
[[1,0,0,0,0,0,0],
 [0,1,0,0,0,0,0],
 [1,1,1,0,0,0,0],
 [0,0,0,0,0,0,0],
 [0,0,0,0,0,0,0],
 [0,0,0,0,0,0,0],
 [0,0,0,0,0,0,0]]
Count: 8

Matrix:
[[1,0,0,0,0,0,0],
 [1,1,0,0,0,0,0],
 [0,1,1,0,0,0,0],
 [1,0,0,1,0,0,0],
 [0,0,1,1,2,0,0],
 [0,0,0,0,0,0,0],
 [0,0,0,0,0,0,0]]
Count: 1

Matrix:
[[1,0,0,0,0,0,0],
 [0,1,0,0,0,0,0],
 [0,0,1,0,0,0,0],
 [1,0,0,2,0,0,0],
 [0,1,0,0,2,0,0],
 [0,0,1,1,1,2,0],
 [0,0,0,0,0,0,0]]
Count: 1

Matrix:
[[1,0,0,0,0,0,0],
 [0,1,0,0,0,0,0],
 [0,0,1,0,0,0,0],
 [1,0,1,2,0,0,0],
 [0,1,0,1,2,0,0],
 [0,0,0,0,0,0,0],
 [0,0,0,0,0,0,0]]
Count: 1

Matrix:
[[1,0,0,0,0,0,0],
 [1,1,0,0,0,0,0],
 [0,1,1,0,0,0,0],
 [1,0,0,1,0,0,0],
 [0,0,0,1,1,0,0],
 [0,0,1,0,1,2,0],
 [0,0,0,0,0,0,0]]
Count: 1

Matrix:
[[1,0,0,0,0,0,0],
 [1,1,0,0,0,0,0],
 [0,1,2,0,0,0,0],
 [0,0,1,2,0,0,0],
 [0,0,0,1,2,0,0],
 [0,0,0,0,0,0,0],
 [0,0,0,0,0,0,0]]
Count: 1

Matrix:
[[1,0,0,0,0,0,0],
 [0,1,0,0,0,0,0],
 [0,0,2,0,0,0,0],
 [1,1,1,2,0,0,0],
 [0,0,0,0,0,0,0],
 [0,0,0,0,0,0,0],
 [0,0,0,0,0,0,0]]
Count: 2

Matrix:
[[2,0,0,0,0,0,0],
 [1,1,0,0,0,0,0],
 [1,0,1,0,0,0,0],
 [0,1,1,2,0,0,0],
 [0,0,0,0,0,0,0],
 [0,0,0,0,0,0,0],
 [0,0,0,0,0,0,0]]
Count: 1

Matrix:
[[1,0,0,0,0,0,0],
 [1,2,0,0,0,0,0],
 [0,1,1,0,0,0,0],
 [0,0,1,2,0,0,0],
 [0,0,0,1,1,0,0],
 [0,0,0,0,1,2,0],
 [0,0,0,0,0,0,0]]
Count: 1

Matrix:
[[1,0,0,0,0,0,0],
 [1,1,0,0,0,0,0],
 [0,1,1,0,0,0,0],
 [0,0,1,1,0,0,0],
 [0,1,0,1,2,0,0],
 [0,0,0,0,0,0,0],
 [0,0,0,0,0,0,0]]
Count: 1

Matrix:
[[1,0,0,0,0,0,0],
 [0,1,0,0,0,0,0],
 [1,0,1,0,0,0,0],
 [0,1,1,2,0,0,0],
 [0,1,0,0,1,0,0],
 [0,0,0,1,1,2,0],
 [0,0,0,0,0,0,0]]
Count: 1

Matrix:
[[1,0,0,0,0,0,0],
 [0,1,0,0,0,0,0],
 [0,0,1,0,0,0,0],
 [1,1,0,2,0,0,0],
 [1,0,1,0,2,0,0],
 [0,0,0,1,1,2,0],
 [0,0,0,0,0,0,0]]
Count: 3

Matrix:
[[1,0,0,0,0,0,0],
 [0,1,0,0,0,0,0],
 [0,0,1,0,0,0,0],
 [0,0,1,2,0,0,0],
 [1,1,0,1,2,0,0],
 [0,0,0,0,0,0,0],
 [0,0,0,0,0,0,0]]
Count: 1

Matrix:
[[1,0,0,0,0,0,0],
 [0,1,0,0,0,0,0],
 [1,1,1,0,0,0,0],
 [0,0,1,1,0,0,0],
 [0,0,0,1,2,0,0],
 [0,0,0,0,0,0,0],
 [0,0,0,0,0,0,0]]
Count: 1

Matrix:
[[1,0,0,0,0,0,0],
 [0,1,0,0,0,0,0],
 [1,0,1,0,0,0,0],
 [0,1,0,1,0,0,0],
 [0,0,1,0,2,0,0],
 [0,0,0,1,0,2,0],
 [0,0,0,0,1,1,2]]
Count: 2

Matrix:
[[1,0,0,0,0,0,0],
 [1,1,0,0,0,0,0],
 [0,0,1,0,0,0,0],
 [0,1,1,2,0,0,0],
 [0,0,0,1,1,0,0],
 [0,0,0,0,0,0,0],
 [0,0,0,0,0,0,0]]
Count: 1

Matrix:
[[1,0,0,0,0,0,0],
 [1,1,0,0,0,0,0],
 [1,1,1,0,0,0,0],
 [0,0,0,0,0,0,0],
 [0,0,0,0,0,0,0],
 [0,0,0,0,0,0,0],
 [0,0,0,0,0,0,0]]
Count: 3

Matrix:
[[1,0,0,0,0,0,0],
 [1,1,0,0,0,0,0],
 [0,1,1,0,0,0,0],
 [0,0,1,1,0,0,0],
 [0,0,0,1,2,0,0],
 [0,0,0,0,0,0,0],
 [0,0,0,0,0,0,0]]
Count: 3

Matrix:
[[1,0,0,0,0,0,0],
 [0,1,0,0,0,0,0],
 [0,0,1,0,0,0,0],
 [0,0,1,1,0,0,0],
 [1,0,0,1,2,0,0],
 [0,0,0,0,1,2,0],
 [0,0,0,0,0,0,0]]
Count: 1

Matrix:
[[1,0,0,0,0,0,0],
 [0,1,0,0,0,0,0],
 [0,0,1,0,0,0,0],
 [0,1,0,2,0,0,0],
 [0,0,1,0,2,0,0],
 [0,0,0,1,1,2,0],
 [0,0,0,0,0,0,0]]
Count: 1

Matrix:
[[1,0,0,0,0,0,0],
 [1,1,0,0,0,0,0],
 [0,1,1,0,0,0,0],
 [1,0,1,2,0,0,0],
 [0,0,0,0,0,0,0],
 [0,0,0,0,0,0,0],
 [0,0,0,0,0,0,0]]
Count: 2

Matrix:
[[1,0,0,0,0,0,0],
 [1,2,0,0,0,0,0],
 [1,0,1,0,0,0,0],
 [0,1,1,2,0,0,0],
 [0,0,0,0,0,0,0],
 [0,0,0,0,0,0,0],
 [0,0,0,0,0,0,0]]
Count: 3

Matrix:
[[1,0,0,0,0,0,0],
 [1,1,0,0,0,0,0],
 [0,0,1,0,0,0,0],
 [0,1,1,2,0,0,0],
 [0,0,0,1,2,0,0],
 [0,0,0,0,0,0,0],
 [0,0,0,0,0,0,0]]
Count: 2

Matrix:
[[2,0,0,0,0,0,0],
 [0,1,0,0,0,0,0],
 [0,0,1,0,0,0,0],
 [0,1,0,2,0,0,0],
 [0,0,1,1,2,0,0],
 [0,0,0,0,1,2,0],
 [0,0,0,0,0,1,2]]
Count: 1

Matrix:
[[2,0,0,0,0,0,0],
 [1,1,0,0,0,0,0],
 [0,1,2,0,0,0,0],
 [0,0,1,1,0,0,0],
 [0,0,0,0,0,0,0],
 [0,0,0,0,0,0,0],
 [0,0,0,0,0,0,0]]
Count: 1

Matrix:
[[1,0,0,0,0,0,0],
 [0,1,0,0,0,0,0],
 [0,1,2,0,0,0,0],
 [1,0,0,1,0,0,0],
 [0,0,1,1,2,0,0],
 [0,0,0,0,0,0,0],
 [0,0,0,0,0,0,0]]
Count: 1

Matrix:
[[1,0,0,0,0,0,0],
 [0,1,0,0,0,0,0],
 [1,0,1,0,0,0,0],
 [0,1,1,2,0,0,0],
 [0,0,0,1,1,0,0],
 [0,0,0,0,0,0,0],
 [0,0,0,0,0,0,0]]
Count: 1

Matrix:
[[1,0,0,0,0,0,0],
 [0,1,0,0,0,0,0],
 [1,1,1,0,0,0,0],
 [0,0,1,1,0,0,0],
 [0,0,0,0,0,0,0],
 [0,0,0,0,0,0,0],
 [0,0,0,0,0,0,0]]
Count: 2

Matrix:
[[1,0,0,0,0,0,0],
 [1,1,0,0,0,0,0],
 [1,0,1,0,0,0,0],
 [1,0,0,1,0,0,0],
 [0,1,1,1,2,0,0],
 [0,0,0,0,0,0,0],
 [0,0,0,0,0,0,0]]
Count: 2

Matrix:
[[1,0,0,0,0,0,0],
 [1,1,0,0,0,0,0],
 [0,1,2,0,0,0,0],
 [0,0,0,1,0,0,0],
 [0,0,0,1,1,0,0],
 [0,0,1,0,1,2,0],
 [0,0,0,0,0,0,0]]
Count: 1

Matrix:
[[1,0,0,0,0,0,0],
 [1,1,0,0,0,0,0],
 [1,0,1,0,0,0,0],
 [0,0,0,0,0,0,0],
 [0,0,0,0,0,0,0],
 [0,0,0,0,0,0,0],
 [0,0,0,0,0,0,0]]
Count: 1

Matrix:
[[1,0,0,0,0,0,0],
 [1,1,0,0,0,0,0],
 [1,0,1,0,0,0,0],
 [1,0,0,1,0,0,0],
 [1,0,0,0,1,0,0],
 [0,1,1,1,1,2,0],
 [0,0,0,0,0,0,0]]
Count: 1

Matrix:
[[1,0,0,0,0,0,0],
 [0,1,0,0,0,0,0],
 [0,0,1,0,0,0,0],
 [1,0,1,2,0,0,0],
 [0,0,0,1,2,0,0],
 [0,0,0,0,0,0,0],
 [0,0,0,0,0,0,0]]
Count: 1

Matrix:
[[1,0,0,0,0,0,0],
 [0,1,0,0,0,0,0],
 [1,1,2,0,0,0,0],
 [1,0,0,1,0,0,0],
 [0,0,1,1,2,0,0],
 [0,0,0,0,0,0,0],
 [0,0,0,0,0,0,0]]
Count: 1

Matrix:
[[1,0,0,0,0,0,0],
 [1,1,0,0,0,0,0],
 [0,1,2,0,0,0,0],
 [0,1,1,2,0,0,0],
 [0,0,0,1,1,0,0],
 [0,0,0,0,0,0,0],
 [0,0,0,0,0,0,0]]
Count: 1

Matrix:
[[1,0,0,0,0,0,0],
 [0,1,0,0,0,0,0],
 [0,0,1,0,0,0,0],
 [0,1,1,2,0,0,0],
 [0,0,0,1,1,0,0],
 [0,0,0,0,0,0,0],
 [0,0,0,0,0,0,0]]
Count: 1

Matrix:
[[1,0,0,0,0,0,0],
 [1,1,0,0,0,0,0],
 [1,0,1,0,0,0,0],
 [0,0,1,1,0,0,0],
 [0,0,0,0,0,0,0],
 [0,0,0,0,0,0,0],
 [0,0,0,0,0,0,0]]
Count: 1

Matrix:
[[1,0,0,0,0,0,0],
 [0,1,0,0,0,0,0],
 [0,0,1,0,0,0,0],
 [1,0,1,1,0,0,0],
 [0,1,0,1,2,0,0],
 [0,0,0,0,0,0,0],
 [0,0,0,0,0,0,0]]
Count: 1

Matrix:
[[1,0,0,0,0,0,0],
 [0,1,0,0,0,0,0],
 [1,0,2,0,0,0,0],
 [1,0,0,2,0,0,0],
 [0,1,0,0,2,0,0],
 [0,1,0,0,0,2,0],
 [0,0,1,1,1,1,2]]
Count: 2

Matrix:
[[1,0,0,0,0,0,0],
 [0,1,0,0,0,0,0],
 [1,0,1,0,0,0,0],
 [1,1,0,2,0,0,0],
 [0,0,1,1,2,0,0],
 [0,0,0,0,0,0,0],
 [0,0,0,0,0,0,0]]
Count: 1

Matrix:
[[1,0,0,0,0,0,0],
 [1,2,0,0,0,0,0],
 [0,1,1,0,0,0,0],
 [0,0,0,1,0,0,0],
 [0,0,1,1,2,0,0],
 [0,0,0,0,0,0,0],
 [0,0,0,0,0,0,0]]
Count: 1

Matrix:
[[1,0,0,0,0,0,0],
 [0,1,0,0,0,0,0],
 [1,0,2,0,0,0,0],
 [0,1,0,2,0,0,0],
 [0,0,1,1,2,0,0],
 [0,0,0,0,1,2,0],
 [0,0,0,0,0,0,0]]
Count: 1

Matrix:
[[1,0,0,0,0,0,0],
 [1,2,0,0,0,0,0],
 [1,0,2,0,0,0,0],
 [0,1,1,2,0,0,0],
 [0,0,0,0,0,0,0],
 [0,0,0,0,0,0,0],
 [0,0,0,0,0,0,0]]
Count: 1

Matrix:
[[1,0,0,0,0,0,0],
 [1,2,0,0,0,0,0],
 [0,1,1,0,0,0,0],
 [0,0,1,1,0,0,0],
 [0,0,0,0,0,0,0],
 [0,0,0,0,0,0,0],
 [0,0,0,0,0,0,0]]
Count: 1

Matrix:
[[1,0,0,0,0,0,0],
 [1,1,0,0,0,0,0],
 [0,1,2,0,0,0,0],
 [1,0,0,1,0,0,0],
 [0,0,1,1,1,0,0],
 [0,0,0,0,1,2,0],
 [0,0,0,0,0,0,0]]
Count: 1

Matrix:
[[1,0,0,0,0,0,0],
 [0,1,0,0,0,0,0],
 [0,1,1,0,0,0,0],
 [1,0,0,2,0,0,0],
 [0,0,1,1,2,0,0],
 [0,0,0,0,0,1,0],
 [0,0,0,0,1,1,2]]
Count: 1

Matrix:
[[1,0,0,0,0,0,0],
 [1,1,0,0,0,0,0],
 [1,0,1,0,0,0,0],
 [0,1,0,2,0,0,0],
 [0,0,1,1,2,0,0],
 [0,0,0,0,0,0,0],
 [0,0,0,0,0,0,0]]
Count: 1

Matrix:
[[1,0,0,0,0,0,0],
 [1,2,0,0,0,0,0],
 [0,1,1,0,0,0,0],
 [0,1,1,2,0,0,0],
 [0,0,0,0,0,0,0],
 [0,0,0,0,0,0,0],
 [0,0,0,0,0,0,0]]
Count: 1

Matrix:
[[1,0,0,0,0,0,0],
 [1,2,0,0,0,0,0],
 [0,1,2,0,0,0,0],
 [0,0,0,0,0,0,0],
 [0,0,0,0,0,0,0],
 [0,0,0,0,0,0,0],
 [0,0,0,0,0,0,0]]
Count: 2

Matrix:
[[1,0,0,0,0,0,0],
 [0,1,0,0,0,0,0],
 [1,1,2,0,0,0,0],
 [0,0,1,1,0,0,0],
 [0,0,0,1,2,0,0],
 [0,0,0,0,0,0,0],
 [0,0,0,0,0,0,0]]
Count: 1

Matrix:
[[1,0,0,0,0,0,0],
 [0,1,0,0,0,0,0],
 [0,0,1,0,0,0,0],
 [0,1,1,2,0,0,0],
 [1,0,0,1,2,0,0],
 [0,0,0,0,0,0,0],
 [0,0,0,0,0,0,0]]
Count: 1

Matrix:
[[1,0,0,0,0,0,0],
 [0,1,0,0,0,0,0],
 [0,0,1,0,0,0,0],
 [1,0,0,1,0,0,0],
 [1,0,0,1,2,0,0],
 [0,0,0,0,0,0,0],
 [0,0,0,0,0,0,0]]
Count: 1

Matrix:
[[1,0,0,0,0,0,0],
 [1,2,0,0,0,0,0],
 [0,1,2,0,0,0,0],
 [0,1,0,1,0,0,0],
 [0,0,1,1,2,0,0],
 [0,0,0,0,0,0,0],
 [0,0,0,0,0,0,0]]
Count: 1

Matrix:
[[1,0,0,0,0,0,0],
 [1,2,0,0,0,0,0],
 [0,0,1,0,0,0,0],
 [0,0,1,2,0,0,0],
 [0,1,0,1,1,0,0],
 [0,0,0,0,0,0,0],
 [0,0,0,0,0,0,0]]
Count: 1

Matrix:
[[1,0,0,0,0,0,0],
 [1,1,0,0,0,0,0],
 [0,0,1,0,0,0,0],
 [0,0,1,1,0,0,0],
 [0,0,0,0,0,0,0],
 [0,0,0,0,0,0,0],
 [0,0,0,0,0,0,0]]
Count: 1

Matrix:
[[1,0,0,0,0,0,0],
 [1,2,0,0,0,0,0],
 [0,0,1,0,0,0,0],
 [1,0,1,2,0,0,0],
 [0,0,0,0,0,0,0],
 [0,0,0,0,0,0,0],
 [0,0,0,0,0,0,0]]
Count: 1

Matrix:
[[1,0,0,0,0,0,0],
 [0,1,0,0,0,0,0],
 [0,0,1,0,0,0,0],
 [1,0,0,2,0,0,0],
 [0,1,1,0,2,0,0],
 [0,0,0,1,1,2,0],
 [0,0,0,0,0,0,0]]
Count: 1

Matrix:
[[1,0,0,0,0,0,0],
 [1,2,0,0,0,0,0],
 [0,1,1,0,0,0,0],
 [0,1,0,1,0,0,0],
 [0,0,1,1,2,0,0],
 [0,0,0,0,0,0,0],
 [0,0,0,0,0,0,0]]
Count: 1

Matrix:
[[1,0,0,0,0,0,0],
 [0,1,0,0,0,0,0],
 [0,0,1,0,0,0,0],
 [1,0,0,2,0,0,0],
 [0,1,1,1,2,0,0],
 [0,0,0,0,0,0,0],
 [0,0,0,0,0,0,0]]
Count: 1

Matrix:
[[1,0,0,0,0,0,0],
 [0,1,0,0,0,0,0],
 [1,1,2,0,0,0,0],
 [0,0,1,1,0,0,0],
 [0,0,0,1,1,0,0],
 [0,0,0,0,0,0,0],
 [0,0,0,0,0,0,0]]
Count: 1

Matrix:
[[1,0,0,0,0,0,0],
 [1,1,0,0,0,0,0],
 [0,0,1,0,0,0,0],
 [0,0,1,1,0,0,0],
 [0,1,0,1,2,0,0],
 [0,0,0,0,0,0,0],
 [0,0,0,0,0,0,0]]
Count: 2

Matrix:
[[1,0,0,0,0,0,0],
 [1,1,0,0,0,0,0],
 [0,1,1,0,0,0,0],
 [0,0,0,1,0,0,0],
 [0,0,1,1,2,0,0],
 [0,0,0,0,0,0,0],
 [0,0,0,0,0,0,0]]
Count: 1

Matrix:
[[1,0,0,0,0,0,0],
 [0,0,0,0,0,0,0],
 [1,0,1,0,0,0,0],
 [1,0,0,1,0,0,0],
 [0,0,1,1,2,0,0],
 [0,0,0,0,0,0,0],
 [0,0,0,0,0,0,0]]
Count: 1

Matrix:
[[1,0,0,0,0,0,0],
 [1,2,0,0,0,0,0],
 [0,1,1,0,0,0,0],
 [0,0,1,2,0,0,0],
 [0,1,0,1,2,0,0],
 [0,0,0,0,0,0,0],
 [0,0,0,0,0,0,0]]
Count: 1

Matrix:
[[1,0,0,0,0,0,0],
 [1,1,0,0,0,0,0],
 [0,1,2,0,0,0,0],
 [0,0,0,1,0,0,0],
 [0,0,0,1,1,0,0],
 [0,0,0,0,1,2,0],
 [0,0,1,0,0,1,2]]
Count: 1

Matrix:
[[1,0,0,0,0,0,0],
 [1,2,0,0,0,0,0],
 [0,1,2,0,0,0,0],
 [0,0,1,1,0,0,0],
 [0,0,0,1,2,0,0],
 [0,0,0,0,0,0,0],
 [0,0,0,0,0,0,0]]
Count: 1

Matrix:
[[1,0,0,0,0,0,0],
 [0,1,0,0,0,0,0],
 [1,0,1,0,0,0,0],
 [0,1,0,2,0,0,0],
 [0,0,1,1,2,0,0],
 [0,0,0,0,0,0,0],
 [0,0,0,0,0,0,0]]
Count: 1

Matrix:
[[1,0,0,0,0,0,0],
 [1,2,0,0,0,0,0],
 [0,0,1,0,0,0,0],
 [0,1,1,2,0,0,0],
 [0,0,0,1,2,0,0],
 [0,0,0,0,0,0,0],
 [0,0,0,0,0,0,0]]
Count: 1

Matrix:
[[1,0,0,0,0,0,0],
 [1,1,0,0,0,0,0],
 [0,1,2,0,0,0,0],
 [0,1,1,2,0,0,0],
 [0,0,0,1,2,0,0],
 [0,0,0,0,1,1,0],
 [0,0,0,0,0,0,0]]
Count: 1

Matrix:
[[1,0,0,0,0,0,0],
 [1,2,0,0,0,0,0],
 [0,1,2,0,0,0,0],
 [0,0,1,1,0,0,0],
 [0,0,0,0,0,0,0],
 [0,0,0,0,0,0,0],
 [0,0,0,0,0,0,0]]
Count: 1

Matrix:
[[1,0,0,0,0,0,0],
 [0,1,0,0,0,0,0],
 [0,1,1,0,0,0,0],
 [0,0,1,2,0,0,0],
 [0,0,0,0,0,0,0],
 [0,0,0,0,0,0,0],
 [0,0,0,0,0,0,0]]
Count: 1

Matrix:
[[1,0,0,0,0,0,0],
 [1,1,0,0,0,0,0],
 [0,1,2,0,0,0,0],
 [0,0,1,1,0,0,0],
 [0,0,0,1,2,0,0],
 [0,0,0,0,0,0,0],
 [0,0,0,0,0,0,0]]
Count: 1

Matrix:
[[1,0,0,0,0,0,0],
 [1,2,0,0,0,0,0],
 [0,1,1,0,0,0,0],
 [0,0,1,2,0,0,0],
 [0,0,0,1,2,0,0],
 [0,0,0,0,0,0,0],
 [0,0,0,0,0,0,0]]
Count: 1

