=== Recall Variances ===
Sample 0: Variance = 0.025925925925925932
Sample 1: Variance = 0.00030864197530864105
Sample 2: Variance = 0.0
Sample 3: Variance = 0.0028806584362139945
Sample 4: Variance = 0.06666666666666668
Sample 5: Variance = 0.0007201646090534987
Sample 6: Variance = 0.0
Sample 7: Variance = 0.0008230452674897128
Sample 8: Variance = 0.0077160493827160455
Sample 9: Variance = 0.00030864197530864224
Sample 10: Variance = 0.0008573388203017806
Sample 11: Variance = 0.0
Sample 12: Variance = 0.0
Sample 13: Variance = 0.002880658436213993
Sample 14: Variance = 0.0
Sample 15: Variance = 1.3695501826753678e-32
Sample 16: Variance = 0.0019204389574759928
Sample 17: Variance = 0.07969821673525378
Sample 18: Variance = 0.0
Sample 19: Variance = 0.09742798353909464
Sample 20: Variance = 0.03072702331961591
Sample 21: Variance = 0.0008230452674897127
Sample 22: Variance = 0.0
Sample 23: Variance = 0.0
Sample 24: Variance = 1.3695501826753678e-32
Sample 25: Variance = 0.00030864197530864224
Sample 26: Variance = 0.0
Sample 27: Variance = 0.00030864197530864224
Sample 28: Variance = 0.0
Sample 29: Variance = 0.0007201646090534986
Sample 30: Variance = 0.0
Sample 31: Variance = 0.0
Sample 32: Variance = 0.014266117969821671
Sample 33: Variance = 0.0008573388203017806
Sample 34: Variance = 0.0005486968449931419
Sample 35: Variance = 0.021570644718792872
Sample 36: Variance = 0.04883401920438958
Sample 37: Variance = 0.0008230452674897094
Sample 38: Variance = 0.0
Sample 39: Variance = 0.026886145404663924
Sample 40: Variance = 0.0
Sample 41: Variance = 0.15229766803840877
Sample 42: Variance = 0.003978052126200276
Sample 43: Variance = 0.07506858710562415
Sample 44: Variance = 0.000308641975308641
Sample 45: Variance = 1.3695501826753678e-32
Sample 46: Variance = 0.0
Sample 47: Variance = 0.0
Sample 48: Variance = 0.0
Sample 49: Variance = 0.003429355281207129
Sample 50: Variance = 1.3695501826753678e-32
Sample 51: Variance = 0.0
Sample 52: Variance = 0.09194101508916323
Sample 53: Variance = 0.05486968449931413
Sample 54: Variance = 0.03844307270233195
Sample 55: Variance = 0.001543209876543209
Sample 56: Variance = 0.0
Sample 57: Variance = 0.0021947873799725627
Sample 58: Variance = 0.10291495198902606
Sample 59: Variance = 0.04513031550068587
Sample 60: Variance = 0.015123456790123453
Sample 61: Variance = 0.0
Sample 62: Variance = 0.0005486968449931417
Sample 63: Variance = 0.0
Sample 64: Variance = 0.02088477366255144
Sample 65: Variance = 0.0012345679012345664
Sample 66: Variance = 0.0
Sample 67: Variance = 0.0
Sample 68: Variance = 0.019341563786008223
Sample 69: Variance = 0.004938271604938271
Sample 70: Variance = 0.01975308641975309
Sample 71: Variance = 0.0005486968449931419
Sample 72: Variance = 0.0014060356652949237
Sample 73: Variance = 1.3695501826753678e-32
Sample 74: Variance = 0.035116598079561044
Sample 75: Variance = 0.03292181069958847
Sample 76: Variance = 0.14897119341563786
Sample 77: Variance = 0.002229080932784634
Sample 78: Variance = 0.0
Sample 79: Variance = 1.3695501826753678e-32
Sample 80: Variance = 0.004938271604938271
Sample 81: Variance = 0.0
Sample 82: Variance = 0.0
Sample 83: Variance = 0.0
Sample 84: Variance = 0.000308641975308641
Sample 85: Variance = 0.0012345679012345674
Sample 86: Variance = 0.0
Sample 87: Variance = 0.0
Sample 88: Variance = 0.0
Sample 89: Variance = 0.0
Sample 90: Variance = 0.0
Sample 91: Variance = 0.02623456790123456
Sample 92: Variance = 1.3695501826753678e-32
Sample 93: Variance = 0.0
Sample 94: Variance = 0.0007201646090534987
Sample 95: Variance = 0.035116598079561044
Sample 96: Variance = 0.0
Sample 97: Variance = 0.0
Sample 98: Variance = 0.004663923182441698
Sample 99: Variance = 0.03511659807956105
Sample 100: Variance = 0.0019204389574759928
Sample 101: Variance = 0.0007201646090534986
Sample 102: Variance = 0.019513031550068588
Sample 103: Variance = 0.0
Sample 104: Variance = 0.000994513031550068
Sample 105: Variance = 0.029526748971193412
Sample 106: Variance = 0.0005486968449931417
Sample 107: Variance = 0.0007201646090534957
Sample 108: Variance = 0.015912208504801094
Sample 109: Variance = 0.0
Sample 110: Variance = 0.0
Sample 111: Variance = 0.00030864197530864105
Sample 112: Variance = 0.022256515775034298
Sample 113: Variance = 0.0
Sample 114: Variance = 0.0008230452674897127
Sample 115: Variance = 0.0
Sample 116: Variance = 0.06450617283950617
Sample 117: Variance = 0.019753086419753086
Sample 118: Variance = 0.0
Sample 119: Variance = 0.0
Sample 120: Variance = 0.003292181069958844
Sample 121: Variance = 0.001508916323731136
Sample 122: Variance = 0.0
Sample 123: Variance = 0.001543209876543209
Sample 124: Variance = 0.006035665294924552
Sample 125: Variance = 0.09958847736625513
Sample 126: Variance = 0.0
Sample 127: Variance = 0.015123456790123458
Sample 128: Variance = 0.01923868312757202
Sample 129: Variance = 0.00030864197530864224
Sample 130: Variance = 0.04444444444444443
Sample 131: Variance = 0.003429355281207129
Sample 132: Variance = 0.046090534979423864
Sample 133: Variance = 0.1551440329218107
Sample 134: Variance = 0.0
Sample 135: Variance = 0.0
Sample 136: Variance = 0.02335390946502057
Sample 137: Variance = 0.019753086419753086
Sample 138: Variance = 1.3695501826753678e-32
Sample 139: Variance = 0.0008230452674897128
Sample 140: Variance = 0.013717421124828533
Sample 141: Variance = 0.004835390946502058
Sample 142: Variance = 0.029115226337448556
Sample 143: Variance = 0.00030864197530864224
Sample 144: Variance = 0.0
Sample 145: Variance = 0.011145404663923181
Sample 146: Variance = 0.03511659807956104
Sample 147: Variance = 0.003429355281207129
Sample 148: Variance = 0.01728395061728395
Sample 149: Variance = 1.3695501826753678e-32
Sample 150: Variance = 0.0
Sample 151: Variance = 0.0027777777777777766
Sample 152: Variance = 0.02966392318244171
Sample 153: Variance = 0.048559670781893
Sample 154: Variance = 0.0
Sample 155: Variance = 0.037757201646090525
Sample 156: Variance = 0.0014060356652949235
Sample 157: Variance = 0.0005486968449931417
Sample 158: Variance = 0.0008230452674897128
Sample 159: Variance = 0.0
Sample 160: Variance = 0.05486968449931413
Sample 161: Variance = 0.0
Sample 162: Variance = 0.0046639231824416975
Sample 163: Variance = 0.0012345679012345664
Sample 164: Variance = 0.0005486968449931419
Sample 165: Variance = 0.026886145404663917
Sample 166: Variance = 0.08919753086419753
Sample 167: Variance = 0.09358710562414264
Sample 168: Variance = 0.0
Sample 169: Variance = 0.0015089163237311377
Sample 170: Variance = 0.046090534979423864
Sample 171: Variance = 0.0
Sample 172: Variance = 0.0007201646090534986
Sample 173: Variance = 0.03621399176954733
Sample 174: Variance = 0.013168724279835389
Sample 175: Variance = 0.15051440329218105
Sample 176: Variance = 0.0005486968449931417
Sample 177: Variance = 0.0
Sample 178: Variance = 0.0
Sample 179: Variance = 0.02139917695473251
Sample 180: Variance = 0.02061042524005487
Sample 181: Variance = 0.000857338820301784
Sample 182: Variance = 0.03511659807956104
Sample 183: Variance = 0.04969135802469135
Sample 184: Variance = 0.0005486968449931397
Sample 185: Variance = 0.0
Sample 186: Variance = 0.04886831275720166
Sample 187: Variance = 0.042386831275720155
Sample 188: Variance = 0.0077160493827160516
Sample 189: Variance = 0.0
Sample 190: Variance = 0.0005486968449931417
Sample 191: Variance = 0.0
Sample 192: Variance = 0.0005486968449931419
Sample 193: Variance = 0.013751714677640602
Sample 194: Variance = 0.009636488340192047
Sample 195: Variance = 0.0
Sample 196: Variance = 0.00030864197530864224
Sample 197: Variance = 1.3695501826753678e-32
Sample 198: Variance = 0.00030864197530864224
Sample 199: Variance = 0.0
Sample 200: Variance = 0.003429355281207129
Sample 201: Variance = 0.0008230452674897127
Sample 202: Variance = 0.0
Sample 203: Variance = 0.0027777777777777766
Sample 204: Variance = 0.0
Sample 205: Variance = 0.00030864197530864224
Sample 206: Variance = 0.0
Sample 207: Variance = 0.020576131687242784
Sample 208: Variance = 0.0
Sample 209: Variance = 0.00030864197530864224
Sample 210: Variance = 0.0021947873799725627
Sample 211: Variance = 1.3695501826753678e-32
Sample 212: Variance = 0.002091906721536348
Sample 213: Variance = 0.0
Sample 214: Variance = 0.0005486968449931397
Sample 215: Variance = 0.0
Sample 216: Variance = 0.0
Sample 217: Variance = 0.07283950617283952
Sample 218: Variance = 0.00030864197530864224
Sample 219: Variance = 0.0
Sample 220: Variance = 0.0
Sample 221: Variance = 0.10593278463648834
Sample 222: Variance = 0.0
Sample 223: Variance = 0.011111111111111112
Sample 224: Variance = 0.011008230452674893
Sample 225: Variance = 0.03117283950617284
Sample 226: Variance = 0.0
Sample 227: Variance = 0.24777091906721532
Sample 228: Variance = 0.004149519890260628
Sample 229: Variance = 0.0
Sample 230: Variance = 0.048045267489711926
Sample 231: Variance = 0.0
Sample 232: Variance = 0.0007201646090534987
Sample 233: Variance = 0.0027777777777777766
Sample 234: Variance = 0.00030864197530864224
Sample 235: Variance = 0.0
Sample 236: Variance = 0.002194787379972563
Sample 237: Variance = 0.0005486968449931419
Sample 238: Variance = 0.0028806584362139885
Sample 239: Variance = 0.02088477366255144
Sample 240: Variance = 0.023868312757201648
Sample 241: Variance = 0.025000000000000005
Sample 242: Variance = 0.0
Sample 243: Variance = 0.07901234567901234
Sample 244: Variance = 0.0007201646090534986
Sample 245: Variance = 0.0012345679012345664
Sample 246: Variance = 0.03460219478737997
Sample 247: Variance = 0.06639231824417009
Sample 248: Variance = 0.0
Sample 249: Variance = 0.0
Sample 250: Variance = 0.0
Sample 251: Variance = 0.05679012345679013
Sample 252: Variance = 0.0012345679012345664
Sample 253: Variance = 0.0
Sample 254: Variance = 3.4238754566884194e-33
Sample 255: Variance = 0.019513031550068588
Sample 256: Variance = 0.0007201646090534987
Sample 257: Variance = 0.0
Sample 258: Variance = 0.0
Sample 259: Variance = 0.0
Sample 260: Variance = 0.034156378600823045
Sample 261: Variance = 0.006893004115226333
Sample 262: Variance = 0.0005486968449931417
Sample 263: Variance = 0.0352880658436214
Sample 264: Variance = 0.15637860082304528
Sample 265: Variance = 0.0019204389574759928
Sample 266: Variance = 0.019513031550068585
Sample 267: Variance = 0.0
Sample 268: Variance = 0.0
Sample 269: Variance = 0.0
Sample 270: Variance = 1.3695501826753678e-32
Sample 271: Variance = 0.08518518518518518
Sample 272: Variance = 0.0077160493827160516
Sample 273: Variance = 0.024691358024691357
Sample 274: Variance = 1.3695501826753678e-32
Sample 275: Variance = 0.07273662551440328
Sample 276: Variance = 0.046090534979423864
Sample 277: Variance = 0.015123456790123453
Sample 278: Variance = 0.000308641975308641
Sample 279: Variance = 0.04101508916323731
Sample 280: Variance = 0.0
Sample 281: Variance = 0.0012345679012345664
Sample 282: Variance = 0.0
Sample 283: Variance = 0.0
Sample 284: Variance = 0.028943758573388205
Sample 285: Variance = 0.024862825788751722
Sample 286: Variance = 0.004252400548696845
Sample 287: Variance = 0.006207133058984907
Sample 288: Variance = 0.0
Sample 289: Variance = 0.0
Sample 290: Variance = 0.05229766803840877
Sample 291: Variance = 0.003292181069958844
Sample 292: Variance = 0.0411522633744856
Sample 293: Variance = 0.052846364883401914
Sample 294: Variance = 1.3695501826753678e-32
Sample 295: Variance = 0.006995884773662554
Sample 296: Variance = 0.0028806584362139915
Sample 297: Variance = 0.0
Sample 298: Variance = 0.08535665294924556
Sample 299: Variance = 0.0
Sample 300: Variance = 0.0
Sample 301: Variance = 0.008539094650205761
Sample 302: Variance = 0.0007201646090534987
Sample 303: Variance = 0.011522633744855966
Sample 304: Variance = 0.01975308641975309
Sample 305: Variance = 0.031035665294924544
Sample 306: Variance = 0.0012345679012345664
Sample 307: Variance = 0.0027777777777777766
Sample 308: Variance = 0.0
Sample 309: Variance = 0.0
Sample 310: Variance = 0.008230452674897117
Sample 311: Variance = 0.0
Sample 312: Variance = 0.08919753086419753
Sample 313: Variance = 0.0007201646090534986
Sample 314: Variance = 0.08919753086419752
Sample 315: Variance = 0.004972565157750342
Sample 316: Variance = 1.3695501826753678e-32
Sample 317: Variance = 0.0008230452674897128
Sample 318: Variance = 0.06666666666666667
Sample 319: Variance = 1.3695501826753678e-32
Sample 320: Variance = 0.17832647462277093
Sample 321: Variance = 0.03552812071330589
Sample 322: Variance = 0.0
Sample 323: Variance = 0.0005486968449931419
Sample 324: Variance = 0.0005486968449931419
Sample 325: Variance = 0.03415637860082304
Sample 326: Variance = 0.0
Sample 327: Variance = 0.015123456790123453
Sample 328: Variance = 0.0036008230452674933
Sample 329: Variance = 0.025000000000000005
Sample 330: Variance = 0.011111111111111113
Sample 331: Variance = 0.044032921810699586
Sample 332: Variance = 1.3695501826753678e-32
Sample 333: Variance = 0.0
Sample 334: Variance = 0.0005486968449931419
Sample 335: Variance = 0.0
Sample 336: Variance = 0.0
Sample 337: Variance = 0.0
Sample 338: Variance = 0.0
Sample 339: Variance = 0.025000000000000005
Sample 340: Variance = 0.0
Sample 341: Variance = 0.0
Sample 342: Variance = 0.0
Sample 343: Variance = 0.053360768175582975
Sample 344: Variance = 1.3695501826753678e-32
Sample 345: Variance = 0.0021947873799725674
Sample 346: Variance = 0.0027777777777777766
Sample 347: Variance = 0.0021947873799725627
Sample 348: Variance = 0.03734567901234567
Sample 349: Variance = 0.0
Sample 350: Variance = 0.05473251028806583
Sample 351: Variance = 0.0015089163237311375
Sample 352: Variance = 0.03981481481481482
Sample 353: Variance = 0.01676954732510288
Sample 354: Variance = 0.2016460905349794
Sample 355: Variance = 0.019067215363511657
Sample 356: Variance = 0.0
Sample 357: Variance = 0.0
Sample 358: Variance = 0.010596707818930039
Sample 359: Variance = 0.0007201646090534986
Sample 360: Variance = 0.0015089163237311358
Sample 361: Variance = 0.0
Sample 362: Variance = 0.1585733882030178
Sample 363: Variance = 0.0
Sample 364: Variance = 0.0
Sample 365: Variance = 0.0
Sample 366: Variance = 1.3695501826753678e-32
Sample 367: Variance = 1.3695501826753678e-32
Sample 368: Variance = 0.0
Sample 369: Variance = 0.0
Sample 370: Variance = 0.12033607681755829
Sample 371: Variance = 0.020610425240054873
Sample 372: Variance = 0.00030864197530864224
Sample 373: Variance = 0.03237311385459534
Sample 374: Variance = 0.01800411522633745
Sample 375: Variance = 0.0
Sample 376: Variance = 0.0
Sample 377: Variance = 0.00030864197530864224
Sample 378: Variance = 1.3695501826753678e-32
Sample 379: Variance = 0.000994513031550067
Sample 380: Variance = 0.00030864197530864224
Sample 381: Variance = 0.0012345679012345664
Sample 382: Variance = 0.0005486968449931396
Sample 383: Variance = 0.0012345679012345664
Sample 384: Variance = 0.0048353909465020575
Sample 385: Variance = 0.04077503429355281
Sample 386: Variance = 0.0
Sample 387: Variance = 0.08810013717421122
Sample 388: Variance = 0.0
Sample 389: Variance = 0.025000000000000005
Sample 390: Variance = 0.028669410150891632
Sample 391: Variance = 0.0005486968449931417
Sample 392: Variance = 0.015123456790123462
Sample 393: Variance = 0.057921810699588475
Sample 394: Variance = 0.000857338820301784
Sample 395: Variance = 0.0005486968449931417
Sample 396: Variance = 0.0008573388203017806
Sample 397: Variance = 0.0015089163237311358
Sample 398: Variance = 0.0021947873799725627
Sample 399: Variance = 0.0
Sample 400: Variance = 0.025925925925925932
Sample 401: Variance = 0.0
Sample 402: Variance = 0.0
Sample 403: Variance = 0.00030864197530864224
Sample 404: Variance = 0.015123456790123453
Sample 405: Variance = 0.004938271604938271
Sample 406: Variance = 0.0012345679012345664
Sample 407: Variance = 0.08919753086419753
Sample 408: Variance = 0.0005486968449931419
Sample 409: Variance = 0.0
Sample 410: Variance = 0.07548010973936899
Sample 411: Variance = 0.0
Sample 412: Variance = 0.0012345679012345692
Sample 413: Variance = 0.0012345679012345666
Sample 414: Variance = 0.001508916323731138
Sample 415: Variance = 0.0
Sample 416: Variance = 0.024999999999999998
Sample 417: Variance = 0.0012345679012345692
Sample 418: Variance = 0.11234567901234567
Sample 419: Variance = 0.0028806584362139885
Sample 420: Variance = 0.08919753086419753
Sample 421: Variance = 0.00030864197530864224
Sample 422: Variance = 0.0
Sample 423: Variance = 0.0
Sample 424: Variance = 0.0
Sample 425: Variance = 0.06752400548696846
Sample 426: Variance = 0.030864197530864192
Sample 427: Variance = 0.004938271604938271
Sample 428: Variance = 0.0008573388203017841
Sample 429: Variance = 0.0
Sample 430: Variance = 1.3695501826753678e-32
Sample 431: Variance = 0.0
Sample 432: Variance = 0.004149519890260629
Sample 433: Variance = 0.0
Sample 434: Variance = 0.0015089163237311375
Sample 435: Variance = 0.05486968449931413
Sample 436: Variance = 0.014574759945130316
Sample 437: Variance = 1.3695501826753678e-32
Sample 438: Variance = 0.000857338820301784
Sample 439: Variance = 0.0008573388203017841
Sample 440: Variance = 0.0008230452674897127
Sample 441: Variance = 0.08381344307270235
Sample 442: Variance = 0.0
Sample 443: Variance = 0.04471879286694102
Sample 444: Variance = 0.0
Sample 445: Variance = 0.0
Sample 446: Variance = 0.0026063100137174184
Sample 447: Variance = 0.003052126200274348
Sample 448: Variance = 0.0
Sample 449: Variance = 0.06049382716049382
Sample 450: Variance = 0.0
Sample 451: Variance = 0.023456790123456788
Sample 452: Variance = 0.0
Sample 453: Variance = 1.3695501826753678e-32
Sample 454: Variance = 0.015123456790123453
Sample 455: Variance = 0.0
Sample 456: Variance = 0.00030864197530864224
Sample 457: Variance = 0.0
Sample 458: Variance = 0.004835390946502063
Sample 459: Variance = 0.0
Sample 460: Variance = 0.0
Sample 461: Variance = 0.0014060356652949241
Sample 462: Variance = 0.0
Sample 463: Variance = 1.3695501826753678e-32
Sample 464: Variance = 0.004938271604938271
Sample 465: Variance = 0.001543209876543209
Sample 466: Variance = 0.03511659807956104
Sample 467: Variance = 0.015123456790123453
Sample 468: Variance = 0.0
Sample 469: Variance = 0.05174897119341563
Sample 470: Variance = 0.04444444444444445
Sample 471: Variance = 0.0012345679012345664
Sample 472: Variance = 0.009053497942386827
Sample 473: Variance = 0.03347050754458161
Sample 474: Variance = 0.0008230452674897128
Sample 475: Variance = 0.0
Sample 476: Variance = 0.009739368998628255
Sample 477: Variance = 0.0
Sample 478: Variance = 0.026371742112482846
Sample 479: Variance = 1.3695501826753678e-32
Sample 480: Variance = 0.1411522633744856
Sample 481: Variance = 0.0
Sample 482: Variance = 0.0
Sample 483: Variance = 0.0
Sample 484: Variance = 0.005521262002743484
Sample 485: Variance = 0.1233196159122085
Sample 486: Variance = 0.028943758573388198
Sample 487: Variance = 0.0012345679012345664
Sample 488: Variance = 0.00030864197530864224
Sample 489: Variance = 0.0
Sample 490: Variance = 0.019753086419753086
Sample 491: Variance = 0.06944444444444443
Sample 492: Variance = 0.0
Sample 493: Variance = 0.0
Sample 494: Variance = 0.0
Sample 495: Variance = 0.05486968449931413
Sample 496: Variance = 0.0021947873799725627
Sample 497: Variance = 0.0
Sample 498: Variance = 0.03048696844993141
Sample 499: Variance = 0.0
Sample 500: Variance = 0.046090534979423864
Sample 501: Variance = 1.3695501826753678e-32
Sample 502: Variance = 0.0005486968449931417
Sample 503: Variance = 1.3695501826753678e-32
Sample 504: Variance = 0.024314128943758572
Sample 505: Variance = 0.036659807956104254
Sample 506: Variance = 0.0
Sample 507: Variance = 0.0857338820301783
Sample 508: Variance = 0.013717421124828537
Sample 509: Variance = 0.0
Sample 510: Variance = 0.0
Sample 511: Variance = 0.002777777777777775
Sample 512: Variance = 0.0
Sample 513: Variance = 0.0008230452674897127
Sample 514: Variance = 0.03734567901234569
Sample 515: Variance = 0.011831275720164612
Sample 516: Variance = 0.0
Sample 517: Variance = 0.02746913580246914
Sample 518: Variance = 0.002880658436213991
Sample 519: Variance = 0.07136488340192042
Sample 520: Variance = 0.0
Sample 521: Variance = 1.3695501826753678e-32
Sample 522: Variance = 0.02469135802469135
Sample 523: Variance = 0.0027777777777777744
Sample 524: Variance = 0.0
Sample 525: Variance = 0.0015089163237311377
Sample 526: Variance = 0.0014060356652949237
Sample 527: Variance = 0.0
Sample 528: Variance = 0.0
Sample 529: Variance = 0.03566529492455418
Sample 530: Variance = 0.0007201646090534986
Sample 531: Variance = 0.004938271604938271
Sample 532: Variance = 0.00030864197530864224
Sample 533: Variance = 0.0
Sample 534: Variance = 0.00030864197530864224
Sample 535: Variance = 0.0
Sample 536: Variance = 0.015123456790123455
Sample 537: Variance = 0.015123456790123453
Sample 538: Variance = 0.00030864197530864224
Sample 539: Variance = 0.0
Sample 540: Variance = 0.0037379972565157755
Sample 541: Variance = 0.035116598079561044
Sample 542: Variance = 0.0012345679012345668
Sample 543: Variance = 0.08919753086419753
Sample 544: Variance = 0.0
Sample 545: Variance = 0.0013717421124828544
Sample 546: Variance = 0.0
Sample 547: Variance = 0.07067901234567901
Sample 548: Variance = 0.0005486968449931419
Sample 549: Variance = 0.0
Sample 550: Variance = 0.04032921810699589
Sample 551: Variance = 0.0014060356652949258
Sample 552: Variance = 0.035116598079561044
Sample 553: Variance = 0.026886145404663917
Sample 554: Variance = 0.0
Sample 555: Variance = 0.019753086419753086
Sample 556: Variance = 0.03511659807956104
Sample 557: Variance = 0.0
Sample 558: Variance = 0.000994513031550069
Sample 559: Variance = 0.0005486968449931417
Sample 560: Variance = 0.0007201646090534987
Sample 561: Variance = 0.0008230452674897127
Sample 562: Variance = 0.0
Sample 563: Variance = 0.1288065843621399
Sample 564: Variance = 0.0005486968449931397
Sample 565: Variance = 0.0012345679012345664
Sample 566: Variance = 0.0
Sample 567: Variance = 0.03185871056241426
Sample 568: Variance = 0.0
Sample 569: Variance = 0.02815500685871056
Sample 570: Variance = 3.4238754566884194e-33
Sample 571: Variance = 0.00030864197530864105
Sample 572: Variance = 0.0012345679012345674
Sample 573: Variance = 0.12019890260631
Sample 574: Variance = 0.046090534979423864
Sample 575: Variance = 0.022085048010973933
Sample 576: Variance = 0.040329218106995884
Sample 577: Variance = 0.022496570644718786
Sample 578: Variance = 0.0
Sample 579: Variance = 0.00030864197530864105
Sample 580: Variance = 0.0
Sample 581: Variance = 0.019513031550068588
Sample 582: Variance = 0.02349108367626886
Sample 583: Variance = 0.03048696844993142
Sample 584: Variance = 0.0021947873799725627
Sample 585: Variance = 0.0026063100137174184
Sample 586: Variance = 0.011522633744855966
Sample 587: Variance = 0.0
Sample 588: Variance = 0.00030864197530864224
Sample 589: Variance = 0.025000000000000005
Sample 590: Variance = 0.0
Sample 591: Variance = 0.0
Sample 592: Variance = 0.003292181069958844
Sample 593: Variance = 0.015123456790123453
Sample 594: Variance = 0.0005486968449931396
Sample 595: Variance = 0.0
Sample 596: Variance = 0.0
Sample 597: Variance = 0.02592592592592592
Sample 598: Variance = 0.0
Sample 599: Variance = 0.13954046639231826
Sample 600: Variance = 0.0
Sample 601: Variance = 0.0
Sample 602: Variance = 0.0008230452674897127
Sample 603: Variance = 0.0027777777777777766
Sample 604: Variance = 0.0
Sample 605: Variance = 0.0
Sample 606: Variance = 0.015123456790123453
Sample 607: Variance = 0.019753086419753086
Sample 608: Variance = 0.046090534979423864
Sample 609: Variance = 0.00030864197530864224
Sample 610: Variance = 0.0
Sample 611: Variance = 0.0
Sample 612: Variance = 0.0
Sample 613: Variance = 0.052846364883401935
Sample 614: Variance = 0.08919753086419753
Sample 615: Variance = 0.0
Sample 616: Variance = 0.0007201646090534987
Sample 617: Variance = 0.030315500685871064
Sample 618: Variance = 0.0
Sample 619: Variance = 0.0
Sample 620: Variance = 0.09410150891632371
Sample 621: Variance = 0.0
Sample 622: Variance = 0.019753086419753083
Sample 623: Variance = 0.0
Sample 624: Variance = 0.00030864197530864224
Sample 625: Variance = 0.0008573388203017841
Sample 626: Variance = 0.035116598079561044
Sample 627: Variance = 0.0
Sample 628: Variance = 0.0015089163237311377
Sample 629: Variance = 0.04032921810699588
Sample 630: Variance = 0.055178326474622785
Sample 631: Variance = 0.0012345679012345664
Sample 632: Variance = 0.0014060356652949237
Sample 633: Variance = 0.09468449931412896
Sample 634: Variance = 0.0
Sample 635: Variance = 0.03021262002743484
Sample 636: Variance = 0.019753086419753083
Sample 637: Variance = 0.017146776406035666
Sample 638: Variance = 0.057064471879286684
Sample 639: Variance = 0.019513031550068588
Sample 640: Variance = 0.04008916323731139
Sample 641: Variance = 0.0
Sample 642: Variance = 0.0
Sample 643: Variance = 1.3695501826753678e-32
Sample 644: Variance = 0.0008230452674897127
Sample 645: Variance = 0.0
Sample 646: Variance = 0.0
Sample 647: Variance = 0.00030864197530864224
Sample 648: Variance = 0.0
Sample 649: Variance = 0.019753086419753083
Sample 650: Variance = 1.3695501826753678e-32
Sample 651: Variance = 0.035013717421124836
Sample 652: Variance = 0.05353223593964335
Sample 653: Variance = 0.0
Sample 654: Variance = 0.011111111111111113
Sample 655: Variance = 0.0
Sample 656: Variance = 0.030864197530864192
Sample 657: Variance = 0.0
Sample 658: Variance = 0.000308641975308641
Sample 659: Variance = 0.0008573388203017841
Sample 660: Variance = 0.0
Sample 661: Variance = 0.05486968449931412
Sample 662: Variance = 0.00030864197530864224
Sample 663: Variance = 0.0
Sample 664: Variance = 0.02592592592592592
Sample 665: Variance = 0.12812071330589847
Sample 666: Variance = 0.011111111111111112
Sample 667: Variance = 0.001234567901234569
Sample 668: Variance = 0.0
Sample 669: Variance = 0.0
Sample 670: Variance = 0.0012345679012345664
Sample 671: Variance = 0.0008230452674897127
Sample 672: Variance = 0.034327846364883396
Sample 673: Variance = 0.0
Sample 674: Variance = 0.004938271604938271
Sample 675: Variance = 0.14046639231824418
Sample 676: Variance = 0.0
Sample 677: Variance = 0.0021947873799725627
Sample 678: Variance = 0.0
Sample 679: Variance = 0.03223593964334705
Sample 680: Variance = 0.0008230452674897128
Sample 681: Variance = 0.026886145404663917
Sample 682: Variance = 0.0
Sample 683: Variance = 0.0
Sample 684: Variance = 0.00030864197530864224
Sample 685: Variance = 0.24777091906721532
Sample 686: Variance = 0.0
Sample 687: Variance = 0.0
Sample 688: Variance = 0.0027777777777777766
Sample 689: Variance = 0.00030864197530864224
Sample 690: Variance = 0.000308641975308641
Sample 691: Variance = 0.0
Sample 692: Variance = 0.0
Sample 693: Variance = 0.0
Sample 694: Variance = 1.3695501826753678e-32
Sample 695: Variance = 0.00030864197530864224
Sample 696: Variance = 0.030898491083676274
Sample 697: Variance = 0.0
Sample 698: Variance = 0.019753086419753086
Sample 699: Variance = 0.014026063100137173
Sample 700: Variance = 1.3695501826753678e-32
Sample 701: Variance = 3.4238754566884194e-33
Sample 702: Variance = 0.0007201646090534987
Sample 703: Variance = 0.0006858710562414258
Sample 704: Variance = 0.09962277091906721
Sample 705: Variance = 0.014711934156378599
Sample 706: Variance = 0.046090534979423864
Sample 707: Variance = 0.0012345679012345666
Sample 708: Variance = 0.0007201646090534986
Sample 709: Variance = 0.000994513031550067
Sample 710: Variance = 0.047325102880658436
Sample 711: Variance = 0.0008573388203017807
Sample 712: Variance = 0.0
Sample 713: Variance = 0.07438271604938271
Sample 714: Variance = 0.0
Sample 715: Variance = 1.3695501826753678e-32
Sample 716: Variance = 1.3695501826753678e-32
Sample 717: Variance = 0.0005486968449931397
Sample 718: Variance = 0.052674897119341556
Sample 719: Variance = 0.015809327846364882
Sample 720: Variance = 0.0021947873799725627
Sample 721: Variance = 0.0
Sample 722: Variance = 0.0014060356652949241
Sample 723: Variance = 0.1585733882030178
Sample 724: Variance = 0.015397805212620028
Sample 725: Variance = 0.01975308641975309
Sample 726: Variance = 0.019753086419753086
Sample 727: Variance = 0.044718792866941005
Sample 728: Variance = 0.013580246913580245
Sample 729: Variance = 0.0008573388203017841
Sample 730: Variance = 0.0
Sample 731: Variance = 0.0
Sample 732: Variance = 0.019204389574759943
Sample 733: Variance = 0.0
Sample 734: Variance = 0.002880658436213989
Sample 735: Variance = 0.0
Sample 736: Variance = 0.000308641975308641
Sample 737: Variance = 0.1045610425240055
Sample 738: Variance = 0.017283950617283945
Sample 739: Variance = 0.08919753086419753
Sample 740: Variance = 0.01975308641975309
Sample 741: Variance = 0.00030864197530864224
Sample 742: Variance = 0.0027777777777777766
Sample 743: Variance = 0.0
Sample 744: Variance = 0.0039780521262002735
Sample 745: Variance = 0.00030864197530864224
Sample 746: Variance = 0.00030864197530864224
Sample 747: Variance = 0.0
Sample 748: Variance = 0.0
Sample 749: Variance = 0.011111111111111112
Sample 750: Variance = 0.0
Sample 751: Variance = 0.0
Sample 752: Variance = 0.052674897119341556
Sample 753: Variance = 0.0
Sample 754: Variance = 0.015123456790123453
Sample 755: Variance = 0.000994513031550068
Sample 756: Variance = 0.0005486968449931419
Sample 757: Variance = 0.006481481481481487
Sample 758: Variance = 0.046639231824417
Sample 759: Variance = 0.019513031550068588
Sample 760: Variance = 0.052674897119341556
Sample 761: Variance = 1.3695501826753678e-32
Sample 762: Variance = 0.00150891632373114
Sample 763: Variance = 0.0
Sample 764: Variance = 0.0012345679012345664
Sample 765: Variance = 0.0
Sample 766: Variance = 0.025925925925925932
Sample 767: Variance = 0.0014060356652949224
Sample 768: Variance = 0.0012345679012345664
Sample 769: Variance = 0.0
Sample 770: Variance = 0.024999999999999994
Sample 771: Variance = 0.0
Sample 772: Variance = 0.0
Sample 773: Variance = 0.014403292181069956
Sample 774: Variance = 0.000308641975308641
Sample 775: Variance = 0.11851851851851854
Sample 776: Variance = 0.0
Sample 777: Variance = 0.003292181069958844
Sample 778: Variance = 0.04609053497942387
Sample 779: Variance = 0.0
Sample 780: Variance = 0.011522633744855966
Sample 781: Variance = 0.0
Sample 782: Variance = 0.019753086419753086
Sample 783: Variance = 0.035116598079561044
Sample 784: Variance = 0.0027777777777777766
Sample 785: Variance = 0.024691358024691357
Sample 786: Variance = 0.0
Sample 787: Variance = 0.0005486968449931417
Sample 788: Variance = 0.043209876543209874
Sample 789: Variance = 0.0
Sample 790: Variance = 0.006035665294924551
Sample 791: Variance = 0.0
Sample 792: Variance = 0.0110082304526749
Sample 793: Variance = 0.003978052126200272
Sample 794: Variance = 0.019753086419753086
Sample 795: Variance = 0.00030864197530864224
Sample 796: Variance = 0.0021947873799725627
Sample 797: Variance = 0.0
Sample 798: Variance = 0.028257887517146783
Sample 799: Variance = 0.01183127572016461
Sample 800: Variance = 0.0
Sample 801: Variance = 0.0
Sample 802: Variance = 0.0
Sample 803: Variance = 0.019341563786008223
Sample 804: Variance = 0.00030864197530864105
Sample 805: Variance = 0.0
Sample 806: Variance = 0.07901234567901234
Sample 807: Variance = 1.3695501826753678e-32
Sample 808: Variance = 0.0
Sample 809: Variance = 0.0
Sample 810: Variance = 0.0008230452674897127
Sample 811: Variance = 0.0
Sample 812: Variance = 0.025000000000000005
Sample 813: Variance = 0.005658436213991767
Sample 814: Variance = 0.046090534979423864
Sample 815: Variance = 0.0
Sample 816: Variance = 0.0
Sample 817: Variance = 0.0
Sample 818: Variance = 0.0
Sample 819: Variance = 0.0
Sample 820: Variance = 0.02592592592592592
Sample 821: Variance = 0.1872770919067215
Sample 822: Variance = 0.03734567901234567
Sample 823: Variance = 0.0008230452674897127
Sample 824: Variance = 1.3695501826753678e-32
Sample 825: Variance = 0.0008230452674897127
Sample 826: Variance = 0.06913580246913581
Sample 827: Variance = 0.002194787379972563
Sample 828: Variance = 0.00150891632373114
Sample 829: Variance = 0.0
Sample 830: Variance = 0.0
Sample 831: Variance = 0.029355281207133044
Sample 832: Variance = 0.014951989026063098
Sample 833: Variance = 0.08919753086419753
Sample 834: Variance = 0.019753086419753086
Sample 835: Variance = 0.05655006858710562
Sample 836: Variance = 0.0
Sample 837: Variance = 0.0005486968449931419
Sample 838: Variance = 0.0021947873799725627
Sample 839: Variance = 0.03048696844993141
Sample 840: Variance = 0.00493827160493827
Sample 841: Variance = 0.003463648834019201
Sample 842: Variance = 0.00277777777777778
Sample 843: Variance = 1.3695501826753678e-32
Sample 844: Variance = 0.0
Sample 845: Variance = 0.011111111111111112
Sample 846: Variance = 1.3695501826753678e-32
Sample 847: Variance = 0.025514403292181062
Sample 848: Variance = 0.0
Sample 849: Variance = 0.03909465020576131
Sample 850: Variance = 0.03648834019204389
Sample 851: Variance = 0.00030864197530864224
Sample 852: Variance = 0.00030864197530864105
Sample 853: Variance = 0.006481481481481479
Sample 854: Variance = 0.0
Sample 855: Variance = 0.0
Sample 856: Variance = 0.004972565157750342
Sample 857: Variance = 0.0
Sample 858: Variance = 0.0005486968449931419
Sample 859: Variance = 0.05267489711934157
Sample 860: Variance = 1.3695501826753678e-32
Sample 861: Variance = 0.0
Sample 862: Variance = 0.03305898491083676
Sample 863: Variance = 0.00030864197530864105
Sample 864: Variance = 0.025925925925925932
Sample 865: Variance = 0.0
Sample 866: Variance = 0.0
Sample 867: Variance = 0.0005486968449931397
Sample 868: Variance = 0.0
Sample 869: Variance = 0.0
Sample 870: Variance = 0.02962962962962963
Sample 871: Variance = 0.0
Sample 872: Variance = 0.02592592592592593
Sample 873: Variance = 0.07712620027434841
Sample 874: Variance = 0.0
Sample 875: Variance = 0.0
Sample 876: Variance = 0.00030864197530864224
Sample 877: Variance = 0.0008230452674897128
Sample 878: Variance = 0.0
Sample 879: Variance = 0.035116598079561044
Sample 880: Variance = 0.01975308641975309
Sample 881: Variance = 0.0
Sample 882: Variance = 0.0782235939643347
Sample 883: Variance = 0.0
Sample 884: Variance = 0.0
Sample 885: Variance = 0.0
Sample 886: Variance = 0.0005486968449931419
Sample 887: Variance = 0.0
Sample 888: Variance = 0.00030864197530864224
Sample 889: Variance = 0.0
Sample 890: Variance = 0.0
Sample 891: Variance = 1.3695501826753678e-32
Sample 892: Variance = 0.0012345679012345668
Sample 893: Variance = 0.0008230452674897094
Sample 894: Variance = 0.000308641975308641
Sample 895: Variance = 0.048319615912208506
Sample 896: Variance = 0.0
Sample 897: Variance = 0.0
Sample 898: Variance = 0.02623456790123456
Sample 899: Variance = 0.0509259259259259
Sample 900: Variance = 0.00030864197530864224
Sample 901: Variance = 0.011522633744855966
Sample 902: Variance = 0.0
Sample 903: Variance = 0.006035665294924555
Sample 904: Variance = 0.0007201646090534987
Sample 905: Variance = 0.019753086419753086
Sample 906: Variance = 0.0
Sample 907: Variance = 0.046090534979423864
Sample 908: Variance = 0.019753086419753083
Sample 909: Variance = 0.015637860082304524
Sample 910: Variance = 0.0392318244170096
Sample 911: Variance = 0.00030864197530864224
Sample 912: Variance = 0.036385459533607674
Sample 913: Variance = 0.0005486968449931417
Sample 914: Variance = 0.0
Sample 915: Variance = 0.03734567901234567
Sample 916: Variance = 0.025514403292181072
Sample 917: Variance = 0.012654320987654316
Sample 918: Variance = 1.3695501826753678e-32
Sample 919: Variance = 0.015775034293552814
Sample 920: Variance = 0.0
Sample 921: Variance = 0.0
Sample 922: Variance = 0.023353909465020577
Sample 923: Variance = 1.3695501826753678e-32
Sample 924: Variance = 0.00030864197530864224
Sample 925: Variance = 0.11604938271604937
Sample 926: Variance = 0.045987654320987656
Sample 927: Variance = 0.0007201646090534987
Sample 928: Variance = 0.033641975308641964
Sample 929: Variance = 0.026886145404663917
Sample 930: Variance = 0.2081275720164609
Sample 931: Variance = 0.0
Sample 932: Variance = 0.07393689986282578
Sample 933: Variance = 0.0
Sample 934: Variance = 0.024691358024691364
Sample 935: Variance = 0.004938271604938271
Sample 936: Variance = 0.00030864197530864224
Sample 937: Variance = 0.0
Sample 938: Variance = 0.0
Sample 939: Variance = 0.0
Sample 940: Variance = 0.0
Sample 941: Variance = 0.019753086419753086
Sample 942: Variance = 0.0
Sample 943: Variance = 0.04187242798353909
Sample 944: Variance = 0.0
Sample 945: Variance = 0.0
Sample 946: Variance = 0.0
Sample 947: Variance = 0.08919753086419753
Sample 948: Variance = 0.0
Sample 949: Variance = 0.00030864197530864224
Sample 950: Variance = 0.0
Sample 951: Variance = 0.0012345679012345664
Sample 952: Variance = 0.040329218106995884
Sample 953: Variance = 0.0
Sample 954: Variance = 0.0
Sample 955: Variance = 0.0014060356652949224
Sample 956: Variance = 0.0
Sample 957: Variance = 0.0027777777777777766
Sample 958: Variance = 0.03501371742112482
Sample 959: Variance = 0.0
Sample 960: Variance = 0.029115226337448563
Sample 961: Variance = 0.015123456790123458
Sample 962: Variance = 0.005795610425240052
Sample 963: Variance = 0.0
Sample 964: Variance = 0.040089163237311376
Sample 965: Variance = 0.0
Sample 966: Variance = 0.002743484224965703
Sample 967: Variance = 0.0015089163237311377
Sample 968: Variance = 0.0027777777777777766
Sample 969: Variance = 0.1337448559670782
Sample 970: Variance = 0.03648834019204388
Sample 971: Variance = 0.08919753086419753
Sample 972: Variance = 0.0
Sample 973: Variance = 0.021296296296296296
Sample 974: Variance = 0.02277091906721537
Sample 975: Variance = 0.0012345679012345692
Sample 976: Variance = 0.055006858710562406
Sample 977: Variance = 0.04951989026063099
Sample 978: Variance = 0.0
Sample 979: Variance = 0.0
Sample 980: Variance = 0.0
Sample 981: Variance = 0.0014060356652949237
Sample 982: Variance = 0.00877914951989026
Sample 983: Variance = 0.00030864197530864105
Sample 984: Variance = 0.0
Sample 985: Variance = 0.014711934156378599
Sample 986: Variance = 0.019753086419753086
Sample 987: Variance = 0.0
Sample 988: Variance = 0.0005486968449931397
Sample 989: Variance = 0.0
Sample 990: Variance = 0.00030864197530864224
Sample 991: Variance = 0.01800411522633744
Sample 992: Variance = 0.05061728395061728
Sample 993: Variance = 0.06296296296296296

=== Overall Variance ===
Overall Variance of Recall Variances: 0.0009884666397877583
