=== Recall Variances ===
Sample 0: Variance = 0.029629629629629624
Sample 1: Variance = 0.016769547325102885
Sample 2: Variance = 0.0
Sample 3: Variance = 0.0027777777777777783
Sample 4: Variance = 0.06296296296296296
Sample 5: Variance = 0.0005486968449931417
Sample 6: Variance = 1.3695501826753678e-32
Sample 7: Variance = 0.08316186556927298
Sample 8: Variance = 0.0020576131687242817
Sample 9: Variance = 0.0005486968449931397
Sample 10: Variance = 0.00030864197530864224
Sample 11: Variance = 0.0
Sample 12: Variance = 0.0
Sample 13: Variance = 0.013065843621399183
Sample 14: Variance = 0.00895061728395062
Sample 15: Variance = 0.019753086419753093
Sample 16: Variance = 0.0
Sample 17: Variance = 1.3695501826753678e-32
Sample 18: Variance = 0.002194787379972565
Sample 19: Variance = 0.011694101508916324
Sample 20: Variance = 0.04444444444444443
Sample 21: Variance = 0.022942386831275727
Sample 22: Variance = 0.002880658436213989
Sample 23: Variance = 0.0
Sample 24: Variance = 0.0003086419753086423
Sample 25: Variance = 0.0
Sample 26: Variance = 0.0
Sample 27: Variance = 1.3695501826753678e-32
Sample 28: Variance = 0.0008230452674897127
Sample 29: Variance = 0.0032921810699588472
Sample 30: Variance = 0.0005486968449931417
Sample 31: Variance = 0.018381344307270227
Sample 32: Variance = 0.0077160493827160516
Sample 33: Variance = 0.0
Sample 34: Variance = 1.3695501826753678e-32
Sample 35: Variance = 0.0003086419753086423
Sample 36: Variance = 0.09958847736625516
Sample 37: Variance = 0.0
Sample 38: Variance = 0.0
Sample 39: Variance = 0.0
Sample 40: Variance = 0.015912208504801094
Sample 41: Variance = 0.02935528120713305
Sample 42: Variance = 0.004938271604938271
Sample 43: Variance = 0.0
Sample 44: Variance = 0.0
Sample 45: Variance = 1.3695501826753678e-32
Sample 46: Variance = 0.0
Sample 47: Variance = 0.08398491083676268
Sample 48: Variance = 0.019753086419753086
Sample 49: Variance = 0.003292181069958844
Sample 50: Variance = 0.0027777777777777766
Sample 51: Variance = 0.0
Sample 52: Variance = 0.005624142661179697
Sample 53: Variance = 0.014951989026063102
Sample 54: Variance = 0.00493827160493827
Sample 55: Variance = 0.0
Sample 56: Variance = 0.000308641975308641
Sample 57: Variance = 0.00030864197530864224
Sample 58: Variance = 0.022668038408779144
Sample 59: Variance = 0.0
Sample 60: Variance = 0.0
Sample 61: Variance = 0.0
Sample 62: Variance = 0.0005486968449931417
Sample 63: Variance = 0.00030864197530864224
Sample 64: Variance = 0.058333333333333334
Sample 65: Variance = 0.21608367626886146
Sample 66: Variance = 0.0
Sample 67: Variance = 0.0
Sample 68: Variance = 0.0
Sample 69: Variance = 0.0034293552812071364
Sample 70: Variance = 0.015397805212620028
Sample 71: Variance = 0.012654320987654314
Sample 72: Variance = 0.04444444444444443
Sample 73: Variance = 0.0
Sample 74: Variance = 0.041152263374485604
Sample 75: Variance = 0.046090534979423864
Sample 76: Variance = 0.00030864197530864224
Sample 77: Variance = 0.0008573388203017807
Sample 78: Variance = 0.0005486968449931419
Sample 79: Variance = 0.0
Sample 80: Variance = 0.0012345679012345666
Sample 81: Variance = 0.0
Sample 82: Variance = 0.012208504801097394
Sample 83: Variance = 0.039917695473251025
Sample 84: Variance = 0.0
Sample 85: Variance = 0.000994513031550067
Sample 86: Variance = 0.03528806584362139
Sample 87: Variance = 0.03158436213991769
Sample 88: Variance = 0.0
Sample 89: Variance = 0.04444444444444445
Sample 90: Variance = 0.0
Sample 91: Variance = 0.019753086419753083
Sample 92: Variance = 0.0008573388203017841
Sample 93: Variance = 0.0
Sample 94: Variance = 0.013717421124828533
Sample 95: Variance = 0.0007201646090534986
Sample 96: Variance = 1.3695501826753678e-32
Sample 97: Variance = 0.0
Sample 98: Variance = 0.002606310013717418
Sample 99: Variance = 0.0
Sample 100: Variance = 0.0
Sample 101: Variance = 0.00030864197530864224
Sample 102: Variance = 0.03597393689986282
Sample 103: Variance = 3.4238754566884194e-33
Sample 104: Variance = 0.0
Sample 105: Variance = 3.4238754566884194e-33
Sample 106: Variance = 0.0007201646090534986
Sample 107: Variance = 0.016769547325102885
Sample 108: Variance = 1.3695501826753678e-32
Sample 109: Variance = 0.00030864197530864224
Sample 110: Variance = 0.0003086419753086423
Sample 111: Variance = 0.0005486968449931417
Sample 112: Variance = 0.032544581618655685
Sample 113: Variance = 0.0
Sample 114: Variance = 1.3695501826753678e-32
Sample 115: Variance = 0.0
Sample 116: Variance = 0.025000000000000005
Sample 117: Variance = 0.025000000000000005
Sample 118: Variance = 0.05833333333333332
Sample 119: Variance = 0.000308641975308641
Sample 120: Variance = 0.003292181069958844
Sample 121: Variance = 0.002229080932784638
Sample 122: Variance = 0.0028806584362139885
Sample 123: Variance = 0.0
Sample 124: Variance = 0.0
Sample 125: Variance = 0.14540466392318244
Sample 126: Variance = 0.0
Sample 127: Variance = 0.030864197530864192
Sample 128: Variance = 0.0
Sample 129: Variance = 0.00030864197530864224
Sample 130: Variance = 0.00030864197530864105
Sample 131: Variance = 0.0012345679012345664
Sample 132: Variance = 0.019753086419753083
Sample 133: Variance = 0.0028806584362139885
Sample 134: Variance = 0.007407407407407404
Sample 135: Variance = 0.01975308641975309
Sample 136: Variance = 0.0
Sample 137: Variance = 0.019753086419753086
Sample 138: Variance = 1.3695501826753678e-32
Sample 139: Variance = 0.000308641975308641
Sample 140: Variance = 0.0
Sample 141: Variance = 0.015123456790123455
Sample 142: Variance = 0.03309327846364884
Sample 143: Variance = 1.3695501826753678e-32
Sample 144: Variance = 0.0
Sample 145: Variance = 0.0
Sample 146: Variance = 0.046090534979423864
Sample 147: Variance = 0.0012345679012345692
Sample 148: Variance = 0.026097393689986287
Sample 149: Variance = 0.021433470507544582
Sample 150: Variance = 0.0012345679012345668
Sample 151: Variance = 0.026886145404663924
Sample 152: Variance = 0.0
Sample 153: Variance = 0.004938271604938271
Sample 154: Variance = 0.019753086419753083
Sample 155: Variance = 0.011111111111111112
Sample 156: Variance = 0.002777777777777777
Sample 157: Variance = 0.0005486968449931397
Sample 158: Variance = 0.15418381344307272
Sample 159: Variance = 0.0
Sample 160: Variance = 0.0008230452674897127
Sample 161: Variance = 0.0044238683127572
Sample 162: Variance = 0.0005486968449931397
Sample 163: Variance = 0.025000000000000005
Sample 164: Variance = 0.0
Sample 165: Variance = 0.1276063100137174
Sample 166: Variance = 0.0
Sample 167: Variance = 0.011111111111111113
Sample 168: Variance = 0.0
Sample 169: Variance = 0.21069958847736625
Sample 170: Variance = 0.00030864197530864105
Sample 171: Variance = 0.0
Sample 172: Variance = 0.0008230452674897128
Sample 173: Variance = 0.04471879286694102
Sample 174: Variance = 0.0015089163237311362
Sample 175: Variance = 0.04732510288065843
Sample 176: Variance = 0.017181069958847734
Sample 177: Variance = 0.0
Sample 178: Variance = 0.012208504801097392
Sample 179: Variance = 0.019513031550068595
Sample 180: Variance = 0.010836762688614538
Sample 181: Variance = 0.0007201646090534987
Sample 182: Variance = 0.00493827160493827
Sample 183: Variance = 0.0
Sample 184: Variance = 0.0005486968449931396
Sample 185: Variance = 0.0
Sample 186: Variance = 0.016598079561042523
Sample 187: Variance = 0.06639231824417012
Sample 188: Variance = 0.015123456790123455
Sample 189: Variance = 0.0
Sample 190: Variance = 0.000308641975308641
Sample 191: Variance = 0.002229080932784634
Sample 192: Variance = 0.018004115226337443
Sample 193: Variance = 0.0035665294924554156
Sample 194: Variance = 0.0003086419753086423
Sample 195: Variance = 0.0
Sample 196: Variance = 0.025925925925925932
Sample 197: Variance = 0.06666666666666668
Sample 198: Variance = 1.3695501826753678e-32
Sample 199: Variance = 0.0
Sample 200: Variance = 0.005349794238683126
Sample 201: Variance = 0.0008230452674897127
Sample 202: Variance = 0.028806584362139915
Sample 203: Variance = 0.0019204389574759963
Sample 204: Variance = 0.0
Sample 205: Variance = 0.0
Sample 206: Variance = 0.0
Sample 207: Variance = 0.0
Sample 208: Variance = 0.0
Sample 209: Variance = 0.006481481481481487
Sample 210: Variance = 0.0012345679012345664
Sample 211: Variance = 0.0
Sample 212: Variance = 0.0352880658436214
Sample 213: Variance = 0.019753086419753093
Sample 214: Variance = 0.0005486968449931417
Sample 215: Variance = 0.0005486968449931419
Sample 216: Variance = 0.0821673525377229
Sample 217: Variance = 0.027469135802469142
Sample 218: Variance = 1.3695501826753678e-32
Sample 219: Variance = 0.05174897119341563
Sample 220: Variance = 0.00030864197530864224
Sample 221: Variance = 0.007716049382716046
Sample 222: Variance = 0.0
Sample 223: Variance = 0.002229080932784634
Sample 224: Variance = 0.0005486968449931396
Sample 225: Variance = 0.0015432098765432072
Sample 226: Variance = 0.01989026063100137
Sample 227: Variance = 0.07901234567901234
Sample 228: Variance = 0.004663923182441698
Sample 229: Variance = 0.0012345679012345664
Sample 230: Variance = 1.3695501826753678e-32
Sample 231: Variance = 0.06450617283950617
Sample 232: Variance = 0.0030521262002743458
Sample 233: Variance = 0.0014060356652949226
Sample 234: Variance = 0.0012345679012345657
Sample 235: Variance = 0.0
Sample 236: Variance = 0.014951989026063102
Sample 237: Variance = 0.0
Sample 238: Variance = 0.0028806584362139885
Sample 239: Variance = 0.03528806584362141
Sample 240: Variance = 0.013717421124828533
Sample 241: Variance = 0.01800411522633745
Sample 242: Variance = 0.0
Sample 243: Variance = 0.013717421124828526
Sample 244: Variance = 0.016598079561042527
Sample 245: Variance = 0.022256515775034298
Sample 246: Variance = 0.019753086419753086
Sample 247: Variance = 0.019513031550068585
Sample 248: Variance = 1.3695501826753678e-32
Sample 249: Variance = 0.10370370370370373
Sample 250: Variance = 0.00877914951989026
Sample 251: Variance = 0.018004115226337446
Sample 252: Variance = 0.0
Sample 253: Variance = 0.0
Sample 254: Variance = 0.02139917695473251
Sample 255: Variance = 0.025
Sample 256: Variance = 0.0
Sample 257: Variance = 0.0
Sample 258: Variance = 0.0
Sample 259: Variance = 0.0
Sample 260: Variance = 0.0
Sample 261: Variance = 0.003600823045267487
Sample 262: Variance = 0.00853909465020576
Sample 263: Variance = 0.0
Sample 264: Variance = 0.0077160493827160516
Sample 265: Variance = 0.0027777777777777783
Sample 266: Variance = 0.058607681755829893
Sample 267: Variance = 0.07901234567901234
Sample 268: Variance = 1.3695501826753678e-32
Sample 269: Variance = 0.0
Sample 270: Variance = 0.011111111111111113
Sample 271: Variance = 0.03621399176954733
Sample 272: Variance = 0.0
Sample 273: Variance = 0.02431412894375857
Sample 274: Variance = 0.02500000000000001
Sample 275: Variance = 0.011694101508916326
Sample 276: Variance = 0.0
Sample 277: Variance = 0.025000000000000005
Sample 278: Variance = 1.3695501826753678e-32
Sample 279: Variance = 0.002880658436213989
Sample 280: Variance = 0.07832647462277093
Sample 281: Variance = 0.0
Sample 282: Variance = 1.3695501826753678e-32
Sample 283: Variance = 0.001406035665294924
Sample 284: Variance = 0.0403292181069959
Sample 285: Variance = 0.0006858710562414266
Sample 286: Variance = 0.0012345679012345668
Sample 287: Variance = 0.01316872427983539
Sample 288: Variance = 0.011111111111111112
Sample 289: Variance = 0.0
Sample 290: Variance = 0.0
Sample 291: Variance = 0.0028806584362139885
Sample 292: Variance = 0.0007201646090534986
Sample 293: Variance = 0.005624142661179698
Sample 294: Variance = 0.04032921810699587
Sample 295: Variance = 0.0007201646090534971
Sample 296: Variance = 0.0028806584362139885
Sample 297: Variance = 0.00030864197530864224
Sample 298: Variance = 1.3695501826753678e-32
Sample 299: Variance = 1.3695501826753678e-32
Sample 300: Variance = 0.011111111111111112
Sample 301: Variance = 0.019753086419753086
Sample 302: Variance = 0.00030864197530864105
Sample 303: Variance = 0.011522633744855966
Sample 304: Variance = 0.0
Sample 305: Variance = 0.0012345679012345664
Sample 306: Variance = 0.014403292181069961
Sample 307: Variance = 0.0
Sample 308: Variance = 0.0
Sample 309: Variance = 0.0005486968449931417
Sample 310: Variance = 0.0077160493827160455
Sample 311: Variance = 0.01426611796982167
Sample 312: Variance = 0.0
Sample 313: Variance = 0.030864197530864192
Sample 314: Variance = 0.0
Sample 315: Variance = 0.05679012345679012
Sample 316: Variance = 0.09958847736625516
Sample 317: Variance = 0.0
Sample 318: Variance = 0.03511659807956104
Sample 319: Variance = 1.3695501826753678e-32
Sample 320: Variance = 0.006995884773662557
Sample 321: Variance = 0.03552812071330589
Sample 322: Variance = 0.0041495198902606325
Sample 323: Variance = 0.015809327846364886
Sample 324: Variance = 0.0014060356652949224
Sample 325: Variance = 0.03775720164609053
Sample 326: Variance = 0.0
Sample 327: Variance = 0.011111111111111113
Sample 328: Variance = 0.029115226337448556
Sample 329: Variance = 0.0003086419753086423
Sample 330: Variance = 0.0008573388203017841
Sample 331: Variance = 0.0006858710562414258
Sample 332: Variance = 0.0
Sample 333: Variance = 0.0
Sample 334: Variance = 0.005109739368998628
Sample 335: Variance = 0.028943758573388198
Sample 336: Variance = 0.019753086419753086
Sample 337: Variance = 0.025000000000000005
Sample 338: Variance = 0.0
Sample 339: Variance = 0.0027777777777777783
Sample 340: Variance = 1.3695501826753678e-32
Sample 341: Variance = 0.00030864197530864105
Sample 342: Variance = 0.0
Sample 343: Variance = 0.005795610425240053
Sample 344: Variance = 1.3695501826753678e-32
Sample 345: Variance = 0.03981481481481482
Sample 346: Variance = 0.046090534979423864
Sample 347: Variance = 0.015123456790123455
Sample 348: Variance = 0.0056241426611796964
Sample 349: Variance = 0.0
Sample 350: Variance = 0.007167352537722908
Sample 351: Variance = 0.023353909465020577
Sample 352: Variance = 0.00030864197530864224
Sample 353: Variance = 0.01676954732510288
Sample 354: Variance = 0.20812757201646087
Sample 355: Variance = 0.019238683127572015
Sample 356: Variance = 0.0
Sample 357: Variance = 0.0
Sample 358: Variance = 0.0
Sample 359: Variance = 0.00030864197530864105
Sample 360: Variance = 1.3695501826753678e-32
Sample 361: Variance = 0.0
Sample 362: Variance = 0.19290123456790126
Sample 363: Variance = 0.003292181069958844
Sample 364: Variance = 0.0
Sample 365: Variance = 0.0
Sample 366: Variance = 0.06944444444444445
Sample 367: Variance = 0.00277777777777778
Sample 368: Variance = 0.0
Sample 369: Variance = 0.1585733882030178
Sample 370: Variance = 0.011008230452674897
Sample 371: Variance = 3.4238754566884194e-33
Sample 372: Variance = 0.0005486968449931419
Sample 373: Variance = 0.05106310013717421
Sample 374: Variance = 0.03981481481481482
Sample 375: Variance = 0.0007201646090534986
Sample 376: Variance = 0.024691358024691353
Sample 377: Variance = 0.011008230452674895
Sample 378: Variance = 1.3695501826753678e-32
Sample 379: Variance = 0.016083676268861456
Sample 380: Variance = 0.0
Sample 381: Variance = 0.044718792866941
Sample 382: Variance = 0.0014060356652949224
Sample 383: Variance = 0.0012345679012345664
Sample 384: Variance = 0.0014060356652949248
Sample 385: Variance = 0.019753086419753086
Sample 386: Variance = 0.0
Sample 387: Variance = 0.18864883401920435
Sample 388: Variance = 0.0
Sample 389: Variance = 0.0012345679012345668
Sample 390: Variance = 0.00030864197530864224
Sample 391: Variance = 0.00030864197530864224
Sample 392: Variance = 0.00030864197530864224
Sample 393: Variance = 0.00030864197530864224
Sample 394: Variance = 0.028155006858710554
Sample 395: Variance = 0.0
Sample 396: Variance = 0.0
Sample 397: Variance = 0.0006858710562414258
Sample 398: Variance = 0.0012345679012345664
Sample 399: Variance = 0.0
Sample 400: Variance = 0.00030864197530864224
Sample 401: Variance = 0.0
Sample 402: Variance = 0.0
Sample 403: Variance = 0.019753086419753086
Sample 404: Variance = 1.3695501826753678e-32
Sample 405: Variance = 0.0
Sample 406: Variance = 0.019513031550068588
Sample 407: Variance = 0.0012345679012345664
Sample 408: Variance = 1.3695501826753678e-32
Sample 409: Variance = 0.0
Sample 410: Variance = 0.07078189300411522
Sample 411: Variance = 0.0012345679012345677
Sample 412: Variance = 0.0
Sample 413: Variance = 0.0
Sample 414: Variance = 0.0007201646090534987
Sample 415: Variance = 0.0008573388203017841
Sample 416: Variance = 0.0325445816186557
Sample 417: Variance = 0.000308641975308641
Sample 418: Variance = 0.02911522633744857
Sample 419: Variance = 0.0
Sample 420: Variance = 0.0
Sample 421: Variance = 0.022770919067215366
Sample 422: Variance = 0.0
Sample 423: Variance = 0.041700960219478736
Sample 424: Variance = 0.035116598079561044
Sample 425: Variance = 0.014951989026063102
Sample 426: Variance = 0.030864197530864192
Sample 427: Variance = 0.0
Sample 428: Variance = 0.011111111111111112
Sample 429: Variance = 0.0
Sample 430: Variance = 0.035288065843621395
Sample 431: Variance = 0.0028806584362139915
Sample 432: Variance = 0.0030521262002743466
Sample 433: Variance = 0.0
Sample 434: Variance = 0.024691358024691357
Sample 435: Variance = 0.046090534979423864
Sample 436: Variance = 0.028257887517146783
Sample 437: Variance = 0.035288065843621395
Sample 438: Variance = 1.3695501826753678e-32
Sample 439: Variance = 0.0014060356652949241
Sample 440: Variance = 0.11234567901234567
Sample 441: Variance = 0.014951989026063098
Sample 442: Variance = 0.0015089163237311356
Sample 443: Variance = 0.017283950617283952
Sample 444: Variance = 0.031035665294924544
Sample 445: Variance = 0.03223593964334706
Sample 446: Variance = 1.3695501826753678e-32
Sample 447: Variance = 0.0
Sample 448: Variance = 0.0
Sample 449: Variance = 0.0
Sample 450: Variance = 0.026886145404663917
Sample 451: Variance = 0.0
Sample 452: Variance = 1.3695501826753678e-32
Sample 453: Variance = 0.03278463648834019
Sample 454: Variance = 1.3695501826753678e-32
Sample 455: Variance = 0.0
Sample 456: Variance = 0.0
Sample 457: Variance = 0.0
Sample 458: Variance = 0.012517146776406037
Sample 459: Variance = 0.0
Sample 460: Variance = 0.0
Sample 461: Variance = 1.3695501826753678e-32
Sample 462: Variance = 0.0
Sample 463: Variance = 1.3695501826753678e-32
Sample 464: Variance = 0.0
Sample 465: Variance = 0.06189986282578874
Sample 466: Variance = 0.0
Sample 467: Variance = 0.00030864197530864224
Sample 468: Variance = 0.0008230452674897128
Sample 469: Variance = 0.06944444444444445
Sample 470: Variance = 0.0
Sample 471: Variance = 0.0
Sample 472: Variance = 0.011522633744855966
Sample 473: Variance = 0.0008230452674897128
Sample 474: Variance = 0.0
Sample 475: Variance = 0.0
Sample 476: Variance = 0.0
Sample 477: Variance = 0.0007201646090534986
Sample 478: Variance = 0.00030864197530864105
Sample 479: Variance = 0.0
Sample 480: Variance = 0.00030864197530864224
Sample 481: Variance = 0.025000000000000005
Sample 482: Variance = 0.0008230452674897128
Sample 483: Variance = 0.0
Sample 484: Variance = 0.02208504801097394
Sample 485: Variance = 0.012208504801097392
Sample 486: Variance = 0.024999999999999998
Sample 487: Variance = 0.0
Sample 488: Variance = 0.0
Sample 489: Variance = 0.0
Sample 490: Variance = 0.008916323731138546
Sample 491: Variance = 0.06820987654320987
Sample 492: Variance = 0.0
Sample 493: Variance = 0.00030864197530864224
Sample 494: Variance = 3.4238754566884194e-33
Sample 495: Variance = 0.0005486968449931417
Sample 496: Variance = 0.0021947873799725627
Sample 497: Variance = 0.0
Sample 498: Variance = 0.002194787379972563
Sample 499: Variance = 1.3695501826753678e-32
Sample 500: Variance = 0.0020576131687242804
Sample 501: Variance = 1.3695501826753678e-32
Sample 502: Variance = 0.0008230452674897128
Sample 503: Variance = 1.3695501826753678e-32
Sample 504: Variance = 0.023868312757201644
Sample 505: Variance = 0.041460905349794235
Sample 506: Variance = 0.013065843621399169
Sample 507: Variance = 0.022256515775034295
Sample 508: Variance = 0.026886145404663924
Sample 509: Variance = 0.0
Sample 510: Variance = 1.3695501826753678e-32
Sample 511: Variance = 0.00030864197530864105
Sample 512: Variance = 0.0008230452674897094
Sample 513: Variance = 0.0008230452674897128
Sample 514: Variance = 0.07901234567901234
Sample 515: Variance = 0.0012345679012345677
Sample 516: Variance = 0.0003086419753086423
Sample 517: Variance = 0.0
Sample 518: Variance = 1.3695501826753678e-32
Sample 519: Variance = 0.04444444444444443
Sample 520: Variance = 0.04444444444444446
Sample 521: Variance = 0.00030864197530864105
Sample 522: Variance = 0.1063443072702332
Sample 523: Variance = 0.06944444444444445
Sample 524: Variance = 0.0
Sample 525: Variance = 0.0021947873799725627
Sample 526: Variance = 0.058333333333333334
Sample 527: Variance = 0.019753086419753093
Sample 528: Variance = 0.0
Sample 529: Variance = 0.0
Sample 530: Variance = 0.01786694101508916
Sample 531: Variance = 0.005349794238683124
Sample 532: Variance = 0.002194787379972563
Sample 533: Variance = 0.0
Sample 534: Variance = 0.025925925925925925
Sample 535: Variance = 0.0
Sample 536: Variance = 0.0077160493827160516
Sample 537: Variance = 0.023353909465020577
Sample 538: Variance = 0.0
Sample 539: Variance = 0.0
Sample 540: Variance = 1.3695501826753678e-32
Sample 541: Variance = 0.0186556927297668
Sample 542: Variance = 0.0009945130315500669
Sample 543: Variance = 0.0
Sample 544: Variance = 0.002194787379972563
Sample 545: Variance = 0.0
Sample 546: Variance = 0.0
Sample 547: Variance = 0.052674897119341556
Sample 548: Variance = 0.0005486968449931396
Sample 549: Variance = 0.0
Sample 550: Variance = 0.0003086419753086423
Sample 551: Variance = 0.044444444444444446
Sample 552: Variance = 0.0
Sample 553: Variance = 1.3695501826753678e-32
Sample 554: Variance = 0.0
Sample 555: Variance = 0.019753086419753086
Sample 556: Variance = 0.026886145404663917
Sample 557: Variance = 0.019753086419753093
Sample 558: Variance = 3.4238754566884194e-33
Sample 559: Variance = 0.0005486968449931408
Sample 560: Variance = 0.00030864197530864224
Sample 561: Variance = 0.0
Sample 562: Variance = 0.0
Sample 563: Variance = 0.06944444444444445
Sample 564: Variance = 0.0
Sample 565: Variance = 0.09221536351165982
Sample 566: Variance = 0.0
Sample 567: Variance = 0.0014060356652949235
Sample 568: Variance = 0.0
Sample 569: Variance = 0.03511659807956105
Sample 570: Variance = 3.4238754566884194e-33
Sample 571: Variance = 0.011111111111111108
Sample 572: Variance = 0.000994513031550067
Sample 573: Variance = 0.02335390946502058
Sample 574: Variance = 0.0
Sample 575: Variance = 0.04444444444444446
Sample 576: Variance = 0.014951989026063104
Sample 577: Variance = 0.02592592592592592
Sample 578: Variance = 0.15325788751714675
Sample 579: Variance = 0.0
Sample 580: Variance = 0.0
Sample 581: Variance = 0.0
Sample 582: Variance = 0.0679355281207133
Sample 583: Variance = 0.11800411522633743
Sample 584: Variance = 1.3695501826753678e-32
Sample 585: Variance = 0.0005486968449931397
Sample 586: Variance = 0.002194787379972565
Sample 587: Variance = 0.006893004115226338
Sample 588: Variance = 1.3695501826753678e-32
Sample 589: Variance = 0.0
Sample 590: Variance = 0.08055555555555555
Sample 591: Variance = 0.0
Sample 592: Variance = 0.0
Sample 593: Variance = 0.0005486968449931397
Sample 594: Variance = 0.0
Sample 595: Variance = 0.0
Sample 596: Variance = 0.0
Sample 597: Variance = 0.004835390946502062
Sample 598: Variance = 0.0
Sample 599: Variance = 0.0
Sample 600: Variance = 0.0027777777777777766
Sample 601: Variance = 0.0
Sample 602: Variance = 0.05198902606310012
Sample 603: Variance = 0.00493827160493827
Sample 604: Variance = 0.000308641975308641
Sample 605: Variance = 0.0005486968449931417
Sample 606: Variance = 0.015123456790123453
Sample 607: Variance = 0.0
Sample 608: Variance = 1.3695501826753678e-32
Sample 609: Variance = 0.0
Sample 610: Variance = 1.3695501826753678e-32
Sample 611: Variance = 0.0
Sample 612: Variance = 0.011111111111111112
Sample 613: Variance = 0.0008573388203017806
Sample 614: Variance = 0.0
Sample 615: Variance = 0.05106310013717422
Sample 616: Variance = 1.3695501826753678e-32
Sample 617: Variance = 0.015123456790123462
Sample 618: Variance = 0.06803840877914952
Sample 619: Variance = 0.0
Sample 620: Variance = 0.0
Sample 621: Variance = 0.0
Sample 622: Variance = 1.3695501826753678e-32
Sample 623: Variance = 0.0
Sample 624: Variance = 0.00030864197530864105
Sample 625: Variance = 1.3695501826753678e-32
Sample 626: Variance = 0.019753086419753086
Sample 627: Variance = 0.012482853223593965
Sample 628: Variance = 0.0005486968449931397
Sample 629: Variance = 0.04200960219478737
Sample 630: Variance = 0.0003086419753086423
Sample 631: Variance = 0.0012345679012345664
Sample 632: Variance = 0.0021947873799725627
Sample 633: Variance = 0.02884087791495199
Sample 634: Variance = 0.0012345679012345664
Sample 635: Variance = 0.02403978052126201
Sample 636: Variance = 0.04969135802469135
Sample 637: Variance = 0.004423868312757202
Sample 638: Variance = 0.023628257887517143
Sample 639: Variance = 0.00030864197530864224
Sample 640: Variance = 3.4238754566884194e-33
Sample 641: Variance = 0.0
Sample 642: Variance = 0.0
Sample 643: Variance = 1.3695501826753678e-32
Sample 644: Variance = 0.0023662551440329204
Sample 645: Variance = 0.0
Sample 646: Variance = 0.00030864197530864224
Sample 647: Variance = 0.13786008230452676
Sample 648: Variance = 0.0
Sample 649: Variance = 0.02194787379972565
Sample 650: Variance = 0.0
Sample 651: Variance = 0.05833333333333335
Sample 652: Variance = 0.007578875171467765
Sample 653: Variance = 0.000994513031550067
Sample 654: Variance = 0.0
Sample 655: Variance = 0.0
Sample 656: Variance = 0.0015089163237311358
Sample 657: Variance = 0.0
Sample 658: Variance = 0.00030864197530864224
Sample 659: Variance = 0.0008230452674897127
Sample 660: Variance = 0.0
Sample 661: Variance = 0.030864197530864192
Sample 662: Variance = 0.0
Sample 663: Variance = 0.00030864197530864224
Sample 664: Variance = 0.0012345679012345677
Sample 665: Variance = 0.015123456790123453
Sample 666: Variance = 0.0
Sample 667: Variance = 0.0308641975308642
Sample 668: Variance = 0.0
Sample 669: Variance = 0.0
Sample 670: Variance = 0.0
Sample 671: Variance = 0.014951989026063098
Sample 672: Variance = 0.04444444444444445
Sample 673: Variance = 0.0
Sample 674: Variance = 0.0028806584362139885
Sample 675: Variance = 1.3695501826753678e-32
Sample 676: Variance = 0.010836762688614537
Sample 677: Variance = 0.019753086419753083
Sample 678: Variance = 0.0
Sample 679: Variance = 0.02746913580246914
Sample 680: Variance = 0.011111111111111113
Sample 681: Variance = 0.0
Sample 682: Variance = 0.0
Sample 683: Variance = 0.07956104252400549
Sample 684: Variance = 0.023868312757201644
Sample 685: Variance = 0.0
Sample 686: Variance = 0.05792181069958849
Sample 687: Variance = 0.0
Sample 688: Variance = 0.012482853223593958
Sample 689: Variance = 0.0
Sample 690: Variance = 0.0
Sample 691: Variance = 0.0
Sample 692: Variance = 0.0060356652949245535
Sample 693: Variance = 0.0
Sample 694: Variance = 0.014951989026063104
Sample 695: Variance = 0.0005486968449931406
Sample 696: Variance = 0.011111111111111112
Sample 697: Variance = 0.0
Sample 698: Variance = 0.026886145404663917
Sample 699: Variance = 0.022942386831275714
Sample 700: Variance = 0.0
Sample 701: Variance = 0.030349794238683128
Sample 702: Variance = 0.0005486968449931419
Sample 703: Variance = 0.0
Sample 704: Variance = 0.01306584362139918
Sample 705: Variance = 0.06327160493827161
Sample 706: Variance = 0.0
Sample 707: Variance = 0.025925925925925932
Sample 708: Variance = 0.0
Sample 709: Variance = 0.000994513031550067
Sample 710: Variance = 0.05555555555555555
Sample 711: Variance = 0.03991769547325104
Sample 712: Variance = 0.0
Sample 713: Variance = 0.0
Sample 714: Variance = 0.04444444444444443
Sample 715: Variance = 0.0
Sample 716: Variance = 0.0666666666666667
Sample 717: Variance = 0.05833333333333332
Sample 718: Variance = 0.0
Sample 719: Variance = 0.04060356652949246
Sample 720: Variance = 0.0028806584362139885
Sample 721: Variance = 0.0
Sample 722: Variance = 0.0
Sample 723: Variance = 0.00030864197530864224
Sample 724: Variance = 0.015809327846364886
Sample 725: Variance = 0.00030864197530864164
Sample 726: Variance = 0.025000000000000005
Sample 727: Variance = 0.09413580246913582
Sample 728: Variance = 0.002194787379972565
Sample 729: Variance = 0.028155006858710568
Sample 730: Variance = 0.0
Sample 731: Variance = 0.0
Sample 732: Variance = 0.0003086419753086423
Sample 733: Variance = 0.0
Sample 734: Variance = 0.016769547325102878
Sample 735: Variance = 0.00030864197530864224
Sample 736: Variance = 0.000308641975308641
Sample 737: Variance = 0.06450617283950616
Sample 738: Variance = 0.032544581618655685
Sample 739: Variance = 0.0008230452674897127
Sample 740: Variance = 0.0
Sample 741: Variance = 1.3695501826753678e-32
Sample 742: Variance = 0.0005486968449931397
Sample 743: Variance = 0.0012345679012345664
Sample 744: Variance = 0.00030864197530864105
Sample 745: Variance = 0.0
Sample 746: Variance = 1.3695501826753678e-32
Sample 747: Variance = 0.0008230452674897128
Sample 748: Variance = 0.0
Sample 749: Variance = 0.0
Sample 750: Variance = 1.3695501826753678e-32
Sample 751: Variance = 0.006035665294924554
Sample 752: Variance = 0.04530178326474624
Sample 753: Variance = 0.030212620027434838
Sample 754: Variance = 1.3695501826753678e-32
Sample 755: Variance = 0.018552812071330586
Sample 756: Variance = 0.0007201646090534957
Sample 757: Variance = 0.00277777777777778
Sample 758: Variance = 0.04032921810699588
Sample 759: Variance = 1.3695501826753678e-32
Sample 760: Variance = 0.019753086419753083
Sample 761: Variance = 0.0
Sample 762: Variance = 0.03528806584362141
Sample 763: Variance = 0.0007201646090534986
Sample 764: Variance = 0.0027777777777777766
Sample 765: Variance = 0.0
Sample 766: Variance = 0.0
Sample 767: Variance = 1.3695501826753678e-32
Sample 768: Variance = 0.0
Sample 769: Variance = 0.0
Sample 770: Variance = 1.3695501826753678e-32
Sample 771: Variance = 0.00877914951989026
Sample 772: Variance = 0.0
Sample 773: Variance = 0.026371742112482856
Sample 774: Variance = 0.0012345679012345677
Sample 775: Variance = 0.0012345679012345677
Sample 776: Variance = 0.0
Sample 777: Variance = 0.0
Sample 778: Variance = 0.0
Sample 779: Variance = 0.015123456790123453
Sample 780: Variance = 0.0007201646090534986
Sample 781: Variance = 0.0
Sample 782: Variance = 0.002194787379972563
Sample 783: Variance = 0.03103566529492455
Sample 784: Variance = 0.0
Sample 785: Variance = 0.0
Sample 786: Variance = 0.0
Sample 787: Variance = 0.0007201646090534986
Sample 788: Variance = 0.0773662551440329
Sample 789: Variance = 0.0
Sample 790: Variance = 0.0056241426611796964
Sample 791: Variance = 0.0
Sample 792: Variance = 0.0
Sample 793: Variance = 0.06039094650205761
Sample 794: Variance = 0.01989026063100137
Sample 795: Variance = 1.3695501826753678e-32
Sample 796: Variance = 0.0007201646090534957
Sample 797: Variance = 0.01975308641975309
Sample 798: Variance = 0.0
Sample 799: Variance = 0.0
Sample 800: Variance = 0.10370370370370371
Sample 801: Variance = 0.004423868312757206
Sample 802: Variance = 0.0
Sample 803: Variance = 0.029801097393689992
Sample 804: Variance = 0.0
Sample 805: Variance = 0.0
Sample 806: Variance = 0.05421810699588478
Sample 807: Variance = 0.0006858710562414258
Sample 808: Variance = 0.07438271604938274
Sample 809: Variance = 0.0
Sample 810: Variance = 0.11742112482853223
Sample 811: Variance = 0.00030864197530864164
Sample 812: Variance = 0.0
Sample 813: Variance = 0.0035665294924554208
Sample 814: Variance = 0.0005486968449931397
Sample 815: Variance = 0.002880658436213989
Sample 816: Variance = 0.033744855967078186
Sample 817: Variance = 0.0
Sample 818: Variance = 0.0
Sample 819: Variance = 0.0
Sample 820: Variance = 0.0016803840877914966
Sample 821: Variance = 0.2378600823045267
Sample 822: Variance = 0.004938271604938272
Sample 823: Variance = 3.4238754566884194e-33
Sample 824: Variance = 0.015123456790123453
Sample 825: Variance = 0.1797325102880658
Sample 826: Variance = 0.025925925925925932
Sample 827: Variance = 0.023868312757201644
Sample 828: Variance = 0.0
Sample 829: Variance = 0.011111111111111108
Sample 830: Variance = 0.1308641975308642
Sample 831: Variance = 0.0007201646090534986
Sample 832: Variance = 0.0
Sample 833: Variance = 0.17026748971193417
Sample 834: Variance = 0.046090534979423864
Sample 835: Variance = 0.0
Sample 836: Variance = 0.025000000000000005
Sample 837: Variance = 0.0003086419753086423
Sample 838: Variance = 0.044444444444444446
Sample 839: Variance = 0.025240054869684496
Sample 840: Variance = 0.002743484224965705
Sample 841: Variance = 0.0
Sample 842: Variance = 0.0
Sample 843: Variance = 1.3695501826753678e-32
Sample 844: Variance = 0.0
Sample 845: Variance = 0.00030864197530864224
Sample 846: Variance = 0.10565843621399175
Sample 847: Variance = 0.029629629629629634
Sample 848: Variance = 0.06666666666666668
Sample 849: Variance = 0.02962962962962963
Sample 850: Variance = 3.4238754566884194e-33
Sample 851: Variance = 1.3695501826753678e-32
Sample 852: Variance = 0.0077160493827160455
Sample 853: Variance = 0.0
Sample 854: Variance = 0.0
Sample 855: Variance = 0.0
Sample 856: Variance = 0.0014060356652949224
Sample 857: Variance = 0.0005486968449931417
Sample 858: Variance = 0.0005486968449931419
Sample 859: Variance = 0.0008230452674897127
Sample 860: Variance = 0.005624142661179699
Sample 861: Variance = 0.019753086419753083
Sample 862: Variance = 0.07369684499314129
Sample 863: Variance = 0.018689986282578872
Sample 864: Variance = 0.0
Sample 865: Variance = 0.01676954732510288
Sample 866: Variance = 0.03227023319615913
Sample 867: Variance = 0.0
Sample 868: Variance = 0.0
Sample 869: Variance = 0.0
Sample 870: Variance = 0.0029149519890260657
Sample 871: Variance = 0.0
Sample 872: Variance = 0.008264746227709188
Sample 873: Variance = 0.0
Sample 874: Variance = 0.0
Sample 875: Variance = 0.003292181069958847
Sample 876: Variance = 0.02403978052126201
Sample 877: Variance = 0.0
Sample 878: Variance = 0.0
Sample 879: Variance = 0.0
Sample 880: Variance = 0.0012345679012345692
Sample 881: Variance = 0.0008230452674897127
Sample 882: Variance = 0.003978052126200275
Sample 883: Variance = 0.0
Sample 884: Variance = 0.015123456790123453
Sample 885: Variance = 1.3695501826753678e-32
Sample 886: Variance = 0.03652263374485597
Sample 887: Variance = 0.0
Sample 888: Variance = 0.006481481481481482
Sample 889: Variance = 0.0
Sample 890: Variance = 0.0
Sample 891: Variance = 1.3695501826753678e-32
Sample 892: Variance = 0.00030864197530864224
Sample 893: Variance = 0.02088477366255144
Sample 894: Variance = 0.1075445816186557
Sample 895: Variance = 0.06844993141289438
Sample 896: Variance = 0.0
Sample 897: Variance = 0.0012345679012345664
Sample 898: Variance = 0.01923868312757202
Sample 899: Variance = 0.0005486968449931407
Sample 900: Variance = 0.00030864197530864224
Sample 901: Variance = 0.03597393689986282
Sample 902: Variance = 0.01316872427983539
Sample 903: Variance = 0.0027777777777777757
Sample 904: Variance = 0.0005486968449931397
Sample 905: Variance = 0.0
Sample 906: Variance = 1.3695501826753678e-32
Sample 907: Variance = 0.03580246913580248
Sample 908: Variance = 0.0
Sample 909: Variance = 0.01728395061728395
Sample 910: Variance = 0.00030864197530864224
Sample 911: Variance = 0.00030864197530864105
Sample 912: Variance = 0.06666666666666667
Sample 913: Variance = 0.14046639231824415
Sample 914: Variance = 0.0
Sample 915: Variance = 0.00877914951989026
Sample 916: Variance = 0.0355281207133059
Sample 917: Variance = 0.020610425240054873
Sample 918: Variance = 0.011111111111111108
Sample 919: Variance = 1.3695501826753678e-32
Sample 920: Variance = 0.002194787379972563
Sample 921: Variance = 0.0
Sample 922: Variance = 0.0003086419753086423
Sample 923: Variance = 0.01975308641975309
Sample 924: Variance = 0.015809327846364886
Sample 925: Variance = 0.000308641975308641
Sample 926: Variance = 0.025925925925925932
Sample 927: Variance = 0.0
Sample 928: Variance = 1.3695501826753678e-32
Sample 929: Variance = 0.0
Sample 930: Variance = 0.06913580246913581
Sample 931: Variance = 0.0005486968449931397
Sample 932: Variance = 0.026097393689986276
Sample 933: Variance = 0.0
Sample 934: Variance = 0.06944444444444445
Sample 935: Variance = 0.0015089163237311382
Sample 936: Variance = 1.3695501826753678e-32
Sample 937: Variance = 0.000308641975308641
Sample 938: Variance = 0.0023662551440329213
Sample 939: Variance = 0.0
Sample 940: Variance = 1.3695501826753678e-32
Sample 941: Variance = 0.0008230452674897127
Sample 942: Variance = 1.3695501826753678e-32
Sample 943: Variance = 0.0
Sample 944: Variance = 0.011522633744855966
Sample 945: Variance = 0.015123456790123453
Sample 946: Variance = 0.0
Sample 947: Variance = 0.1585733882030178
Sample 948: Variance = 0.1577846364883402
Sample 949: Variance = 0.025000000000000005
Sample 950: Variance = 0.01975308641975309
Sample 951: Variance = 0.04255829903978051
Sample 952: Variance = 0.015123456790123458
Sample 953: Variance = 0.0
Sample 954: Variance = 0.052160493827160495
Sample 955: Variance = 0.0
Sample 956: Variance = 0.0
Sample 957: Variance = 0.0
Sample 958: Variance = 0.035116598079561044
Sample 959: Variance = 0.0005486968449931397
Sample 960: Variance = 0.01975308641975309
Sample 961: Variance = 0.0
Sample 962: Variance = 0.01128257887517147
Sample 963: Variance = 0.0102880658436214
Sample 964: Variance = 0.06944444444444445
Sample 965: Variance = 0.00030864197530864224
Sample 966: Variance = 0.0014060356652949224
Sample 967: Variance = 0.0
Sample 968: Variance = 0.00030864197530864105
Sample 969: Variance = 0.06944444444444445
Sample 970: Variance = 0.04128943758573388
Sample 971: Variance = 0.08919753086419753
Sample 972: Variance = 0.0
Sample 973: Variance = 0.0
Sample 974: Variance = 0.0
Sample 975: Variance = 0.015123456790123462
Sample 976: Variance = 0.01649519890260631
Sample 977: Variance = 0.03511659807956104
Sample 978: Variance = 0.00030864197530864224
Sample 979: Variance = 0.0
Sample 980: Variance = 0.003429355281207129
Sample 981: Variance = 0.0
Sample 982: Variance = 0.00771604938271605
Sample 983: Variance = 0.007681755829903976
Sample 984: Variance = 0.001406035665294924
Sample 985: Variance = 0.011111111111111112
Sample 986: Variance = 0.019753086419753086
Sample 987: Variance = 0.00030864197530864224
Sample 988: Variance = 0.0
Sample 989: Variance = 0.06049382716049382
Sample 990: Variance = 0.06944444444444445
Sample 991: Variance = 0.12674897119341563
Sample 992: Variance = 0.035116598079561044
Sample 993: Variance = 0.058333333333333334

=== Overall Variance ===
Overall Variance of Recall Variances: 0.0009049770752709612
